Log file open, 12/04/23 22:09:07
LogWindows: Failed to load 'aqProf.dll' (GetLastError=126)
LogWindows: File 'aqProf.dll' does not exist
LogWindows: Failed to load 'VtuneApi.dll' (GetLastError=126)
LogWindows: File 'VtuneApi.dll' does not exist
LogWindows: Failed to load 'VtuneApi32e.dll' (GetLastError=126)
LogWindows: File 'VtuneApi32e.dll' does not exist
LogConsoleResponse: Display: Failed to find resolution value strings in scalability ini. Falling back to default.
LogConsoleResponse: Display: Failed to find resolution value strings in scalability ini. Falling back to default.
LogInit: Display: Running engine for game: OpenWorldMap
LogPlatformFile: Not using cached read wrapper
LogTaskGraph: Started task graph with 5 named threads and 35 total threads with 3 sets of task threads.
LogStats: Stats thread started at 0.351338
LogICUInternationalization: ICU TimeZone Detection - Raw Offset: +8:00, Platform Override: ''
LogInit: Display: Loading text-based GConfig....
LogPluginManager: Mounting plugin MeshPainting
LogPluginManager: Mounting plugin XGEController
LogPluginManager: Mounting plugin Paper2D
LogPluginManager: Mounting plugin LightPropagationVolume
LogPluginManager: Mounting plugin LiveLink
LogPluginManager: Mounting plugin AISupport
LogPluginManager: Mounting plugin EnvironmentQueryEditor
LogPluginManager: Mounting plugin GameplayCameras
LogPluginManager: Mounting plugin CameraShakePreviewer
LogPluginManager: Mounting plugin OodleData
LogPluginManager: Mounting plugin OodleNetwork
LogPluginManager: Mounting plugin AnimationSharing
LogPluginManager: Mounting plugin CodeLiteSourceCodeAccess
LogPluginManager: Mounting plugin CLionSourceCodeAccess
LogPluginManager: Mounting plugin GitSourceControl
LogPluginManager: Mounting plugin KDevelopSourceCodeAccess
LogPluginManager: Mounting plugin NullSourceCodeAccess
LogPluginManager: Mounting plugin PerforceSourceControl
LogPluginManager: Mounting plugin PixWinPlugin
LogPluginManager: Mounting plugin PlasticSourceControl
LogPluginManager: Mounting plugin PropertyAccessNode
LogPluginManager: Mounting plugin SubversionSourceControl
LogPluginManager: Mounting plugin TextureFormatOodle
LogPluginManager: Mounting plugin UObjectPlugin
LogPluginManager: Mounting plugin RiderSourceCodeAccess
LogPluginManager: Mounting plugin PluginUtils
LogPluginManager: Mounting plugin VisualStudioCodeSourceCodeAccess
LogPluginManager: Mounting plugin VisualStudioSourceCodeAccess
LogPluginManager: Mounting plugin XCodeSourceCodeAccess
LogPluginManager: Mounting plugin DatasmithContent
LogPluginManager: Mounting plugin AlembicImporter
LogPluginManager: Mounting plugin VariantManagerContent
LogPluginManager: Mounting plugin BackChannel
LogPluginManager: Mounting plugin ChaosClothEditor
LogPluginManager: Mounting plugin ChaosCloth
LogPluginManager: Mounting plugin ChaosEditor
LogPluginManager: Mounting plugin ChaosSolverPlugin
LogPluginManager: Mounting plugin Niagara
LogPluginManager: Mounting plugin ChaosNiagara
LogPluginManager: Mounting plugin AutomationUtils
LogPluginManager: Mounting plugin CharacterAI
LogPluginManager: Mounting plugin GeometryCache
LogPluginManager: Mounting plugin LuminPlatformFeatures
LogPluginManager: Mounting plugin MagicLeap
LogPluginManager: Mounting plugin GeometryCollectionPlugin
LogPluginManager: Mounting plugin GeometryProcessing
LogPluginManager: Mounting plugin Landmass
LogPluginManager: Mounting plugin MagicLeapLightEstimation
LogPluginManager: Mounting plugin MagicLeapMedia
LogPluginManager: Mounting plugin OpenImageDenoise
LogPluginManager: Mounting plugin MagicLeapPassableWorld
LogPluginManager: Mounting plugin ProxyLODPlugin
LogPluginManager: Mounting plugin MLSDK
LogPluginManager: Mounting plugin PlanarCut
LogPluginManager: Mounting plugin MotoSynth
LogPluginManager: Mounting plugin PythonScriptPlugin
LogPluginManager: Mounting plugin AssetManagerEditor
LogPluginManager: Mounting plugin PlatformCrypto
LogPluginManager: Mounting plugin BlueprintMaterialTextureNodes
LogPluginManager: Mounting plugin CryptoKeys
LogPluginManager: Mounting plugin DataValidation
LogPluginManager: Mounting plugin FacialAnimation
LogPluginManager: Mounting plugin CurveEditorTools
LogPluginManager: Mounting plugin GameplayTagsEditor
LogPluginManager: Mounting plugin GeometryMode
LogPluginManager: Mounting plugin MacGraphicsSwitching
LogPluginManager: Mounting plugin MaterialAnalyzer
LogPluginManager: Mounting plugin MobileLauncherProfileWizard
LogPluginManager: Mounting plugin PluginBrowser
LogPluginManager: Mounting plugin AndroidMedia
LogPluginManager: Mounting plugin SpeedTreeImporter
LogPluginManager: Mounting plugin AvfMedia
LogPluginManager: Mounting plugin ImgMedia
LogPluginManager: Mounting plugin MediaCompositing
LogPluginManager: Mounting plugin MediaPlayerEditor
LogPluginManager: Mounting plugin WebMMedia
LogPluginManager: Mounting plugin SkeletalReduction
LogPluginManager: Mounting plugin WmfMedia
LogPluginManager: Mounting plugin Water
LogPluginManager: Mounting plugin UdpMessaging
LogPluginManager: Mounting plugin ActorSequence
LogPluginManager: Mounting plugin TcpMessaging
LogPluginManager: Mounting plugin LevelSequenceEditor
LogPluginManager: Mounting plugin OnlineSubsystem
LogPluginManager: Mounting plugin OnlineSubsystemNull
LogPluginManager: Mounting plugin OnlineSubsystemUtils
LogPluginManager: Mounting plugin LauncherChunkInstaller
LogPluginManager: Mounting plugin ActorLayerUtilities
LogPluginManager: Mounting plugin TemplateSequence
LogPluginManager: Mounting plugin MatineeToLevelSequence
LogPluginManager: Mounting plugin AndroidDeviceProfileSelector
LogPluginManager: Mounting plugin AndroidPermission
LogPluginManager: Mounting plugin AndroidMoviePlayer
LogPluginManager: Mounting plugin ArchVisCharacter
LogPluginManager: Mounting plugin AppleMoviePlayer
LogPluginManager: Mounting plugin AppleImageUtils
LogPluginManager: Mounting plugin AssetTags
LogPluginManager: Mounting plugin AudioCapture
LogPluginManager: Mounting plugin AudioSynesthesia
LogPluginManager: Mounting plugin CableComponent
LogPluginManager: Mounting plugin ChunkDownloader
LogPluginManager: Mounting plugin CustomMeshComponent
LogPluginManager: Mounting plugin ExampleDeviceProfileSelector
LogPluginManager: Mounting plugin GoogleCloudMessaging
LogPluginManager: Mounting plugin EditableMesh
LogPluginManager: Mounting plugin GooglePAD
LogPluginManager: Mounting plugin LinuxDeviceProfileSelector
LogPluginManager: Mounting plugin IOSDeviceProfileSelector
LogPluginManager: Mounting plugin LocationServicesBPLibrary
LogPluginManager: Mounting plugin MobilePatchingUtils
LogPluginManager: Mounting plugin OpenXR
LogPluginManager: Mounting plugin OpenXREyeTracker
LogPluginManager: Mounting plugin OpenXRHandTracking
LogPluginManager: Mounting plugin PhysXVehicles
LogPluginManager: Mounting plugin PostSplashScreen
LogPluginManager: Mounting plugin ProceduralMeshComponent
LogPluginManager: Mounting plugin PropertyAccessEditor
LogPluginManager: Mounting plugin RuntimePhysXCooking
LogPluginManager: Mounting plugin SignificanceManager
LogPluginManager: Mounting plugin SoundFields
LogPluginManager: Mounting plugin Synthesis
LogPluginManager: Mounting plugin WebMMoviePlayer
LogPluginManager: Mounting plugin WindowsMoviePlayer
LogPluginManager: Mounting plugin ScreenshotTools
LogPluginManager: Mounting plugin Takes
LogPluginManager: Mounting plugin ContentBrowserAssetDataSource
LogPluginManager: Mounting plugin ContentBrowserClassDataSource
LogPluginManager: Mounting plugin ContentBrowserFileDataSource
LogPluginManager: Mounting plugin OnlineSubsystemGooglePlay
LogPluginManager: Mounting plugin OnlineSubsystemIOS
LogPluginManager: Mounting plugin OculusVR
LogPluginManager: Mounting plugin SteamVR
PixWinPlugin: PIX capture plugin failed to initialize! Check that the process is launched from PIX.
LogInit: Using libcurl 7.55.1-DEV
LogInit:  - built for x86_64-pc-win32
LogInit:  - supports SSL with OpenSSL/1.1.1
LogInit:  - supports HTTP deflate (compression) using libz 1.2.8
LogInit:  - other features:
LogInit:      CURL_VERSION_SSL
LogInit:      CURL_VERSION_LIBZ
LogInit:      CURL_VERSION_IPV6
LogInit:      CURL_VERSION_ASYNCHDNS
LogInit:      CURL_VERSION_LARGEFILE
LogInit:      CURL_VERSION_IDN
LogInit:  CurlRequestOptions (configurable via config and command line):
LogInit:  - bVerifyPeer = true  - Libcurl will verify peer certificate
LogInit:  - bUseHttpProxy = false  - Libcurl will NOT use HTTP proxy
LogInit:  - bDontReuseConnections = false  - Libcurl will reuse connections
LogInit:  - MaxHostConnections = 16  - Libcurl will limit the number of connections to a host
LogInit:  - LocalHostAddr = Default
LogInit:  - BufferSize = 65536
LogOnline: OSS: Creating online subsystem instance for: NULL
LogInit: WinSock: version 1.1 (2.2), MaxSocks=32767, MaxUdp=65467
LogOnline: OSS: TryLoadSubsystemAndSetDefault: Loaded subsystem for module [NULL]
LogOculusPluginWrapper: OculusPlugin initialized successfully
LogHMD: Failed initializing OVRPlugin 1.59.0
LogInit: Build: ++UE4+Release-4.27-CL-18319896
LogInit: Engine Version: 4.27.2-18319896+++UE4+Release-4.27
LogInit: Compatible Engine Version: 4.27.0-17155196+++UE4+Release-4.27
LogInit: Net CL: 17155196
LogInit: OS: Windows 10 (Release 2009) (), CPU: Intel(R) Core(TM) i7-9750H CPU @ 2.60GHz, GPU: Intel(R) UHD Graphics 630
LogInit: Compiled (64-bit): Nov 30 2021 07:12:08
LogInit: Compiled with Visual C++: 19.24.28315.00
LogInit: Build Configuration: Development
LogInit: Branch Name: ++UE4+Release-4.27
LogInit: Command Line:  -AUTH_LOGIN=unused -AUTH_PASSWORD=2c98198eacd4496495252fb09875558c -AUTH_TYPE=exchangecode -epicapp=UE_4.27 -epicenv=Prod -EpicPortal -epicusername=unclechan -epicuserid=6fa2bfda7b3e44a5b85c45a21887b702 -epiclocale=zh-Hant -epicsandboxid=ue
LogInit: Base Directory: D:/UE_4.27/Engine/Binaries/Win64/
LogInit: Allocator: TBB
LogInit: Installed Engine Build: 1
LogDevObjectVersion: Number of dev versions registered: 29
LogDevObjectVersion:   Dev-Blueprints (B0D832E4-1F89-4F0D-ACCF-7EB736FD4AA2): 10
LogDevObjectVersion:   Dev-Build (E1C64328-A22C-4D53-A36C-8E866417BD8C): 0
LogDevObjectVersion:   Dev-Core (375EC13C-06E4-48FB-B500-84F0262A717E): 4
LogDevObjectVersion:   Dev-Editor (E4B068ED-F494-42E9-A231-DA0B2E46BB41): 40
LogDevObjectVersion:   Dev-Framework (CFFC743F-43B0-4480-9391-14DF171D2073): 37
LogDevObjectVersion:   Dev-Mobile (B02B49B5-BB20-44E9-A304-32B752E40360): 3
LogDevObjectVersion:   Dev-Networking (A4E4105C-59A1-49B5-A7C5-40C4547EDFEE): 0
LogDevObjectVersion:   Dev-Online (39C831C9-5AE6-47DC-9A44-9C173E1C8E7C): 0
LogDevObjectVersion:   Dev-Physics (78F01B33-EBEA-4F98-B9B4-84EACCB95AA2): 14
LogDevObjectVersion:   Dev-Platform (6631380F-2D4D-43E0-8009-CF276956A95A): 0
LogDevObjectVersion:   Dev-Rendering (12F88B9F-8875-4AFC-A67C-D90C383ABD29): 45
LogDevObjectVersion:   Dev-Sequencer (7B5AE74C-D270-4C10-A958-57980B212A5A): 13
LogDevObjectVersion:   Dev-VR (D7296918-1DD6-4BDD-9DE2-64A83CC13884): 3
LogDevObjectVersion:   Dev-LoadTimes (C2A15278-BFE7-4AFE-6C17-90FF531DF755): 1
LogDevObjectVersion:   Private-Geometry (6EACA3D4-40EC-4CC1-B786-8BED09428FC5): 3
LogDevObjectVersion:   Dev-AnimPhys (29E575DD-E0A3-4627-9D10-D276232CDCEA): 17
LogDevObjectVersion:   Dev-Anim (AF43A65D-7FD3-4947-9873-3E8ED9C1BB05): 15
LogDevObjectVersion:   Dev-ReflectionCapture (6B266CEC-1EC7-4B8F-A30B-E4D90942FC07): 1
LogDevObjectVersion:   Dev-Automation (0DF73D61-A23F-47EA-B727-89E90C41499A): 1
LogDevObjectVersion:   FortniteMain (601D1886-AC64-4F84-AA16-D3DE0DEAC7D6): 47
LogDevObjectVersion:   FortniteRelease (E7086368-6B23-4C58-8439-1B7016265E91): 1
LogDevObjectVersion:   Dev-Enterprise (9DFFBCD6-494F-0158-E221-12823C92A888): 10
LogDevObjectVersion:   Dev-Niagara (F2AED0AC-9AFE-416F-8664-AA7FFA26D6FC): 1
LogDevObjectVersion:   Dev-Destruction (174F1F0B-B4C6-45A5-B13F-2EE8D0FB917D): 10
LogDevObjectVersion:   Dev-Physics-Ext (35F94A83-E258-406C-A318-09F59610247C): 41
LogDevObjectVersion:   Dev-PhysicsMaterial-Chaos (B68FC16E-8B1B-42E2-B453-215C058844FE): 1
LogDevObjectVersion:   Dev-CineCamera (B2E18506-4273-CFC2-A54E-F4BB758BBA07): 1
LogDevObjectVersion:   Dev-VirtualProduction (64F58936-FD1B-42BA-BA96-7289D5D0FA4E): 1
LogDevObjectVersion:   Dev-MediaFramework (6F0ED827-A609-4895-9C91-998D90180EA4): 2
LogInit: Presizing for max 25165824 objects, including 0 objects not considered by GC, pre-allocating 0 bytes for permanent pool.
LogConfig: Applying CVar settings from Section [/Script/Engine.StreamingSettings] File [D:/0/new0/unreal/pjtgit/Forest(Project)/Forest(Project)/Saved/Config/Windows/Engine.ini]
LogConfig: Setting CVar [[s.MinBulkDataSizeForAsyncLoading:131072]]
LogConfig: Setting CVar [[s.AsyncLoadingThreadEnabled:0]]
LogConfig: Setting CVar [[s.EventDrivenLoaderEnabled:1]]
LogConfig: Setting CVar [[s.WarnIfTimeLimitExceeded:0]]
LogConfig: Setting CVar [[s.TimeLimitExceededMultiplier:1.5]]
LogConfig: Setting CVar [[s.TimeLimitExceededMinTime:0.005]]
LogConfig: Setting CVar [[s.UseBackgroundLevelStreaming:1]]
LogConfig: Setting CVar [[s.PriorityAsyncLoadingExtraTime:15.0]]
LogConfig: Setting CVar [[s.LevelStreamingActorsUpdateTimeLimit:5.0]]
LogConfig: Setting CVar [[s.PriorityLevelStreamingActorsUpdateExtraTime:5.0]]
LogConfig: Setting CVar [[s.LevelStreamingComponentsRegistrationGranularity:10]]
LogConfig: Setting CVar [[s.UnregisterComponentsTimeLimit:1.0]]
LogConfig: Setting CVar [[s.LevelStreamingComponentsUnregistrationGranularity:5]]
LogConfig: Setting CVar [[s.FlushStreamingOnExit:1]]
LogInit: Object subsystem initialized
LogConfig: Setting CVar [[con.DebugEarlyDefault:1]]
LogConfig: Setting CVar [[r.setres:1280x720]]
LogConfig: Setting CVar [[fx.NiagaraAllowRuntimeScalabilityChanges:1]]
[2023.12.04-14.09.08:600][  0]LogConfig: Setting CVar [[r.VSync:0]]
[2023.12.04-14.09.08:600][  0]LogConfig: Setting CVar [[r.RHICmdBypass:0]]
[2023.12.04-14.09.08:600][  0]LogConfig: Applying CVar settings from Section [/Script/Engine.RendererSettings] File [D:/0/new0/unreal/pjtgit/Forest(Project)/Forest(Project)/Saved/Config/Windows/Engine.ini]
[2023.12.04-14.09.08:600][  0]LogConfig: Setting CVar [[r.GPUCrashDebugging:0]]
[2023.12.04-14.09.08:600][  0]LogConfig: Applying CVar settings from Section [/Script/Engine.RendererOverrideSettings] File [D:/0/new0/unreal/pjtgit/Forest(Project)/Forest(Project)/Saved/Config/Windows/Engine.ini]
[2023.12.04-14.09.08:600][  0]LogConfig: Applying CVar settings from Section [/Script/Engine.StreamingSettings] File [D:/0/new0/unreal/pjtgit/Forest(Project)/Forest(Project)/Saved/Config/Windows/Engine.ini]
[2023.12.04-14.09.08:600][  0]LogConfig: Setting CVar [[s.MinBulkDataSizeForAsyncLoading:131072]]
[2023.12.04-14.09.08:600][  0]LogConfig: Setting CVar [[s.AsyncLoadingThreadEnabled:0]]
[2023.12.04-14.09.08:600][  0]LogConfig: Setting CVar [[s.EventDrivenLoaderEnabled:1]]
[2023.12.04-14.09.08:600][  0]LogConfig: Setting CVar [[s.WarnIfTimeLimitExceeded:0]]
[2023.12.04-14.09.08:600][  0]LogConfig: Setting CVar [[s.TimeLimitExceededMultiplier:1.5]]
[2023.12.04-14.09.08:600][  0]LogConfig: Setting CVar [[s.TimeLimitExceededMinTime:0.005]]
[2023.12.04-14.09.08:600][  0]LogConfig: Setting CVar [[s.UseBackgroundLevelStreaming:1]]
[2023.12.04-14.09.08:600][  0]LogConfig: Setting CVar [[s.PriorityAsyncLoadingExtraTime:15.0]]
[2023.12.04-14.09.08:600][  0]LogConfig: Setting CVar [[s.LevelStreamingActorsUpdateTimeLimit:5.0]]
[2023.12.04-14.09.08:600][  0]LogConfig: Setting CVar [[s.PriorityLevelStreamingActorsUpdateExtraTime:5.0]]
[2023.12.04-14.09.08:600][  0]LogConfig: Setting CVar [[s.LevelStreamingComponentsRegistrationGranularity:10]]
[2023.12.04-14.09.08:600][  0]LogConfig: Setting CVar [[s.UnregisterComponentsTimeLimit:1.0]]
[2023.12.04-14.09.08:600][  0]LogConfig: Setting CVar [[s.LevelStreamingComponentsUnregistrationGranularity:5]]
[2023.12.04-14.09.08:600][  0]LogConfig: Setting CVar [[s.FlushStreamingOnExit:1]]
[2023.12.04-14.09.08:600][  0]LogConfig: Applying CVar settings from Section [/Script/Engine.GarbageCollectionSettings] File [D:/0/new0/unreal/pjtgit/Forest(Project)/Forest(Project)/Saved/Config/Windows/Engine.ini]
[2023.12.04-14.09.08:600][  0]LogConfig: Setting CVar [[gc.MaxObjectsNotConsideredByGC:1]]
[2023.12.04-14.09.08:600][  0]LogConfig: Setting CVar [[gc.SizeOfPermanentObjectPool:0]]
[2023.12.04-14.09.08:600][  0]LogConfig: Setting CVar [[gc.FlushStreamingOnGC:0]]
[2023.12.04-14.09.08:600][  0]LogConfig: Setting CVar [[gc.NumRetriesBeforeForcingGC:10]]
[2023.12.04-14.09.08:601][  0]LogConfig: Setting CVar [[gc.AllowParallelGC:1]]
[2023.12.04-14.09.08:601][  0]LogConfig: Setting CVar [[gc.TimeBetweenPurgingPendingKillObjects:61.1]]
[2023.12.04-14.09.08:601][  0]LogConfig: Setting CVar [[gc.MaxObjectsInEditor:25165824]]
[2023.12.04-14.09.08:601][  0]LogConfig: Setting CVar [[gc.IncrementalBeginDestroyEnabled:1]]
[2023.12.04-14.09.08:601][  0]LogConfig: Setting CVar [[gc.CreateGCClusters:1]]
[2023.12.04-14.09.08:601][  0]LogConfig: Setting CVar [[gc.MinGCClusterSize:5]]
[2023.12.04-14.09.08:601][  0]LogConfig: Setting CVar [[gc.ActorClusteringEnabled:0]]
[2023.12.04-14.09.08:601][  0]LogConfig: Setting CVar [[gc.BlueprintClusteringEnabled:0]]
[2023.12.04-14.09.08:601][  0]LogConfig: Setting CVar [[gc.UseDisregardForGCOnDedicatedServers:0]]
[2023.12.04-14.09.08:601][  0]LogConfig: Setting CVar [[gc.MultithreadedDestructionEnabled:1]]
[2023.12.04-14.09.08:601][  0]LogConfig: Applying CVar settings from Section [/Script/Engine.NetworkSettings] File [D:/0/new0/unreal/pjtgit/Forest(Project)/Forest(Project)/Saved/Config/Windows/Engine.ini]
[2023.12.04-14.09.08:601][  0]LogConfig: Applying CVar settings from Section [/Script/UnrealEd.CookerSettings] File [D:/0/new0/unreal/pjtgit/Forest(Project)/Forest(Project)/Saved/Config/Windows/Engine.ini]
[2023.12.04-14.09.08:619][  0]LogConfig: Applying CVar settings from Section [ViewDistanceQuality@3] File [D:/0/new0/unreal/pjtgit/Forest(Project)/Forest(Project)/Saved/Config/Windows/Scalability.ini]
[2023.12.04-14.09.08:619][  0]LogConfig: Setting CVar [[r.SkeletalMeshLODBias:0]]
[2023.12.04-14.09.08:619][  0]LogConfig: Setting CVar [[r.ViewDistanceScale:1.0]]
[2023.12.04-14.09.08:619][  0]LogConfig: Applying CVar settings from Section [AntiAliasingQuality@3] File [D:/0/new0/unreal/pjtgit/Forest(Project)/Forest(Project)/Saved/Config/Windows/Scalability.ini]
[2023.12.04-14.09.08:619][  0]LogConfig: Setting CVar [[r.PostProcessAAQuality:4]]
[2023.12.04-14.09.08:619][  0]LogConfig: Applying CVar settings from Section [ShadowQuality@3] File [D:/0/new0/unreal/pjtgit/Forest(Project)/Forest(Project)/Saved/Config/Windows/Scalability.ini]
[2023.12.04-14.09.08:619][  0]LogConfig: Setting CVar [[r.LightFunctionQuality:1]]
[2023.12.04-14.09.08:619][  0]LogConfig: Setting CVar [[r.ShadowQuality:5]]
[2023.12.04-14.09.08:619][  0]LogConfig: Setting CVar [[r.Shadow.CSM.MaxCascades:10]]
[2023.12.04-14.09.08:619][  0]LogConfig: Setting CVar [[r.Shadow.MaxResolution:2048]]
[2023.12.04-14.09.08:619][  0]LogConfig: Setting CVar [[r.Shadow.MaxCSMResolution:2048]]
[2023.12.04-14.09.08:619][  0]LogConfig: Setting CVar [[r.Shadow.RadiusThreshold:0.01]]
[2023.12.04-14.09.08:619][  0]LogConfig: Setting CVar [[r.Shadow.DistanceScale:1.0]]
[2023.12.04-14.09.08:619][  0]LogConfig: Setting CVar [[r.Shadow.CSM.TransitionScale:1.0]]
[2023.12.04-14.09.08:619][  0]LogConfig: Setting CVar [[r.Shadow.PreShadowResolutionFactor:1.0]]
[2023.12.04-14.09.08:619][  0]LogConfig: Setting CVar [[r.DistanceFieldShadowing:1]]
[2023.12.04-14.09.08:619][  0]LogConfig: Setting CVar [[r.DistanceFieldAO:1]]
[2023.12.04-14.09.08:619][  0]LogConfig: Setting CVar [[r.AOQuality:2]]
[2023.12.04-14.09.08:619][  0]LogConfig: Setting CVar [[r.VolumetricFog:1]]
[2023.12.04-14.09.08:619][  0]LogConfig: Setting CVar [[r.VolumetricFog.GridPixelSize:8]]
[2023.12.04-14.09.08:619][  0]LogConfig: Setting CVar [[r.VolumetricFog.GridSizeZ:128]]
[2023.12.04-14.09.08:619][  0]LogConfig: Setting CVar [[r.VolumetricFog.HistoryMissSupersampleCount:4]]
[2023.12.04-14.09.08:619][  0]LogConfig: Setting CVar [[r.LightMaxDrawDistanceScale:1]]
[2023.12.04-14.09.08:619][  0]LogConfig: Setting CVar [[r.CapsuleShadows:1]]
[2023.12.04-14.09.08:619][  0]LogConfig: Applying CVar settings from Section [PostProcessQuality@3] File [D:/0/new0/unreal/pjtgit/Forest(Project)/Forest(Project)/Saved/Config/Windows/Scalability.ini]
[2023.12.04-14.09.08:620][  0]LogConfig: Setting CVar [[r.MotionBlurQuality:4]]
[2023.12.04-14.09.08:620][  0]LogConfig: Setting CVar [[r.AmbientOcclusionMipLevelFactor:0.4]]
[2023.12.04-14.09.08:620][  0]LogConfig: Setting CVar [[r.AmbientOcclusionMaxQuality:100]]
[2023.12.04-14.09.08:620][  0]LogConfig: Setting CVar [[r.AmbientOcclusionLevels:-1]]
[2023.12.04-14.09.08:620][  0]LogConfig: Setting CVar [[r.AmbientOcclusionRadiusScale:1.0]]
[2023.12.04-14.09.08:620][  0]LogConfig: Setting CVar [[r.DepthOfFieldQuality:2]]
[2023.12.04-14.09.08:620][  0]LogConfig: Setting CVar [[r.RenderTargetPoolMin:400]]
[2023.12.04-14.09.08:620][  0]LogConfig: Setting CVar [[r.LensFlareQuality:2]]
[2023.12.04-14.09.08:620][  0]LogConfig: Setting CVar [[r.SceneColorFringeQuality:1]]
[2023.12.04-14.09.08:620][  0]LogConfig: Setting CVar [[r.EyeAdaptationQuality:2]]
[2023.12.04-14.09.08:620][  0]LogConfig: Setting CVar [[r.BloomQuality:5]]
[2023.12.04-14.09.08:620][  0]LogConfig: Setting CVar [[r.FastBlurThreshold:100]]
[2023.12.04-14.09.08:620][  0]LogConfig: Setting CVar [[r.Upscale.Quality:3]]
[2023.12.04-14.09.08:620][  0]LogConfig: Setting CVar [[r.Tonemapper.GrainQuantization:1]]
[2023.12.04-14.09.08:620][  0]LogConfig: Setting CVar [[r.LightShaftQuality:1]]
[2023.12.04-14.09.08:620][  0]LogConfig: Setting CVar [[r.Filter.SizeScale:1]]
[2023.12.04-14.09.08:620][  0]LogConfig: Setting CVar [[r.Tonemapper.Quality:5]]
[2023.12.04-14.09.08:620][  0]LogConfig: Setting CVar [[r.DOF.Gather.AccumulatorQuality:1        ; higher gathering accumulator quality]]
[2023.12.04-14.09.08:620][  0]LogConfig: Setting CVar [[r.DOF.Gather.PostfilterMethod:1          ; Median3x3 postfilering method]]
[2023.12.04-14.09.08:620][  0]LogConfig: Setting CVar [[r.DOF.Gather.EnableBokehSettings:0       ; no bokeh simulation when gathering]]
[2023.12.04-14.09.08:620][  0]LogConfig: Setting CVar [[r.DOF.Gather.RingCount:4                 ; medium number of samples when gathering]]
[2023.12.04-14.09.08:620][  0]LogConfig: Setting CVar [[r.DOF.Scatter.ForegroundCompositing:1    ; additive foreground scattering]]
[2023.12.04-14.09.08:620][  0]LogConfig: Setting CVar [[r.DOF.Scatter.BackgroundCompositing:2    ; additive background scattering]]
[2023.12.04-14.09.08:620][  0]LogConfig: Setting CVar [[r.DOF.Scatter.EnableBokehSettings:1      ; bokeh simulation when scattering]]
[2023.12.04-14.09.08:620][  0]LogConfig: Setting CVar [[r.DOF.Scatter.MaxSpriteRatio:0.1         ; only a maximum of 10% of scattered bokeh]]
[2023.12.04-14.09.08:620][  0]LogConfig: Setting CVar [[r.DOF.Recombine.Quality:1                ; cheap slight out of focus]]
[2023.12.04-14.09.08:620][  0]LogConfig: Setting CVar [[r.DOF.Recombine.EnableBokehSettings:0    ; no bokeh simulation on slight out of focus]]
[2023.12.04-14.09.08:620][  0]LogConfig: Setting CVar [[r.DOF.TemporalAAQuality:1                ; more stable temporal accumulation]]
[2023.12.04-14.09.08:620][  0]LogConfig: Setting CVar [[r.DOF.Kernel.MaxForegroundRadius:0.025]]
[2023.12.04-14.09.08:620][  0]LogConfig: Setting CVar [[r.DOF.Kernel.MaxBackgroundRadius:0.025]]
[2023.12.04-14.09.08:620][  0]LogConfig: Applying CVar settings from Section [TextureQuality@3] File [D:/0/new0/unreal/pjtgit/Forest(Project)/Forest(Project)/Saved/Config/Windows/Scalability.ini]
[2023.12.04-14.09.08:620][  0]LogConfig: Setting CVar [[r.Streaming.MipBias:0]]
[2023.12.04-14.09.08:620][  0]LogConfig: Setting CVar [[r.Streaming.AmortizeCPUToGPUCopy:0]]
[2023.12.04-14.09.08:620][  0]LogConfig: Setting CVar [[r.Streaming.MaxNumTexturesToStreamPerFrame:0]]
[2023.12.04-14.09.08:620][  0]LogConfig: Setting CVar [[r.Streaming.Boost:1]]
[2023.12.04-14.09.08:620][  0]LogConfig: Setting CVar [[r.MaxAnisotropy:8]]
[2023.12.04-14.09.08:620][  0]LogConfig: Setting CVar [[r.VT.MaxAnisotropy:8]]
[2023.12.04-14.09.08:620][  0]LogConfig: Setting CVar [[r.Streaming.LimitPoolSizeToVRAM:0]]
[2023.12.04-14.09.08:620][  0]LogConfig: Setting CVar [[r.Streaming.PoolSize:1000]]
[2023.12.04-14.09.08:620][  0]LogConfig: Setting CVar [[r.Streaming.MaxEffectiveScreenSize:0]]
[2023.12.04-14.09.08:620][  0]LogConfig: Applying CVar settings from Section [EffectsQuality@3] File [D:/0/new0/unreal/pjtgit/Forest(Project)/Forest(Project)/Saved/Config/Windows/Scalability.ini]
[2023.12.04-14.09.08:620][  0]LogConfig: Setting CVar [[r.TranslucencyLightingVolumeDim:64]]
[2023.12.04-14.09.08:620][  0]LogConfig: Setting CVar [[r.RefractionQuality:2]]
[2023.12.04-14.09.08:620][  0]LogConfig: Setting CVar [[r.SSR.Quality:3]]
[2023.12.04-14.09.08:620][  0]LogConfig: Setting CVar [[r.SSR.HalfResSceneColor:0]]
[2023.12.04-14.09.08:620][  0]LogConfig: Setting CVar [[r.SceneColorFormat:4]]
[2023.12.04-14.09.08:620][  0]LogConfig: Setting CVar [[r.DetailMode:2]]
[2023.12.04-14.09.08:620][  0]LogConfig: Setting CVar [[r.TranslucencyVolumeBlur:1]]
[2023.12.04-14.09.08:620][  0]LogConfig: Setting CVar [[r.MaterialQualityLevel:1 ; High quality]]
[2023.12.04-14.09.08:620][  0]LogConfig: Setting CVar [[r.AnisotropicMaterials:1]]
[2023.12.04-14.09.08:620][  0]LogConfig: Setting CVar [[r.SSS.Scale:1]]
[2023.12.04-14.09.08:620][  0]LogConfig: Setting CVar [[r.SSS.SampleSet:2]]
[2023.12.04-14.09.08:620][  0]LogConfig: Setting CVar [[r.SSS.Quality:1]]
[2023.12.04-14.09.08:620][  0]LogConfig: Setting CVar [[r.SSS.HalfRes:0]]
[2023.12.04-14.09.08:620][  0]LogConfig: Setting CVar [[r.SSGI.Quality:3]]
[2023.12.04-14.09.08:621][  0]LogConfig: Setting CVar [[r.EmitterSpawnRateScale:1.0]]
[2023.12.04-14.09.08:621][  0]LogConfig: Setting CVar [[r.ParticleLightQuality:2]]
[2023.12.04-14.09.08:621][  0]LogConfig: Setting CVar [[r.SkyAtmosphere.AerialPerspectiveLUT.FastApplyOnOpaque:1 ; Always have FastSkyLUT 1 in this case to avoid wrong sky]]
[2023.12.04-14.09.08:621][  0]LogConfig: Setting CVar [[r.SkyAtmosphere.AerialPerspectiveLUT.SampleCountMaxPerSlice:4]]
[2023.12.04-14.09.08:621][  0]LogConfig: Setting CVar [[r.SkyAtmosphere.AerialPerspectiveLUT.DepthResolution:16.0]]
[2023.12.04-14.09.08:621][  0]LogConfig: Setting CVar [[r.SkyAtmosphere.FastSkyLUT:1]]
[2023.12.04-14.09.08:621][  0]LogConfig: Setting CVar [[r.SkyAtmosphere.FastSkyLUT.SampleCountMin:4.0]]
[2023.12.04-14.09.08:621][  0]LogConfig: Setting CVar [[r.SkyAtmosphere.FastSkyLUT.SampleCountMax:128.0]]
[2023.12.04-14.09.08:621][  0]LogConfig: Setting CVar [[r.SkyAtmosphere.SampleCountMin:4.0]]
[2023.12.04-14.09.08:621][  0]LogConfig: Setting CVar [[r.SkyAtmosphere.SampleCountMax:128.0]]
[2023.12.04-14.09.08:621][  0]LogConfig: Setting CVar [[r.SkyAtmosphere.TransmittanceLUT.UseSmallFormat:0]]
[2023.12.04-14.09.08:621][  0]LogConfig: Setting CVar [[r.SkyAtmosphere.TransmittanceLUT.SampleCount:10.0]]
[2023.12.04-14.09.08:621][  0]LogConfig: Setting CVar [[r.SkyAtmosphere.MultiScatteringLUT.SampleCount:15.0]]
[2023.12.04-14.09.08:621][  0]LogConfig: Setting CVar [[r.SkyLight.RealTimeReflectionCapture:1]]
[2023.12.04-14.09.08:621][  0]LogConfig: Setting CVar [[fx.Niagara.QualityLevel:3]]
[2023.12.04-14.09.08:621][  0]LogConfig: Applying CVar settings from Section [FoliageQuality@3] File [D:/0/new0/unreal/pjtgit/Forest(Project)/Forest(Project)/Saved/Config/Windows/Scalability.ini]
[2023.12.04-14.09.08:621][  0]LogConfig: Setting CVar [[foliage.DensityScale:1.0]]
[2023.12.04-14.09.08:621][  0]LogConfig: Setting CVar [[grass.DensityScale:1.0]]
[2023.12.04-14.09.08:621][  0]LogConfig: Applying CVar settings from Section [ShadingQuality@3] File [D:/0/new0/unreal/pjtgit/Forest(Project)/Forest(Project)/Saved/Config/Windows/Scalability.ini]
[2023.12.04-14.09.08:621][  0]LogConfig: Setting CVar [[r.HairStrands.SkyLighting.IntegrationType:2]]
[2023.12.04-14.09.08:621][  0]LogConfig: Setting CVar [[r.HairStrands.SkyAO.SampleCount:4]]
[2023.12.04-14.09.08:621][  0]LogConfig: Setting CVar [[r.HairStrands.Visibility.MSAA.SamplePerPixel:4]]
[2023.12.04-14.09.08:621][  0]LogInit: Selected Device Profile: [Windows]
[2023.12.04-14.09.08:621][  0]LogInit: Applying CVar settings loaded from the selected device profile: [Windows]
[2023.12.04-14.09.08:621][  0]LogHAL: Display: Platform has ~ 16 GB [16983539712 / 17179869184 / 16], which maps to Larger [LargestMinGB=32, LargerMinGB=12, DefaultMinGB=8, SmallerMinGB=6, SmallestMinGB=0)
[2023.12.04-14.09.08:621][  0]LogInit: Going up to parent DeviceProfile []
[2023.12.04-14.09.08:621][  0]LogConfig: Applying CVar settings from Section [ViewDistanceQuality@3] File [D:/0/new0/unreal/pjtgit/Forest(Project)/Forest(Project)/Saved/Config/Windows/Scalability.ini]
[2023.12.04-14.09.08:621][  0]LogConfig: Setting CVar [[r.SkeletalMeshLODBias:0]]
[2023.12.04-14.09.08:621][  0]LogConfig: Setting CVar [[r.ViewDistanceScale:1.0]]
[2023.12.04-14.09.08:621][  0]LogConfig: Applying CVar settings from Section [AntiAliasingQuality@3] File [D:/0/new0/unreal/pjtgit/Forest(Project)/Forest(Project)/Saved/Config/Windows/Scalability.ini]
[2023.12.04-14.09.08:621][  0]LogConfig: Setting CVar [[r.PostProcessAAQuality:4]]
[2023.12.04-14.09.08:621][  0]LogConfig: Applying CVar settings from Section [ShadowQuality@3] File [D:/0/new0/unreal/pjtgit/Forest(Project)/Forest(Project)/Saved/Config/Windows/Scalability.ini]
[2023.12.04-14.09.08:621][  0]LogConfig: Setting CVar [[r.LightFunctionQuality:1]]
[2023.12.04-14.09.08:621][  0]LogConfig: Setting CVar [[r.ShadowQuality:5]]
[2023.12.04-14.09.08:621][  0]LogConfig: Setting CVar [[r.Shadow.CSM.MaxCascades:10]]
[2023.12.04-14.09.08:621][  0]LogConfig: Setting CVar [[r.Shadow.MaxResolution:2048]]
[2023.12.04-14.09.08:621][  0]LogConfig: Setting CVar [[r.Shadow.MaxCSMResolution:2048]]
[2023.12.04-14.09.08:621][  0]LogConfig: Setting CVar [[r.Shadow.RadiusThreshold:0.01]]
[2023.12.04-14.09.08:621][  0]LogConfig: Setting CVar [[r.Shadow.DistanceScale:1.0]]
[2023.12.04-14.09.08:621][  0]LogConfig: Setting CVar [[r.Shadow.CSM.TransitionScale:1.0]]
[2023.12.04-14.09.08:621][  0]LogConfig: Setting CVar [[r.Shadow.PreShadowResolutionFactor:1.0]]
[2023.12.04-14.09.08:621][  0]LogConfig: Setting CVar [[r.DistanceFieldShadowing:1]]
[2023.12.04-14.09.08:621][  0]LogConfig: Setting CVar [[r.DistanceFieldAO:1]]
[2023.12.04-14.09.08:621][  0]LogConfig: Setting CVar [[r.AOQuality:2]]
[2023.12.04-14.09.08:621][  0]LogConfig: Setting CVar [[r.VolumetricFog:1]]
[2023.12.04-14.09.08:622][  0]LogConfig: Setting CVar [[r.VolumetricFog.GridPixelSize:8]]
[2023.12.04-14.09.08:622][  0]LogConfig: Setting CVar [[r.VolumetricFog.GridSizeZ:128]]
[2023.12.04-14.09.08:622][  0]LogConfig: Setting CVar [[r.VolumetricFog.HistoryMissSupersampleCount:4]]
[2023.12.04-14.09.08:622][  0]LogConfig: Setting CVar [[r.LightMaxDrawDistanceScale:1]]
[2023.12.04-14.09.08:622][  0]LogConfig: Setting CVar [[r.CapsuleShadows:1]]
[2023.12.04-14.09.08:622][  0]LogConfig: Applying CVar settings from Section [PostProcessQuality@3] File [D:/0/new0/unreal/pjtgit/Forest(Project)/Forest(Project)/Saved/Config/Windows/Scalability.ini]
[2023.12.04-14.09.08:622][  0]LogConfig: Setting CVar [[r.MotionBlurQuality:4]]
[2023.12.04-14.09.08:622][  0]LogConfig: Setting CVar [[r.AmbientOcclusionMipLevelFactor:0.4]]
[2023.12.04-14.09.08:622][  0]LogConfig: Setting CVar [[r.AmbientOcclusionMaxQuality:100]]
[2023.12.04-14.09.08:622][  0]LogConfig: Setting CVar [[r.AmbientOcclusionLevels:-1]]
[2023.12.04-14.09.08:622][  0]LogConfig: Setting CVar [[r.AmbientOcclusionRadiusScale:1.0]]
[2023.12.04-14.09.08:622][  0]LogConfig: Setting CVar [[r.DepthOfFieldQuality:2]]
[2023.12.04-14.09.08:622][  0]LogConfig: Setting CVar [[r.RenderTargetPoolMin:400]]
[2023.12.04-14.09.08:622][  0]LogConfig: Setting CVar [[r.LensFlareQuality:2]]
[2023.12.04-14.09.08:622][  0]LogConfig: Setting CVar [[r.SceneColorFringeQuality:1]]
[2023.12.04-14.09.08:622][  0]LogConfig: Setting CVar [[r.EyeAdaptationQuality:2]]
[2023.12.04-14.09.08:622][  0]LogConfig: Setting CVar [[r.BloomQuality:5]]
[2023.12.04-14.09.08:622][  0]LogConfig: Setting CVar [[r.FastBlurThreshold:100]]
[2023.12.04-14.09.08:622][  0]LogConfig: Setting CVar [[r.Upscale.Quality:3]]
[2023.12.04-14.09.08:622][  0]LogConfig: Setting CVar [[r.Tonemapper.GrainQuantization:1]]
[2023.12.04-14.09.08:622][  0]LogConfig: Setting CVar [[r.LightShaftQuality:1]]
[2023.12.04-14.09.08:622][  0]LogConfig: Setting CVar [[r.Filter.SizeScale:1]]
[2023.12.04-14.09.08:622][  0]LogConfig: Setting CVar [[r.Tonemapper.Quality:5]]
[2023.12.04-14.09.08:622][  0]LogConfig: Setting CVar [[r.DOF.Gather.AccumulatorQuality:1        ; higher gathering accumulator quality]]
[2023.12.04-14.09.08:622][  0]LogConfig: Setting CVar [[r.DOF.Gather.PostfilterMethod:1          ; Median3x3 postfilering method]]
[2023.12.04-14.09.08:622][  0]LogConfig: Setting CVar [[r.DOF.Gather.EnableBokehSettings:0       ; no bokeh simulation when gathering]]
[2023.12.04-14.09.08:622][  0]LogConfig: Setting CVar [[r.DOF.Gather.RingCount:4                 ; medium number of samples when gathering]]
[2023.12.04-14.09.08:622][  0]LogConfig: Setting CVar [[r.DOF.Scatter.ForegroundCompositing:1    ; additive foreground scattering]]
[2023.12.04-14.09.08:622][  0]LogConfig: Setting CVar [[r.DOF.Scatter.BackgroundCompositing:2    ; additive background scattering]]
[2023.12.04-14.09.08:622][  0]LogConfig: Setting CVar [[r.DOF.Scatter.EnableBokehSettings:1      ; bokeh simulation when scattering]]
[2023.12.04-14.09.08:622][  0]LogConfig: Setting CVar [[r.DOF.Scatter.MaxSpriteRatio:0.1         ; only a maximum of 10% of scattered bokeh]]
[2023.12.04-14.09.08:622][  0]LogConfig: Setting CVar [[r.DOF.Recombine.Quality:1                ; cheap slight out of focus]]
[2023.12.04-14.09.08:622][  0]LogConfig: Setting CVar [[r.DOF.Recombine.EnableBokehSettings:0    ; no bokeh simulation on slight out of focus]]
[2023.12.04-14.09.08:622][  0]LogConfig: Setting CVar [[r.DOF.TemporalAAQuality:1                ; more stable temporal accumulation]]
[2023.12.04-14.09.08:622][  0]LogConfig: Setting CVar [[r.DOF.Kernel.MaxForegroundRadius:0.025]]
[2023.12.04-14.09.08:622][  0]LogConfig: Setting CVar [[r.DOF.Kernel.MaxBackgroundRadius:0.025]]
[2023.12.04-14.09.08:622][  0]LogConfig: Applying CVar settings from Section [TextureQuality@3] File [D:/0/new0/unreal/pjtgit/Forest(Project)/Forest(Project)/Saved/Config/Windows/Scalability.ini]
[2023.12.04-14.09.08:622][  0]LogConfig: Setting CVar [[r.Streaming.MipBias:0]]
[2023.12.04-14.09.08:622][  0]LogConfig: Setting CVar [[r.Streaming.AmortizeCPUToGPUCopy:0]]
[2023.12.04-14.09.08:622][  0]LogConfig: Setting CVar [[r.Streaming.MaxNumTexturesToStreamPerFrame:0]]
[2023.12.04-14.09.08:622][  0]LogConfig: Setting CVar [[r.Streaming.Boost:1]]
[2023.12.04-14.09.08:622][  0]LogConfig: Setting CVar [[r.MaxAnisotropy:8]]
[2023.12.04-14.09.08:622][  0]LogConfig: Setting CVar [[r.VT.MaxAnisotropy:8]]
[2023.12.04-14.09.08:622][  0]LogConfig: Setting CVar [[r.Streaming.LimitPoolSizeToVRAM:0]]
[2023.12.04-14.09.08:622][  0]LogConfig: Setting CVar [[r.Streaming.PoolSize:1000]]
[2023.12.04-14.09.08:622][  0]LogConfig: Setting CVar [[r.Streaming.MaxEffectiveScreenSize:0]]
[2023.12.04-14.09.08:622][  0]LogConfig: Applying CVar settings from Section [EffectsQuality@3] File [D:/0/new0/unreal/pjtgit/Forest(Project)/Forest(Project)/Saved/Config/Windows/Scalability.ini]
[2023.12.04-14.09.08:622][  0]LogConfig: Setting CVar [[r.TranslucencyLightingVolumeDim:64]]
[2023.12.04-14.09.08:622][  0]LogConfig: Setting CVar [[r.RefractionQuality:2]]
[2023.12.04-14.09.08:622][  0]LogConfig: Setting CVar [[r.SSR.Quality:3]]
[2023.12.04-14.09.08:622][  0]LogConfig: Setting CVar [[r.SSR.HalfResSceneColor:0]]
[2023.12.04-14.09.08:622][  0]LogConfig: Setting CVar [[r.SceneColorFormat:4]]
[2023.12.04-14.09.08:622][  0]LogConfig: Setting CVar [[r.DetailMode:2]]
[2023.12.04-14.09.08:622][  0]LogConfig: Setting CVar [[r.TranslucencyVolumeBlur:1]]
[2023.12.04-14.09.08:622][  0]LogConfig: Setting CVar [[r.MaterialQualityLevel:1 ; High quality]]
[2023.12.04-14.09.08:622][  0]LogConfig: Setting CVar [[r.AnisotropicMaterials:1]]
[2023.12.04-14.09.08:623][  0]LogConfig: Setting CVar [[r.SSS.Scale:1]]
[2023.12.04-14.09.08:623][  0]LogConfig: Setting CVar [[r.SSS.SampleSet:2]]
[2023.12.04-14.09.08:623][  0]LogConfig: Setting CVar [[r.SSS.Quality:1]]
[2023.12.04-14.09.08:623][  0]LogConfig: Setting CVar [[r.SSS.HalfRes:0]]
[2023.12.04-14.09.08:623][  0]LogConfig: Setting CVar [[r.SSGI.Quality:3]]
[2023.12.04-14.09.08:623][  0]LogConfig: Setting CVar [[r.EmitterSpawnRateScale:1.0]]
[2023.12.04-14.09.08:623][  0]LogConfig: Setting CVar [[r.ParticleLightQuality:2]]
[2023.12.04-14.09.08:623][  0]LogConfig: Setting CVar [[r.SkyAtmosphere.AerialPerspectiveLUT.FastApplyOnOpaque:1 ; Always have FastSkyLUT 1 in this case to avoid wrong sky]]
[2023.12.04-14.09.08:623][  0]LogConfig: Setting CVar [[r.SkyAtmosphere.AerialPerspectiveLUT.SampleCountMaxPerSlice:4]]
[2023.12.04-14.09.08:623][  0]LogConfig: Setting CVar [[r.SkyAtmosphere.AerialPerspectiveLUT.DepthResolution:16.0]]
[2023.12.04-14.09.08:623][  0]LogConfig: Setting CVar [[r.SkyAtmosphere.FastSkyLUT:1]]
[2023.12.04-14.09.08:623][  0]LogConfig: Setting CVar [[r.SkyAtmosphere.FastSkyLUT.SampleCountMin:4.0]]
[2023.12.04-14.09.08:623][  0]LogConfig: Setting CVar [[r.SkyAtmosphere.FastSkyLUT.SampleCountMax:128.0]]
[2023.12.04-14.09.08:623][  0]LogConfig: Setting CVar [[r.SkyAtmosphere.SampleCountMin:4.0]]
[2023.12.04-14.09.08:623][  0]LogConfig: Setting CVar [[r.SkyAtmosphere.SampleCountMax:128.0]]
[2023.12.04-14.09.08:623][  0]LogConfig: Setting CVar [[r.SkyAtmosphere.TransmittanceLUT.UseSmallFormat:0]]
[2023.12.04-14.09.08:623][  0]LogConfig: Setting CVar [[r.SkyAtmosphere.TransmittanceLUT.SampleCount:10.0]]
[2023.12.04-14.09.08:623][  0]LogConfig: Setting CVar [[r.SkyAtmosphere.MultiScatteringLUT.SampleCount:15.0]]
[2023.12.04-14.09.08:623][  0]LogConfig: Setting CVar [[r.SkyLight.RealTimeReflectionCapture:1]]
[2023.12.04-14.09.08:623][  0]LogConfig: Setting CVar [[fx.Niagara.QualityLevel:3]]
[2023.12.04-14.09.08:623][  0]LogConfig: Applying CVar settings from Section [FoliageQuality@3] File [D:/0/new0/unreal/pjtgit/Forest(Project)/Forest(Project)/Saved/Config/Windows/Scalability.ini]
[2023.12.04-14.09.08:623][  0]LogConfig: Setting CVar [[foliage.DensityScale:1.0]]
[2023.12.04-14.09.08:623][  0]LogConfig: Setting CVar [[grass.DensityScale:1.0]]
[2023.12.04-14.09.08:623][  0]LogConfig: Applying CVar settings from Section [ShadingQuality@3] File [D:/0/new0/unreal/pjtgit/Forest(Project)/Forest(Project)/Saved/Config/Windows/Scalability.ini]
[2023.12.04-14.09.08:623][  0]LogConfig: Setting CVar [[r.HairStrands.SkyLighting.IntegrationType:2]]
[2023.12.04-14.09.08:623][  0]LogConfig: Setting CVar [[r.HairStrands.SkyAO.SampleCount:4]]
[2023.12.04-14.09.08:623][  0]LogConfig: Setting CVar [[r.HairStrands.Visibility.MSAA.SamplePerPixel:4]]
[2023.12.04-14.09.08:623][  0]LogConfig: Applying CVar settings from Section [Startup] File [../../../Engine/Config/ConsoleVariables.ini]
[2023.12.04-14.09.08:623][  0]LogConfig: Setting CVar [[net.UseAdaptiveNetUpdateFrequency:0]]
[2023.12.04-14.09.08:623][  0]LogConfig: Setting CVar [[p.chaos.AllowCreatePhysxBodies:1]]
[2023.12.04-14.09.08:623][  0]LogConfig: Setting CVar [[fx.SkipVectorVMBackendOptimizations:1]]
[2023.12.04-14.09.08:623][  0]LogConfig: Applying CVar settings from Section [ConsoleVariables] File [D:/0/new0/unreal/pjtgit/Forest(Project)/Forest(Project)/Saved/Config/Windows/Engine.ini]
[2023.12.04-14.09.08:623][  0]LogConfig: Applying CVar settings from Section [ConsoleVariables] File [D:/0/new0/unreal/pjtgit/Forest(Project)/Forest(Project)/Saved/Config/Windows/Editor.ini]
[2023.12.04-14.09.08:624][  0]LogInit: Computer: CHOCOBO
[2023.12.04-14.09.08:624][  0]LogInit: User: Chocobo
[2023.12.04-14.09.08:624][  0]LogInit: CPU Page size=4096, Cores=6
[2023.12.04-14.09.08:624][  0]LogInit: High frequency timer resolution =10.000000 MHz
[2023.12.04-14.09.08:624][  0]LogMemory: Memory total: Physical=15.8GB (16GB approx)
[2023.12.04-14.09.08:624][  0]LogMemory: Platform Memory Stats for Windows
[2023.12.04-14.09.08:624][  0]LogMemory: Process Physical Memory: 149.93 MB used, 149.93 MB peak
[2023.12.04-14.09.08:624][  0]LogMemory: Process Virtual Memory: 130.61 MB used, 130.61 MB peak
[2023.12.04-14.09.08:624][  0]LogMemory: Physical Memory: 8874.37 MB used,  7322.40 MB free, 16196.77 MB total
[2023.12.04-14.09.08:624][  0]LogMemory: Virtual Memory: 134206256.00 MB used,  11474.47 MB free, 134217728.00 MB total
[2023.12.04-14.09.09:017][  0]LogWindows: WindowsPlatformFeatures enabled
[2023.12.04-14.09.09:052][  0]LogInit: Physics initialised using underlying interface: PhysX
[2023.12.04-14.09.09:054][  0]LogInit: Using OS detected language (zh-TW).
[2023.12.04-14.09.09:054][  0]LogInit: Using OS detected locale (zh-HK).
[2023.12.04-14.09.09:059][  0]LogTextLocalizationManager: No localization for 'zh-TW' exists, so 'en' will be used for the language.
[2023.12.04-14.09.09:332][  0]LogInit: Setting process to per monitor DPI aware
[2023.12.04-14.09.09:415][  0]LogWindowsTextInputMethodSystem: Display: IME system deactivated.
[2023.12.04-14.09.09:436][  0]LogSlate: New Slate User Created.  User Index 0, Is Virtual User: 0
[2023.12.04-14.09.09:436][  0]LogSlate: Slate User Registered.  User Index 0, Is Virtual User: 0
[2023.12.04-14.09.09:768][  0]LogD3D11RHI: Loaded GFSDK_Aftermath_Lib.x64.dll
[2023.12.04-14.09.09:772][  0]LogHMD: Failed to initialize OpenVR with code 102
[2023.12.04-14.09.09:772][  0]LogD3D11RHI: D3D11 min allowed feature level: 11_0
[2023.12.04-14.09.09:772][  0]LogD3D11RHI: D3D11 max allowed feature level: 11_0
[2023.12.04-14.09.09:772][  0]LogD3D11RHI: D3D11 adapters:
[2023.12.04-14.09.10:014][  0]LogD3D11RHI:    0. 'NVIDIA GeForce RTX 2060' (Feature Level 11_0)
[2023.12.04-14.09.10:015][  0]LogD3D11RHI:       5968/0/8098 MB DedicatedVideo/DedicatedSystem/SharedSystem, Outputs:1, VendorId:0x10de
[2023.12.04-14.09.10:073][  0]LogD3D11RHI:    1. 'Intel(R) UHD Graphics 630' (Feature Level 11_0)
[2023.12.04-14.09.10:073][  0]LogD3D11RHI:       128/0/8098 MB DedicatedVideo/DedicatedSystem/SharedSystem, Outputs:1, VendorId:0x8086
[2023.12.04-14.09.10:077][  0]LogD3D11RHI:    2. 'Microsoft Basic Render Driver' (Feature Level 11_0)
[2023.12.04-14.09.10:077][  0]LogD3D11RHI:       0/0/8098 MB DedicatedVideo/DedicatedSystem/SharedSystem, Outputs:0, VendorId:0x1414
[2023.12.04-14.09.10:078][  0]LogD3D11RHI: Chosen D3D11 Adapter:
[2023.12.04-14.09.10:078][  0]LogD3D11RHI:     Description : NVIDIA GeForce RTX 2060
[2023.12.04-14.09.10:078][  0]LogD3D11RHI:     VendorId    : 10de
[2023.12.04-14.09.10:078][  0]LogD3D11RHI:     DeviceId    : 1f11
[2023.12.04-14.09.10:078][  0]LogD3D11RHI:     SubSysId    : 8ea1028
[2023.12.04-14.09.10:078][  0]LogD3D11RHI:     Revision    : 00a1
[2023.12.04-14.09.10:078][  0]LogD3D11RHI:     DedicatedVideoMemory : 6257901568 bytes
[2023.12.04-14.09.10:078][  0]LogD3D11RHI:     DedicatedSystemMemory : 0 bytes
[2023.12.04-14.09.10:078][  0]LogD3D11RHI:     SharedSystemMemory : 8491769856 bytes
[2023.12.04-14.09.10:078][  0]LogD3D11RHI:     AdapterLuid : 0 90727
[2023.12.04-14.09.10:085][  0]LogD3D11RHI: Creating new Direct3DDevice
[2023.12.04-14.09.10:086][  0]LogD3D11RHI:     GPU DeviceId: 0x1f11 (for the marketing name, search the web for "GPU Device Id")
[2023.12.04-14.09.10:086][  0]LogWindows: EnumDisplayDevices:
[2023.12.04-14.09.10:086][  0]LogWindows:    0. 'Intel(R) UHD Graphics 630' (P:0 D:1)
[2023.12.04-14.09.10:086][  0]LogWindows:    1. 'Intel(R) UHD Graphics 630' (P:0 D:0)
[2023.12.04-14.09.10:087][  0]LogWindows:    2. 'Intel(R) UHD Graphics 630' (P:0 D:0)
[2023.12.04-14.09.10:087][  0]LogWindows:    3. 'NVIDIA GeForce RTX 2060' (P:1 D:1)
[2023.12.04-14.09.10:087][  0]LogWindows:    4. 'NVIDIA GeForce RTX 2060' (P:0 D:0)
[2023.12.04-14.09.10:088][  0]LogWindows:    5. 'NVIDIA GeForce RTX 2060' (P:0 D:0)
[2023.12.04-14.09.10:088][  0]LogWindows:    6. 'NVIDIA GeForce RTX 2060' (P:0 D:0)
[2023.12.04-14.09.10:088][  0]LogWindows: DebugString: PrimaryIsNotTheChoosenAdapter PrimaryIsNotTheChoosenAdapter PrimaryIsNotTheChoosenAdapter FoundDriverCount:4 
[2023.12.04-14.09.10:088][  0]LogD3D11RHI:     Adapter Name: NVIDIA GeForce RTX 2060
[2023.12.04-14.09.10:088][  0]LogD3D11RHI:   Driver Version: 537.58 (internal:31.0.15.3758, unified:537.58)
[2023.12.04-14.09.10:088][  0]LogD3D11RHI:      Driver Date: 10-4-2023
[2023.12.04-14.09.10:088][  0]LogRHI: Texture pool is 4177 MB (70% of 5968 MB)
[2023.12.04-14.09.10:088][  0]LogD3D11RHI: Creating D3DDevice using adapter:
[2023.12.04-14.09.10:088][  0]LogD3D11RHI:     Description : NVIDIA GeForce RTX 2060
[2023.12.04-14.09.10:088][  0]LogD3D11RHI:     VendorId    : 10de
[2023.12.04-14.09.10:088][  0]LogD3D11RHI:     DeviceId    : 1f11
[2023.12.04-14.09.10:088][  0]LogD3D11RHI:     SubSysId    : 8ea1028
[2023.12.04-14.09.10:088][  0]LogD3D11RHI:     Revision    : 00a1
[2023.12.04-14.09.10:088][  0]LogD3D11RHI:     DedicatedVideoMemory : 6257901568 bytes
[2023.12.04-14.09.10:089][  0]LogD3D11RHI:     DedicatedSystemMemory : 0 bytes
[2023.12.04-14.09.10:089][  0]LogD3D11RHI:     SharedSystemMemory : 8491769856 bytes
[2023.12.04-14.09.10:089][  0]LogD3D11RHI:     AdapterLuid : 0 90727
[2023.12.04-14.09.10:256][  0]LogD3D11RHI: RHI has support for 64 bit atomics
[2023.12.04-14.09.10:257][  0]LogD3D11RHI: Async texture creation enabled
[2023.12.04-14.09.10:257][  0]LogD3D11RHI: Array index from any shader is supported
[2023.12.04-14.09.10:280][  0]LogD3D11RHI: GPU Timing Frequency: 1000.000000 (Debug: 2 1)
[2023.12.04-14.09.10:427][  0]LogRHI: GeForceNow SDK initialized: 1
[2023.12.04-14.09.11:030][  0]LogTargetPlatformManager: Display: Loaded TargetPlatform 'AllDesktop'
[2023.12.04-14.09.11:061][  0]LogTargetPlatformManager: Display: Loaded TargetPlatform 'Android'
[2023.12.04-14.09.11:061][  0]LogTargetPlatformManager: Display: Loaded TargetPlatform 'Android_ASTC'
[2023.12.04-14.09.11:061][  0]LogTargetPlatformManager: Display: Loaded TargetPlatform 'Android_DXT'
[2023.12.04-14.09.11:061][  0]LogTargetPlatformManager: Display: Loaded TargetPlatform 'Android_ETC2'
[2023.12.04-14.09.11:061][  0]LogTargetPlatformManager: Display: Loaded TargetPlatform 'AndroidClient'
[2023.12.04-14.09.11:061][  0]LogTargetPlatformManager: Display: Loaded TargetPlatform 'Android_ASTCClient'
[2023.12.04-14.09.11:061][  0]LogTargetPlatformManager: Display: Loaded TargetPlatform 'Android_DXTClient'
[2023.12.04-14.09.11:061][  0]LogTargetPlatformManager: Display: Loaded TargetPlatform 'Android_ETC2Client'
[2023.12.04-14.09.11:061][  0]LogTargetPlatformManager: Display: Loaded TargetPlatform 'Android_Multi'
[2023.12.04-14.09.11:061][  0]LogTargetPlatformManager: Display: Loaded TargetPlatform 'Android_MultiClient'
[2023.12.04-14.09.11:089][  0]LogTargetPlatformManager: Display: Loaded TargetPlatform 'IOSClient'
[2023.12.04-14.09.11:089][  0]LogTargetPlatformManager: Display: Loaded TargetPlatform 'IOS'
[2023.12.04-14.09.11:104][  0]LogTargetPlatformManager: Display: Loaded TargetPlatform 'Linux'
[2023.12.04-14.09.11:111][  0]LogTargetPlatformManager: Display: Loaded TargetPlatform 'LinuxNoEditor'
[2023.12.04-14.09.11:118][  0]LogTargetPlatformManager: Display: Loaded TargetPlatform 'LinuxClient'
[2023.12.04-14.09.11:125][  0]LogTargetPlatformManager: Display: Loaded TargetPlatform 'LinuxServer'
[2023.12.04-14.09.11:138][  0]LogTargetPlatformManager: Display: Loaded TargetPlatform 'LinuxAArch64NoEditor'
[2023.12.04-14.09.11:146][  0]LogTargetPlatformManager: Display: Loaded TargetPlatform 'LinuxAArch64Client'
[2023.12.04-14.09.11:153][  0]LogTargetPlatformManager: Display: Loaded TargetPlatform 'LinuxAArch64Server'
[2023.12.04-14.09.11:189][  0]LogTargetPlatformManager: Display: Loaded TargetPlatform 'Lumin'
[2023.12.04-14.09.11:189][  0]LogTargetPlatformManager: Display: Loaded TargetPlatform 'LuminClient'
[2023.12.04-14.09.11:202][  0]LogTargetPlatformManager: Display: Loaded TargetPlatform 'MacNoEditor'
[2023.12.04-14.09.11:210][  0]LogTargetPlatformManager: Display: Loaded TargetPlatform 'Mac'
[2023.12.04-14.09.11:219][  0]LogTargetPlatformManager: Display: Loaded TargetPlatform 'MacClient'
[2023.12.04-14.09.11:225][  0]LogTargetPlatformManager: Display: Loaded TargetPlatform 'MacServer'
[2023.12.04-14.09.11:240][  0]LogTargetPlatformManager: Display: Loaded TargetPlatform 'TVOSClient'
[2023.12.04-14.09.11:240][  0]LogTargetPlatformManager: Display: Loaded TargetPlatform 'TVOS'
[2023.12.04-14.09.11:254][  0]LogTargetPlatformManager: Display: Loaded TargetPlatform 'WindowsNoEditor'
[2023.12.04-14.09.11:261][  0]LogTargetPlatformManager: Display: Loaded TargetPlatform 'Windows'
[2023.12.04-14.09.11:268][  0]LogTargetPlatformManager: Display: Loaded TargetPlatform 'WindowsClient'
[2023.12.04-14.09.11:275][  0]LogTargetPlatformManager: Display: Loaded TargetPlatform 'WindowsServer'
[2023.12.04-14.09.11:275][  0]LogTargetPlatformManager: Display: Building Assets For Windows
[2023.12.04-14.09.11:288][  0]LogAudioDebug: Display: Lib vorbis DLL was dynamically loaded.
[2023.12.04-14.09.11:337][  0]LogTextureFormatOodle: Display: Oodle Texture 2.9.0 init RDO Off
[2023.12.04-14.09.11:384][  0]LogRendererCore: Ray tracing is disabled. Reason: r.RayTracing=0.
[2023.12.04-14.09.11:385][  0]LogShaderCompilers: Guid format shader working directory is -20 characters bigger than the processId version (../../../../0/new0/unreal/pjtgit/Forest(Project)/Forest(Project)/Intermediate/Shaders/WorkingDirectory/18048/).
[2023.12.04-14.09.11:385][  0]LogShaderCompilers: Cleaned the shader compiler working directory 'C:/Users/user/AppData/Local/Temp/UnrealShaderWorkingDir/16F386304965D111E469128B0F8ACB09/'.
[2023.12.04-14.09.11:385][  0]LogXGEController: Cannot use XGE Controller as Incredibuild is not installed on this machine.
[2023.12.04-14.09.11:385][  0]LogShaderCompilers: Cannot use XGE Shader Compiler as Incredibuild is not installed on this machine.
[2023.12.04-14.09.11:385][  0]LogShaderCompilers: Display: Using Local Shader Compiler.
[2023.12.04-14.09.12:599][  0]LogDerivedDataCache: Display: Max Cache Size: 512 MB
[2023.12.04-14.09.12:685][  0]LogDerivedDataCache: Loaded boot cache 0.09s 105MB C:/Users/user/AppData/Local/UnrealEngine/4.27/DerivedDataCache/Boot.ddc.
[2023.12.04-14.09.12:686][  0]LogDerivedDataCache: Display: Loaded Boot cache: C:/Users/user/AppData/Local/UnrealEngine/4.27/DerivedDataCache/Boot.ddc
[2023.12.04-14.09.12:686][  0]LogDerivedDataCache: FDerivedDataBackendGraph:  Pak pak cache file ../../../../0/new0/unreal/pjtgit/Forest(Project)/Forest(Project)/DerivedDataCache/DDC.ddp not found, will not use a pak cache.
[2023.12.04-14.09.12:686][  0]LogDerivedDataCache: Unable to find inner node Pak for hierarchical cache Hierarchy.
[2023.12.04-14.09.12:686][  0]LogDerivedDataCache: FDerivedDataBackendGraph:  CompressedPak pak cache file ../../../../0/new0/unreal/pjtgit/Forest(Project)/Forest(Project)/DerivedDataCache/Compressed.ddp not found, will not use a pak cache.
[2023.12.04-14.09.12:686][  0]LogDerivedDataCache: Unable to find inner node CompressedPak for hierarchical cache Hierarchy.
[2023.12.04-14.09.12:711][  0]LogDerivedDataCache: Display: Pak cache opened for reading ../../../Engine/DerivedDataCache/Compressed.ddp.
[2023.12.04-14.09.12:711][  0]LogDerivedDataCache: FDerivedDataBackendGraph:  EnterprisePak pak cache file ../../../Enterprise/DerivedDataCache/Compressed.ddp not found, will not use a pak cache.
[2023.12.04-14.09.12:711][  0]LogDerivedDataCache: Unable to find inner node EnterprisePak for hierarchical cache Hierarchy.
[2023.12.04-14.09.12:722][  0]LogDerivedDataCache: Speed tests for C:/Users/user/AppData/Local/UnrealEngine/Common/DerivedDataCache took 0.01 seconds
[2023.12.04-14.09.12:722][  0]LogDerivedDataCache: Display: Performance to C:/Users/user/AppData/Local/UnrealEngine/Common/DerivedDataCache: Latency=0.06ms. RandomReadSpeed=766.06MBs, RandomWriteSpeed=110.96MBs. Assigned SpeedClass 'Local'
[2023.12.04-14.09.12:723][  0]LogDerivedDataCache: Using Local data cache path C:/Users/user/AppData/Local/UnrealEngine/Common/DerivedDataCache: Writable
[2023.12.04-14.09.12:723][  0]LogDerivedDataCache: Shared data cache path not found in *engine.ini, will not use an Shared cache.
[2023.12.04-14.09.12:723][  0]LogDerivedDataCache: Unable to find inner node Shared for hierarchical cache Hierarchy.
[2023.12.04-14.09.12:798][  0]LogSlate: Using FreeType 2.10.0
[2023.12.04-14.09.12:799][  0]LogSlate: SlateFontServices - WITH_FREETYPE: 1, WITH_HARFBUZZ: 1
[2023.12.04-14.09.12:838][  0]LogAssetRegistry: FAssetRegistry took 0.0037 seconds to start up
[2023.12.04-14.09.13:258][  0]LogInit: Selected Device Profile: [Windows]
[2023.12.04-14.09.13:258][  0]LogInit: Active device profile: [00000218BFF77000][00000218C0D3AD80 49] Windows
[2023.12.04-14.09.13:258][  0]LogInit: Profiles: [00000218BFF77000][00000218C0D3AD80 49] Windows, [00000218BFF49100][00000218C0D42F00 49] WindowsNoEditor, [00000218BFF77900][00000218C0D47080 49] WindowsServer, [00000218BFF48700][00000218C0D4B200 49] WindowsClient, [00000218BFF74600][00000218C0D4F380 49] IOS, [00000218BFF49500][00000218C0D53500 49] iPadAir, [00000218BFF75500][00000218C0D57680 49] iPadAir2, [00000218BFEE6700][00000218BF5AF940 49] IPadPro, [00000218BFEE6800][00000218C0D5B980 49] iPadAir3, [00000218BFF76400][00000218BF5B3B00 49] iPadAir4, [00000218BFEE7600][00000218BF5B6100 49] iPadMini2, [00000218BFF77300][00000218BF5BA280 49] iPadMini3, [00000218BFEE4600][00000218BF5BE400 49] iPadMini4, [00000218BFF75F00][00000218BF5C2580 49] iPadMini5, [00000218BFF2E000][00000218BF5CA840 49] iPhone6, [00000218BFF2E100][00000218BF5C6880 49] iPodTouch6, [00000218BFEE4D00][00000218BF5D2B40 49] iPhone7, [00000218BFEE4900][00000218BF5CEB80 49] iPodTouch7, [00000218BFF2EE00][00000218C0D3ECC0 49] iPhone5S, [00000218BFEE4500][00000218BF5D6E00 49] iPhone6Plus, [00000218BFF2C600][00000218BF5DAF40 49] iPhone6S, [00000218BFEE5A00][00000218BF5E30C0 49] iPhone6SPlus, [00000218BFF2F700][00000218BF5E7240 49] iPhone7Plus, [00000218BFEE7200][00000218BF5EB3C0 49] iPhoneSE, [00000218BFF2F400][00000218BF5EF540 49] iPhone8, [00000218BFEE5800][00000218BF5F36C0 49] iPhone8Plus, [00000218BFF2FA00][00000218BF5F7840 49] iPhoneX, [00000218BFEE7A00][00000218BF5FB9C0 49] iPhoneXS, [00000218BFF2C400][00000218BF897B40 49] iPhoneXSMax, [00000218BFEE7B00][00000218BF89A140 49] iPhoneXR, [00000218BFF2F600][00000218BF89E2C0 49] iPhone11, [00000218BFEE5C00][00000218BF8A2440 49] iPhone11Pro, [00000218BFF2EC00][00000218BF8A65C0 49] iPhone11ProMax, [00000218BFEE7F00][00000218BF8AA740 49] iPhoneSE2, [00000218BFF2D900][00000218BF8AE8C0 49] iPhone12Mini, [00000218BFEE7000][00000218BF8B2A40 49] iPhone12, [00000218BFF2DC00][00000218BF8B6BC0 49] iPhone12Pro, [00000218BFEE6C00][00000218BF8BAD40 49] iPhone12ProMax, [00000218BFF2D100][00000218BF5DEE80 49] iPadPro105, [00000218BFEE6D00][00000218BF8C6FC0 49] iPadPro129, [00000218BFF2CE00][00000218BF8CB100 49] iPadPro97, [00000218BFEE5100][00000218BF8D3280 49] iPadPro2_129, [00000218BFF2DD00][00000218BF8D7400 49] iPad5, [00000218BFEE6600][00000218BF8DB580 49] iPad6, [00000218BFF2D800][00000218BF8E7700 49] iPad7, [00000218BFEE7300][00000218BF8EB880 49] iPad8, [00000218BFF2D300][00000218BF8EFA00 49] iPadPro11, [00000218BFEE7D00][00000218BF8F3B80 49] iPadPro2_11, [00000218BFF2CA00][00000218BF8F6180 49] iPadPro3_129, [00000218BFF4B300][00000218BF8FA300 49] iPadPro4_129, [00000218BFFD1D00][00000218BF8FE480 49] AppleTV, [00000218BFF4BA00][00000218BF90C600 49] AppleTV4K, [00000218BFFD0A00][00000218BF91C780 49] TVOS, [00000218BFF4B400][00000218C0970900 49] Mac, [00000218BFFD1800][00000218C09C8A80 49] MacClient, [00000218BFF4A700][00000218C09CCC00 49] MacNoEditor, [00000218BFFD0F00][00000218C09DCD80 49] MacServer, [00000218BFF49D00][00000218C09E0F00 49] Linux, [00000218BFFD1200][00000218BF8CF040 49] LinuxAArch64, [00000218BFF49E00][00000218C09ED180 49] LinuxNoEditor, [00000218BFFD2000][00000218C0A8B2C0 49] LinuxAArch64NoEditor, [00000218BFF4AE00][00000218C0A93440 49] LinuxClient, [00000218BFFD1400][00000218C0AB35C0 49] LinuxAArch64Client, [00000218BFF49200][00000218C0ACD740 49] LinuxServer, [00000218BFFD2B00][00000218C0AD98C0 49] LinuxAArch64Server, [00000218BFF2FB00][00000218C0ADDA40 49] Android, [00000218BFEE6F00][00000218C0AE1BC0 49] Android_Low, [00000218BFF2F200][00000218C0AE41C0 49] Android_Mid, [00000218BFEE4A00][00000218C0AFE340 49] Android_High, [00000218BFF2E200][00000218C0B024C0 49] Android_Default, [00000218BFEE5D00][00000218C0B06640 49] Android_Adreno4xx, [00000218BFF2EA00][00000218C0B0A7C0 49] Android_Adreno5xx_Low, [00000218BFEE6E00][00000218C0B0E940 49] Android_Adreno5xx, [00000218BFF2CF00][00000218C0B12AC0 49] Android_Adreno6xx, [00000218BFEE6300][00000218C0B16C40 49] Android_Adreno6xx_Vulkan, [00000218BFFD2100][00000218C0B1ADC0 49] Android_Mali_T6xx, [00000218BFEE6200][00000218C0B1EF40 49] Android_Mali_T7xx, [00000218BFFD2700][00000218C0B230C0 49] Android_Mali_T8xx, [00000218BFEE5F00][00000218C0A8F200 49] Android_Mali_G71, [00000218BFFD1100][00000218C0B27340 49] Android_Mali_G72, [00000218BFEE7C00][00000218C0B2B480 49] Android_Mali_G72_Vulkan, [00000218BFFD0D00][00000218C0B2F5C0 49] Android_Mali_G76, [00000218BFEE4200][00000218C0B37740 49] Android_Mali_G76_Vulkan, [00000218BFFD2300][00000218C0B3B8C0 49] Android_Mali_G77, [00000218BFEE4700][00000218C0B3FA40 49] Android_Mali_G77_Vulkan, [00000218BFFD1700][00000218C0B43BC0 49] Android_Mali_G78, [00000218BFEE5E00][00000218C0B461C0 49] Android_Mali_G78_Vulkan, [00000218BFFD1B00][00000218C0B4A340 49] Android_Mali_G710, [00000218BFEE6100][00000218C0B4E4C0 49] Android_Mali_G710_Vulkan, [00000218BFFD0800][00000218C0B52640 49] Android_Vulkan_SM5, [00000218BFEE7100][00000218C0B567C0 49] Android_PowerVR_G6xxx, [00000218BFFD0300][00000218C0B5A940 49] Android_PowerVR_GT7xxx, [00000218BFEE6B00][00000218C0B5EAC0 49] Android_PowerVR_GE8xxx, [00000218BFFD1600][00000218C0B62C40 49] Android_PowerVR_GM9xxx, [00000218BFEE5900][00000218C0B66DC0 49] Android_PowerVR_GM9xxx_Vulkan, [00000218BFF2E300][00000218C0B6AF40 49] Android_TegraK1, [00000218BFEE5200][00000218C0B6F0C0 49] Android_Unknown_Vulkan, [00000218BFF2E600][00000218C0B73240 49] Lumin, [00000218BFEE5700][00000218C0B33380 49] Lumin_Desktop, [00000218BFF2E800][00000218C0B774C0 49] HoloLens, 
[2023.12.04-14.09.13:340][  0]LogMeshReduction: Using QuadricMeshReduction for automatic static mesh reduction
[2023.12.04-14.09.13:340][  0]LogMeshReduction: Using SimplygonMeshReduction for automatic skeletal mesh reduction
[2023.12.04-14.09.13:341][  0]LogMeshReduction: Using ProxyLODMeshReduction for automatic mesh merging
[2023.12.04-14.09.13:341][  0]LogMeshReduction: No distributed automatic mesh merging module available
[2023.12.04-14.09.13:341][  0]LogMeshMerging: No distributed automatic mesh merging module available
[2023.12.04-14.09.13:512][  0]LogNetVersion: OpenWorldMap 1.0.0, NetCL: 17155196, EngineNetVer: 17, GameNetVer: 0 (Checksum: 1785250455)
[2023.12.04-14.09.14:159][  0]LogTexture: Default maximum texture size for cubemaps generated from long-lat sources has been changed from 512 to unlimited. In order to preserve old behaiour for '/Engine/MapTemplates/Sky/DaylightAmbientCubemap.DaylightAmbientCubemap', its maximum texture size has been explicitly set to 512.
[2023.12.04-14.09.14:263][  0]LogHMD: PokeAHoleMaterial loaded successfully
[2023.12.04-14.09.14:272][  0]LogUObjectArray: 17983 objects as part of root set at end of initial load.
[2023.12.04-14.09.14:272][  0]LogUObjectAllocator: 4628000 out of 0 bytes used by permanent object pool.
[2023.12.04-14.09.14:272][  0]LogUObjectArray: CloseDisregardForGC: 0/0 objects in disregard for GC pool
[2023.12.04-14.09.14:517][  0]LogNiagaraDebuggerClient: Niagara Debugger Client Initialized | Session: 5A49AD604915B44D1CFC2F80DD44AF21 | Instance: C981873742AC6274FA619A9EC143DB8B (CHOCOBO-18048).
[2023.12.04-14.09.14:703][  0]LogPython: Using Python 3.7.7
[2023.12.04-14.09.15:780][  0]LogUdpMessaging: Initializing bridge on interface 0.0.0.0:0 to multicast group 230.0.0.1:6666.
[2023.12.04-14.09.15:796][  0]LogTcpMessaging: Initializing TcpMessaging bridge
[2023.12.04-14.09.16:023][  0]SourceControl: Source control is disabled
[2023.12.04-14.09.16:023][  0]SourceControl: Source control is disabled
[2023.12.04-14.09.16:029][  0]SourceControl: Source control is disabled
[2023.12.04-14.09.16:033][  0]SourceControl: Source control is disabled
[2023.12.04-14.09.16:038][  0]SourceControl: Source control is disabled
[2023.12.04-14.09.16:063][  0]LogUProjectInfo: Found projects:
[2023.12.04-14.09.16:076][  0]LogVSAccessor: Display: Unable to create Visual Studio setup instance: 80040154
[2023.12.04-14.09.16:077][  0]LogVSAccessor: Display: Unable to create Visual Studio setup instance: 80040154
[2023.12.04-14.09.16:078][  0]LogVSAccessor: Display: Unable to create Visual Studio setup instance: 80040154
[2023.12.04-14.09.16:316][  0]LogOpenImageDenoise: OIDN starting up
[2023.12.04-14.09.16:482][  0]LogAndroidPermission: UAndroidPermissionCallbackProxy::GetInstance
[2023.12.04-14.09.16:519][  0]LogAudioCaptureCore: Display: No Audio Capture implementations found. Audio input will be silent.
[2023.12.04-14.09.16:519][  0]LogAudioCaptureCore: Display: No Audio Capture implementations found. Audio input will be silent.
[2023.12.04-14.09.16:744][  0]LogCollectionManager: Loaded 0 collections in 0.001108 seconds
[2023.12.04-14.09.16:781][  0]LogFileCache: Scanning file cache for directory 'D:/0/new0/unreal/pjtgit/Forest(Project)/Forest(Project)/Saved/Collections/' took 0.00s
[2023.12.04-14.09.16:781][  0]LogFileCache: Scanning file cache for directory 'D:/0/new0/unreal/pjtgit/Forest(Project)/Forest(Project)/Content/Developers/Chocobo/Collections/' took 0.00s
[2023.12.04-14.09.16:781][  0]LogFileCache: Scanning file cache for directory 'D:/0/new0/unreal/pjtgit/Forest(Project)/Forest(Project)/Content/Collections/' took 0.00s
[2023.12.04-14.09.16:781][  0]LogOcInput: OculusInput pre-init called
[2023.12.04-14.09.17:309][  0]LogEngine: Initializing Engine...
[2023.12.04-14.09.17:314][  0]LogHMD: Failed to enumerate extensions. Please check that you have a valid OpenXR runtime installed.
[2023.12.04-14.09.17:315][  0]LogHMD: Failed to initialize OpenVR with code 102
[2023.12.04-14.09.17:315][  0]LogMagicLeap: Warning: VR disabled because ZI is not enabled.  To enable, in the editor, Edit -> Project Settings -> Plugins -> Magic Leap Plugin -> Enable Zero Iteration
[2023.12.04-14.09.17:317][  0]LogStats: UGameplayTagsManager::InitializeManager -  0.000 s
[2023.12.04-14.09.17:530][  0]LogInit: Initializing FReadOnlyCVARCache
[2023.12.04-14.09.17:544][  0]LogAIModule: Creating AISystem for world Untitled
[2023.12.04-14.09.17:552][  0]LogAudio: Display: Initializing Audio Device Manager...
[2023.12.04-14.09.17:558][  0]LogAudio: Display: Loading Default Audio Settings Objects...
[2023.12.04-14.09.17:559][  0]LogAudio: Display: No default SoundConcurrencyObject specified (or failed to load).
[2023.12.04-14.09.17:560][  0]LogAudio: Display: Audio Device Manager Initialized
[2023.12.04-14.09.17:560][  0]LogAudio: Display: Creating Audio Device:                 Id: 1, Scope: Shared, Realtime: True
[2023.12.04-14.09.17:560][  0]LogAudioMixer: Display: Audio Mixer Platform Settings:
[2023.12.04-14.09.17:560][  0]LogAudioMixer: Display: 	Sample Rate:						  48000
[2023.12.04-14.09.17:560][  0]LogAudioMixer: Display: 	Callback Buffer Frame Size Requested: 1024
[2023.12.04-14.09.17:560][  0]LogAudioMixer: Display: 	Callback Buffer Frame Size To Use:	  1024
[2023.12.04-14.09.17:560][  0]LogAudioMixer: Display: 	Number of buffers to queue:			  2
[2023.12.04-14.09.17:560][  0]LogAudioMixer: Display: 	Max Channels (voices):				  32
[2023.12.04-14.09.17:560][  0]LogAudioMixer: Display: 	Number of Async Source Workers:		  0
[2023.12.04-14.09.17:560][  0]LogAudio: Display: AudioDevice MaxSources: 32
[2023.12.04-14.09.17:561][  0]LogAudio: Display: Audio Spatialization Plugin: None (built-in).
[2023.12.04-14.09.17:561][  0]LogAudio: Display: Audio Reverb Plugin: None (built-in).
[2023.12.04-14.09.17:561][  0]LogAudio: Display: Audio Occlusion Plugin: None (built-in).
[2023.12.04-14.09.17:561][  0]LogAudioMixer: Display: Initializing audio mixer.
[2023.12.04-14.09.17:723][  0]LogAudioMixer: Display: 0: FrontLeft
[2023.12.04-14.09.17:723][  0]LogAudioMixer: Display: 1: FrontRight
[2023.12.04-14.09.17:723][  0]LogAudioMixer: Display: 2: FrontCenter
[2023.12.04-14.09.17:723][  0]LogAudioMixer: Display: 3: LowFrequency
[2023.12.04-14.09.17:723][  0]LogAudioMixer: Display: 4: BackLeft
[2023.12.04-14.09.17:723][  0]LogAudioMixer: Display: 5: BackRight
[2023.12.04-14.09.17:723][  0]LogAudioMixer: Display: 6: SideLeft
[2023.12.04-14.09.17:723][  0]LogAudioMixer: Display: 7: SideRight
[2023.12.04-14.09.17:995][  0]LogAudioMixer: Display: Using Audio Device 揚聲器/聽筒 (Realtek(R) Audio)
[2023.12.04-14.09.17:996][  0]LogAudioMixer: Display: Initializing Sound Submixes...
[2023.12.04-14.09.18:001][  0]LogAudioMixer: Display: Creating Master Submix 'MasterSubmixDefault'
[2023.12.04-14.09.18:001][  0]LogAudioMixer: Display: Creating Master Submix 'MasterReverbSubmixDefault'
[2023.12.04-14.09.18:001][  0]LogAudioMixer: Display: Creating Master Submix 'MasterEQSubmixDefault'
[2023.12.04-14.09.18:001][  0]LogAudioMixer: FMixerPlatformXAudio2::StartAudioStream() called
[2023.12.04-14.09.18:002][  0]LogAudioMixer: Display: Output buffers initialized: Frames=1024, Channels=8, Samples=8192
[2023.12.04-14.09.18:003][  0]LogAudioMixer: Display: Starting AudioMixerPlatformInterface::RunInternal()
[2023.12.04-14.09.18:003][  0]LogAudioMixer: Display: FMixerPlatformXAudio2::SubmitBuffer() called for the first time
[2023.12.04-14.09.18:003][  0]LogInit: FAudioDevice initialized.
[2023.12.04-14.09.18:003][  0]LogAudio: Display: Audio Device (ID: 1) registered with world 'Untitled'.
[2023.12.04-14.09.18:003][  0]LogNetVersion: Set ProjectVersion to 1.0.0.0. Version Checksum will be recalculated on next use.
[2023.12.04-14.09.18:117][  0]LogDerivedDataCache: Saved boot cache 0.11s 105MB C:/Users/user/AppData/Local/UnrealEngine/4.27/DerivedDataCache/Boot.ddc.
[2023.12.04-14.09.18:119][  0]LogInit: Texture streaming: Enabled
[2023.12.04-14.09.18:139][  0]LogAnalytics: Display: [UEEditor.Rocket.Release] APIServer = https://datarouter.ol.epicgames.com/. AppVersion = 4.27.2-18319896+++UE4+Release-4.27
[2023.12.04-14.09.18:145][  0]LogEngineSessionManager: EngineSessionManager initialized
[2023.12.04-14.09.18:145][  0]LogEditorSessionSummary: Verbose: Initializing EditorSessionSummaryWriter for editor session tracking
[2023.12.04-14.09.18:148][  0]LogEditorSessionSummary: EditorSessionSummaryWriter initialized
[2023.12.04-14.09.18:190][  0]LogInit: Transaction tracking system initialized
[2023.12.04-14.09.18:224][  0]BlueprintLog: New page: Editor Load
[2023.12.04-14.09.18:323][  0]LocalizationService: Localization service is disabled
[2023.12.04-14.09.18:360][  0]TimingProfiler: Initialize
[2023.12.04-14.09.18:360][  0]TimingProfiler: OnSessionChanged
[2023.12.04-14.09.18:360][  0]LoadingProfiler: Initialize
[2023.12.04-14.09.18:360][  0]LoadingProfiler: OnSessionChanged
[2023.12.04-14.09.18:360][  0]NetworkingProfiler: Initialize
[2023.12.04-14.09.18:360][  0]NetworkingProfiler: OnSessionChanged
[2023.12.04-14.09.18:360][  0]MemoryProfiler: Initialize
[2023.12.04-14.09.18:360][  0]MemoryProfiler: OnSessionChanged
[2023.12.04-14.09.18:445][  0]LogVSAccessor: Display: Unable to create Visual Studio setup instance: 80040154
[2023.12.04-14.09.18:446][  0]LogVSAccessor: Display: Unable to create Visual Studio setup instance: 80040154
[2023.12.04-14.09.18:447][  0]LogVSAccessor: Display: Unable to create Visual Studio setup instance: 80040154
[2023.12.04-14.09.18:587][  0]LogCook: Display: CookSettings for Memory: MemoryMaxUsedVirtual 0MiB, MemoryMaxUsedPhysical 16384MiB, MemoryMinFreeVirtual 0MiB, MemoryMinFreePhysical 1024MiB
[2023.12.04-14.09.18:587][  0]LogCook: Display: Mobile HDR setting 1
[2023.12.04-14.09.18:917][  0]LogFileCache: Scanning file cache for directory 'D:/0/new0/unreal/pjtgit/Forest(Project)/Forest(Project)/Content/' took 0.08s
[2023.12.04-14.09.19:297][  0]LogInit: Display: Engine is initialized. Leaving FEngineLoop::Init()
[2023.12.04-14.09.19:302][  0]SourceControl: Source control is disabled
[2023.12.04-14.09.19:302][  0]LogUnrealEdMisc: Loading editor; pre map load, took 12.722
[2023.12.04-14.09.19:302][  0]Cmd: MAP LOAD FILE="../../../../0/new0/unreal/pjtgit/Forest(Project)/Forest(Project)/Content/Main_Menu_Level.umap" TEMPLATE=0 SHOWPROGRESS=1 FEATURELEVEL=3
[2023.12.04-14.09.19:302][  0]LightingResults: New page: Lighting Build
[2023.12.04-14.09.19:304][  0]LogWorld: UWorld::CleanupWorld for Untitled, bSessionEnded=true, bCleanupResources=true
[2023.12.04-14.09.19:304][  0]LogSlate: InvalidateAllWidgets triggered.  All widgets were invalidated
[2023.12.04-14.09.19:305][  0]MapCheck: New page: Map Check
[2023.12.04-14.09.19:305][  0]LightingResults: New page: Lighting Build
[2023.12.04-14.09.19:315][  0]LogAudio: Display: Audio Device unregistered from world 'None'.
[2023.12.04-14.09.19:318][  0]LogUObjectHash: Compacting FUObjectHashTables data took   1.10ms
[2023.12.04-14.09.19:343][  0]LogAudio: Display: Audio Device (ID: 1) registered with world 'Main_Menu_Level'.
[2023.12.04-14.09.19:344][  0]LogAIModule: Creating AISystem for world Main_Menu_Level
[2023.12.04-14.09.19:345][  0]LogEditorServer: Finished looking for orphan Actors (0.000 secs)
[2023.12.04-14.09.19:353][  0]LogUObjectHash: Compacting FUObjectHashTables data took   1.08ms
[2023.12.04-14.09.19:353][  0]Cmd: MAP CHECKDEP NOCLEARLOG
[2023.12.04-14.09.19:353][  0]MapCheck: Map check complete: 0 Error(s), 0 Warning(s), took 0.119ms to complete.
[2023.12.04-14.09.19:353][  0]LogFileHelpers: Loading map 'Main_Menu_Level' took 0.052
[2023.12.04-14.09.19:356][  0]LogUnrealEdMisc: Total Editor Startup Time, took 12.776
[2023.12.04-14.09.19:514][  0]LogSlate: Updating window title bar state: overlay mode, drag disabled, window buttons hidden, title bar hidden
[2023.12.04-14.09.19:523][  0]LogSlate: Updating window title bar state: overlay mode, drag disabled, window buttons hidden, title bar hidden
[2023.12.04-14.09.19:532][  0]LogSlate: Updating window title bar state: overlay mode, drag disabled, window buttons hidden, title bar hidden
[2023.12.04-14.09.19:541][  0]LogSlate: Updating window title bar state: overlay mode, drag disabled, window buttons hidden, title bar hidden
[2023.12.04-14.09.19:564][  0]LogNativeClassHierarchy: Verbose: Native class hierarchy populated in 0.0160 seconds. Added 3880 classes and 940 folders.
[2023.12.04-14.09.19:570][  0]LogNativeClassHierarchy: Verbose: Native class hierarchy updated for 'WidgetCarousel' in 0.0004 seconds. Added 0 classes and 0 folders.
[2023.12.04-14.09.19:573][  0]LogPakFile: PakFile PrimaryIndexSize=187
[2023.12.04-14.09.19:573][  0]LogPakFile: PakFile PathHashIndexSize=101
[2023.12.04-14.09.19:573][  0]LogPakFile: PakFile FullDirectoryIndexSize=148
[2023.12.04-14.09.19:573][  0]LogShaderLibrary: Display: ShaderCodeLibraryPakFileMountedCallback: PakFile 'D:/UE_4.27/FeaturePacks/FP_FirstPerson.upack' (chunk index -1, root 'root:/') mounted
[2023.12.04-14.09.19:573][  0]LogShaderLibrary: Display: ShaderCodeLibraryPakFileMountedCallback: pending pak file info (ChunkID:-1 Root:root:/ File:D:/UE_4.27/FeaturePacks/FP_FirstPerson.upack)
[2023.12.04-14.09.19:573][  0]LogPakFile: OnPakFileMounted2Time == 0.000080
[2023.12.04-14.09.19:575][  0]LogPakFile: PakFile PrimaryIndexSize=189
[2023.12.04-14.09.19:575][  0]LogPakFile: PakFile PathHashIndexSize=101
[2023.12.04-14.09.19:575][  0]LogPakFile: PakFile FullDirectoryIndexSize=152
[2023.12.04-14.09.19:575][  0]LogShaderLibrary: Display: ShaderCodeLibraryPakFileMountedCallback: PakFile 'D:/UE_4.27/FeaturePacks/FP_FirstPersonBP.upack' (chunk index -1, root 'root:/') mounted
[2023.12.04-14.09.19:575][  0]LogShaderLibrary: Display: ShaderCodeLibraryPakFileMountedCallback: pending pak file info (ChunkID:-1 Root:root:/ File:D:/UE_4.27/FeaturePacks/FP_FirstPersonBP.upack)
[2023.12.04-14.09.19:575][  0]LogPakFile: OnPakFileMounted2Time == 0.000062
[2023.12.04-14.09.19:577][  0]LogPakFile: PakFile PrimaryIndexSize=191
[2023.12.04-14.09.19:577][  0]LogPakFile: PakFile PathHashIndexSize=101
[2023.12.04-14.09.19:577][  0]LogPakFile: PakFile FullDirectoryIndexSize=160
[2023.12.04-14.09.19:577][  0]LogShaderLibrary: Display: ShaderCodeLibraryPakFileMountedCallback: PakFile 'D:/UE_4.27/FeaturePacks/MobileStarterContent.upack' (chunk index -1, root 'root:/') mounted
[2023.12.04-14.09.19:577][  0]LogShaderLibrary: Display: ShaderCodeLibraryPakFileMountedCallback: pending pak file info (ChunkID:-1 Root:root:/ File:D:/UE_4.27/FeaturePacks/MobileStarterContent.upack)
[2023.12.04-14.09.19:577][  0]LogPakFile: OnPakFileMounted2Time == 0.000053
[2023.12.04-14.09.19:578][  0]LogPakFile: PakFile PrimaryIndexSize=185
[2023.12.04-14.09.19:578][  0]LogPakFile: PakFile PathHashIndexSize=101
[2023.12.04-14.09.19:578][  0]LogPakFile: PakFile FullDirectoryIndexSize=148
[2023.12.04-14.09.19:578][  0]LogShaderLibrary: Display: ShaderCodeLibraryPakFileMountedCallback: PakFile 'D:/UE_4.27/FeaturePacks/StarterContent.upack' (chunk index -1, root 'root:/') mounted
[2023.12.04-14.09.19:578][  0]LogShaderLibrary: Display: ShaderCodeLibraryPakFileMountedCallback: pending pak file info (ChunkID:-1 Root:root:/ File:D:/UE_4.27/FeaturePacks/StarterContent.upack)
[2023.12.04-14.09.19:578][  0]LogPakFile: OnPakFileMounted2Time == 0.000055
[2023.12.04-14.09.19:579][  0]LogPakFile: PakFile PrimaryIndexSize=190
[2023.12.04-14.09.19:579][  0]LogPakFile: PakFile PathHashIndexSize=101
[2023.12.04-14.09.19:579][  0]LogPakFile: PakFile FullDirectoryIndexSize=154
[2023.12.04-14.09.19:579][  0]LogShaderLibrary: Display: ShaderCodeLibraryPakFileMountedCallback: PakFile 'D:/UE_4.27/FeaturePacks/TP_2DSideScroller.upack' (chunk index -1, root 'root:/') mounted
[2023.12.04-14.09.19:580][  0]LogShaderLibrary: Display: ShaderCodeLibraryPakFileMountedCallback: pending pak file info (ChunkID:-1 Root:root:/ File:D:/UE_4.27/FeaturePacks/TP_2DSideScroller.upack)
[2023.12.04-14.09.19:580][  0]LogPakFile: OnPakFileMounted2Time == 0.000072
[2023.12.04-14.09.19:581][  0]LogPakFile: PakFile PrimaryIndexSize=192
[2023.12.04-14.09.19:581][  0]LogPakFile: PakFile PathHashIndexSize=101
[2023.12.04-14.09.19:581][  0]LogPakFile: PakFile FullDirectoryIndexSize=158
[2023.12.04-14.09.19:581][  0]LogShaderLibrary: Display: ShaderCodeLibraryPakFileMountedCallback: PakFile 'D:/UE_4.27/FeaturePacks/TP_2DSideScrollerBP.upack' (chunk index -1, root 'root:/') mounted
[2023.12.04-14.09.19:581][  0]LogShaderLibrary: Display: ShaderCodeLibraryPakFileMountedCallback: pending pak file info (ChunkID:-1 Root:root:/ File:D:/UE_4.27/FeaturePacks/TP_2DSideScrollerBP.upack)
[2023.12.04-14.09.19:581][  0]LogPakFile: OnPakFileMounted2Time == 0.000053
[2023.12.04-14.09.19:582][  0]LogPakFile: PakFile PrimaryIndexSize=182
[2023.12.04-14.09.19:582][  0]LogPakFile: PakFile PathHashIndexSize=101
[2023.12.04-14.09.19:582][  0]LogPakFile: PakFile FullDirectoryIndexSize=138
[2023.12.04-14.09.19:582][  0]LogShaderLibrary: Display: ShaderCodeLibraryPakFileMountedCallback: PakFile 'D:/UE_4.27/FeaturePacks/TP_Flying.upack' (chunk index -1, root 'root:/') mounted
[2023.12.04-14.09.19:582][  0]LogShaderLibrary: Display: ShaderCodeLibraryPakFileMountedCallback: pending pak file info (ChunkID:-1 Root:root:/ File:D:/UE_4.27/FeaturePacks/TP_Flying.upack)
[2023.12.04-14.09.19:582][  0]LogPakFile: OnPakFileMounted2Time == 0.000056
[2023.12.04-14.09.19:584][  0]LogPakFile: PakFile PrimaryIndexSize=184
[2023.12.04-14.09.19:584][  0]LogPakFile: PakFile PathHashIndexSize=101
[2023.12.04-14.09.19:584][  0]LogPakFile: PakFile FullDirectoryIndexSize=142
[2023.12.04-14.09.19:584][  0]LogShaderLibrary: Display: ShaderCodeLibraryPakFileMountedCallback: PakFile 'D:/UE_4.27/FeaturePacks/TP_FlyingBP.upack' (chunk index -1, root 'root:/') mounted
[2023.12.04-14.09.19:584][  0]LogShaderLibrary: Display: ShaderCodeLibraryPakFileMountedCallback: pending pak file info (ChunkID:-1 Root:root:/ File:D:/UE_4.27/FeaturePacks/TP_FlyingBP.upack)
[2023.12.04-14.09.19:584][  0]LogPakFile: OnPakFileMounted2Time == 0.000051
[2023.12.04-14.09.19:585][  0]LogPakFile: PakFile PrimaryIndexSize=188
[2023.12.04-14.09.19:585][  0]LogPakFile: PakFile PathHashIndexSize=101
[2023.12.04-14.09.19:585][  0]LogPakFile: PakFile FullDirectoryIndexSize=150
[2023.12.04-14.09.19:585][  0]LogShaderLibrary: Display: ShaderCodeLibraryPakFileMountedCallback: PakFile 'D:/UE_4.27/FeaturePacks/TP_HandheldARBP.upack' (chunk index -1, root 'root:/') mounted
[2023.12.04-14.09.19:585][  0]LogShaderLibrary: Display: ShaderCodeLibraryPakFileMountedCallback: pending pak file info (ChunkID:-1 Root:root:/ File:D:/UE_4.27/FeaturePacks/TP_HandheldARBP.upack)
[2023.12.04-14.09.19:585][  0]LogPakFile: OnPakFileMounted2Time == 0.000052
[2023.12.04-14.09.19:587][  0]LogPakFile: PakFile PrimaryIndexSize=182
[2023.12.04-14.09.19:587][  0]LogPakFile: PakFile PathHashIndexSize=101
[2023.12.04-14.09.19:587][  0]LogPakFile: PakFile FullDirectoryIndexSize=138
[2023.12.04-14.09.19:587][  0]LogShaderLibrary: Display: ShaderCodeLibraryPakFileMountedCallback: PakFile 'D:/UE_4.27/FeaturePacks/TP_Puzzle.upack' (chunk index -1, root 'root:/') mounted
[2023.12.04-14.09.19:587][  0]LogShaderLibrary: Display: ShaderCodeLibraryPakFileMountedCallback: pending pak file info (ChunkID:-1 Root:root:/ File:D:/UE_4.27/FeaturePacks/TP_Puzzle.upack)
[2023.12.04-14.09.19:587][  0]LogPakFile: OnPakFileMounted2Time == 0.000051
[2023.12.04-14.09.19:588][  0]LogPakFile: PakFile PrimaryIndexSize=184
[2023.12.04-14.09.19:588][  0]LogPakFile: PakFile PathHashIndexSize=101
[2023.12.04-14.09.19:588][  0]LogPakFile: PakFile FullDirectoryIndexSize=142
[2023.12.04-14.09.19:588][  0]LogShaderLibrary: Display: ShaderCodeLibraryPakFileMountedCallback: PakFile 'D:/UE_4.27/FeaturePacks/TP_PuzzleBP.upack' (chunk index -1, root 'root:/') mounted
[2023.12.04-14.09.19:588][  0]LogShaderLibrary: Display: ShaderCodeLibraryPakFileMountedCallback: pending pak file info (ChunkID:-1 Root:root:/ File:D:/UE_4.27/FeaturePacks/TP_PuzzleBP.upack)
[2023.12.04-14.09.19:588][  0]LogPakFile: OnPakFileMounted2Time == 0.000051
[2023.12.04-14.09.19:589][  0]LogPakFile: PakFile PrimaryIndexSize=183
[2023.12.04-14.09.19:590][  0]LogPakFile: PakFile PathHashIndexSize=101
[2023.12.04-14.09.19:590][  0]LogPakFile: PakFile FullDirectoryIndexSize=140
[2023.12.04-14.09.19:590][  0]LogShaderLibrary: Display: ShaderCodeLibraryPakFileMountedCallback: PakFile 'D:/UE_4.27/FeaturePacks/TP_Rolling.upack' (chunk index -1, root 'root:/') mounted
[2023.12.04-14.09.19:590][  0]LogShaderLibrary: Display: ShaderCodeLibraryPakFileMountedCallback: pending pak file info (ChunkID:-1 Root:root:/ File:D:/UE_4.27/FeaturePacks/TP_Rolling.upack)
[2023.12.04-14.09.19:590][  0]LogPakFile: OnPakFileMounted2Time == 0.000055
[2023.12.04-14.09.19:591][  0]LogPakFile: PakFile PrimaryIndexSize=185
[2023.12.04-14.09.19:591][  0]LogPakFile: PakFile PathHashIndexSize=101
[2023.12.04-14.09.19:592][  0]LogPakFile: PakFile FullDirectoryIndexSize=144
[2023.12.04-14.09.19:592][  0]LogShaderLibrary: Display: ShaderCodeLibraryPakFileMountedCallback: PakFile 'D:/UE_4.27/FeaturePacks/TP_RollingBP.upack' (chunk index -1, root 'root:/') mounted
[2023.12.04-14.09.19:592][  0]LogShaderLibrary: Display: ShaderCodeLibraryPakFileMountedCallback: pending pak file info (ChunkID:-1 Root:root:/ File:D:/UE_4.27/FeaturePacks/TP_RollingBP.upack)
[2023.12.04-14.09.19:592][  0]LogPakFile: OnPakFileMounted2Time == 0.000120
[2023.12.04-14.09.19:594][  0]LogPakFile: PakFile PrimaryIndexSize=188
[2023.12.04-14.09.19:594][  0]LogPakFile: PakFile PathHashIndexSize=101
[2023.12.04-14.09.19:594][  0]LogPakFile: PakFile FullDirectoryIndexSize=150
[2023.12.04-14.09.19:594][  0]LogShaderLibrary: Display: ShaderCodeLibraryPakFileMountedCallback: PakFile 'D:/UE_4.27/FeaturePacks/TP_SideScroller.upack' (chunk index -1, root 'root:/') mounted
[2023.12.04-14.09.19:594][  0]LogShaderLibrary: Display: ShaderCodeLibraryPakFileMountedCallback: pending pak file info (ChunkID:-1 Root:root:/ File:D:/UE_4.27/FeaturePacks/TP_SideScroller.upack)
[2023.12.04-14.09.19:594][  0]LogPakFile: OnPakFileMounted2Time == 0.000122
[2023.12.04-14.09.19:597][  0]LogPakFile: PakFile PrimaryIndexSize=190
[2023.12.04-14.09.19:597][  0]LogPakFile: PakFile PathHashIndexSize=101
[2023.12.04-14.09.19:597][  0]LogPakFile: PakFile FullDirectoryIndexSize=154
[2023.12.04-14.09.19:597][  0]LogShaderLibrary: Display: ShaderCodeLibraryPakFileMountedCallback: PakFile 'D:/UE_4.27/FeaturePacks/TP_SideScrollerBP.upack' (chunk index -1, root 'root:/') mounted
[2023.12.04-14.09.19:597][  0]LogShaderLibrary: Display: ShaderCodeLibraryPakFileMountedCallback: pending pak file info (ChunkID:-1 Root:root:/ File:D:/UE_4.27/FeaturePacks/TP_SideScrollerBP.upack)
[2023.12.04-14.09.19:597][  0]LogPakFile: OnPakFileMounted2Time == 0.000117
[2023.12.04-14.09.19:599][  0]LogPakFile: PakFile PrimaryIndexSize=187
[2023.12.04-14.09.19:599][  0]LogPakFile: PakFile PathHashIndexSize=101
[2023.12.04-14.09.19:599][  0]LogPakFile: PakFile FullDirectoryIndexSize=148
[2023.12.04-14.09.19:599][  0]LogShaderLibrary: Display: ShaderCodeLibraryPakFileMountedCallback: PakFile 'D:/UE_4.27/FeaturePacks/TP_ThirdPerson.upack' (chunk index -1, root 'root:/') mounted
[2023.12.04-14.09.19:600][  0]LogShaderLibrary: Display: ShaderCodeLibraryPakFileMountedCallback: pending pak file info (ChunkID:-1 Root:root:/ File:D:/UE_4.27/FeaturePacks/TP_ThirdPerson.upack)
[2023.12.04-14.09.19:600][  0]LogPakFile: OnPakFileMounted2Time == 0.000125
[2023.12.04-14.09.19:602][  0]LogPakFile: PakFile PrimaryIndexSize=189
[2023.12.04-14.09.19:602][  0]LogPakFile: PakFile PathHashIndexSize=101
[2023.12.04-14.09.19:602][  0]LogPakFile: PakFile FullDirectoryIndexSize=152
[2023.12.04-14.09.19:602][  0]LogShaderLibrary: Display: ShaderCodeLibraryPakFileMountedCallback: PakFile 'D:/UE_4.27/FeaturePacks/TP_ThirdPersonBP.upack' (chunk index -1, root 'root:/') mounted
[2023.12.04-14.09.19:602][  0]LogShaderLibrary: Display: ShaderCodeLibraryPakFileMountedCallback: pending pak file info (ChunkID:-1 Root:root:/ File:D:/UE_4.27/FeaturePacks/TP_ThirdPersonBP.upack)
[2023.12.04-14.09.19:602][  0]LogPakFile: OnPakFileMounted2Time == 0.000118
[2023.12.04-14.09.19:605][  0]LogPakFile: PakFile PrimaryIndexSize=183
[2023.12.04-14.09.19:605][  0]LogPakFile: PakFile PathHashIndexSize=101
[2023.12.04-14.09.19:605][  0]LogPakFile: PakFile FullDirectoryIndexSize=140
[2023.12.04-14.09.19:605][  0]LogShaderLibrary: Display: ShaderCodeLibraryPakFileMountedCallback: PakFile 'D:/UE_4.27/FeaturePacks/TP_TopDown.upack' (chunk index -1, root 'root:/') mounted
[2023.12.04-14.09.19:605][  0]LogShaderLibrary: Display: ShaderCodeLibraryPakFileMountedCallback: pending pak file info (ChunkID:-1 Root:root:/ File:D:/UE_4.27/FeaturePacks/TP_TopDown.upack)
[2023.12.04-14.09.19:605][  0]LogPakFile: OnPakFileMounted2Time == 0.000128
[2023.12.04-14.09.19:607][  0]LogPakFile: PakFile PrimaryIndexSize=185
[2023.12.04-14.09.19:607][  0]LogPakFile: PakFile PathHashIndexSize=101
[2023.12.04-14.09.19:607][  0]LogPakFile: PakFile FullDirectoryIndexSize=144
[2023.12.04-14.09.19:607][  0]LogShaderLibrary: Display: ShaderCodeLibraryPakFileMountedCallback: PakFile 'D:/UE_4.27/FeaturePacks/TP_TopDownBP.upack' (chunk index -1, root 'root:/') mounted
[2023.12.04-14.09.19:607][  0]LogShaderLibrary: Display: ShaderCodeLibraryPakFileMountedCallback: pending pak file info (ChunkID:-1 Root:root:/ File:D:/UE_4.27/FeaturePacks/TP_TopDownBP.upack)
[2023.12.04-14.09.19:607][  0]LogPakFile: OnPakFileMounted2Time == 0.000082
[2023.12.04-14.09.19:609][  0]LogPakFile: PakFile PrimaryIndexSize=185
[2023.12.04-14.09.19:609][  0]LogPakFile: PakFile PathHashIndexSize=101
[2023.12.04-14.09.19:609][  0]LogPakFile: PakFile FullDirectoryIndexSize=144
[2023.12.04-14.09.19:609][  0]LogShaderLibrary: Display: ShaderCodeLibraryPakFileMountedCallback: PakFile 'D:/UE_4.27/FeaturePacks/TP_TwinStick.upack' (chunk index -1, root 'root:/') mounted
[2023.12.04-14.09.19:609][  0]LogShaderLibrary: Display: ShaderCodeLibraryPakFileMountedCallback: pending pak file info (ChunkID:-1 Root:root:/ File:D:/UE_4.27/FeaturePacks/TP_TwinStick.upack)
[2023.12.04-14.09.19:609][  0]LogPakFile: OnPakFileMounted2Time == 0.000055
[2023.12.04-14.09.19:610][  0]LogPakFile: PakFile PrimaryIndexSize=187
[2023.12.04-14.09.19:610][  0]LogPakFile: PakFile PathHashIndexSize=101
[2023.12.04-14.09.19:610][  0]LogPakFile: PakFile FullDirectoryIndexSize=148
[2023.12.04-14.09.19:611][  0]LogShaderLibrary: Display: ShaderCodeLibraryPakFileMountedCallback: PakFile 'D:/UE_4.27/FeaturePacks/TP_TwinStickBP.upack' (chunk index -1, root 'root:/') mounted
[2023.12.04-14.09.19:611][  0]LogShaderLibrary: Display: ShaderCodeLibraryPakFileMountedCallback: pending pak file info (ChunkID:-1 Root:root:/ File:D:/UE_4.27/FeaturePacks/TP_TwinStickBP.upack)
[2023.12.04-14.09.19:611][  0]LogPakFile: OnPakFileMounted2Time == 0.000091
[2023.12.04-14.09.19:612][  0]LogPakFile: PakFile PrimaryIndexSize=183
[2023.12.04-14.09.19:612][  0]LogPakFile: PakFile PathHashIndexSize=101
[2023.12.04-14.09.19:612][  0]LogPakFile: PakFile FullDirectoryIndexSize=140
[2023.12.04-14.09.19:612][  0]LogShaderLibrary: Display: ShaderCodeLibraryPakFileMountedCallback: PakFile 'D:/UE_4.27/FeaturePacks/TP_Vehicle.upack' (chunk index -1, root 'root:/') mounted
[2023.12.04-14.09.19:612][  0]LogShaderLibrary: Display: ShaderCodeLibraryPakFileMountedCallback: pending pak file info (ChunkID:-1 Root:root:/ File:D:/UE_4.27/FeaturePacks/TP_Vehicle.upack)
[2023.12.04-14.09.19:612][  0]LogPakFile: OnPakFileMounted2Time == 0.000059
[2023.12.04-14.09.19:613][  0]LogPakFile: PakFile PrimaryIndexSize=186
[2023.12.04-14.09.19:613][  0]LogPakFile: PakFile PathHashIndexSize=101
[2023.12.04-14.09.19:613][  0]LogPakFile: PakFile FullDirectoryIndexSize=146
[2023.12.04-14.09.19:613][  0]LogShaderLibrary: Display: ShaderCodeLibraryPakFileMountedCallback: PakFile 'D:/UE_4.27/FeaturePacks/TP_VehicleAdv.upack' (chunk index -1, root 'root:/') mounted
[2023.12.04-14.09.19:614][  0]LogShaderLibrary: Display: ShaderCodeLibraryPakFileMountedCallback: pending pak file info (ChunkID:-1 Root:root:/ File:D:/UE_4.27/FeaturePacks/TP_VehicleAdv.upack)
[2023.12.04-14.09.19:614][  0]LogPakFile: OnPakFileMounted2Time == 0.000061
[2023.12.04-14.09.19:615][  0]LogPakFile: PakFile PrimaryIndexSize=188
[2023.12.04-14.09.19:615][  0]LogPakFile: PakFile PathHashIndexSize=101
[2023.12.04-14.09.19:615][  0]LogPakFile: PakFile FullDirectoryIndexSize=150
[2023.12.04-14.09.19:615][  0]LogShaderLibrary: Display: ShaderCodeLibraryPakFileMountedCallback: PakFile 'D:/UE_4.27/FeaturePacks/TP_VehicleAdvBP.upack' (chunk index -1, root 'root:/') mounted
[2023.12.04-14.09.19:615][  0]LogShaderLibrary: Display: ShaderCodeLibraryPakFileMountedCallback: pending pak file info (ChunkID:-1 Root:root:/ File:D:/UE_4.27/FeaturePacks/TP_VehicleAdvBP.upack)
[2023.12.04-14.09.19:615][  0]LogPakFile: OnPakFileMounted2Time == 0.000057
[2023.12.04-14.09.19:616][  0]LogPakFile: PakFile PrimaryIndexSize=185
[2023.12.04-14.09.19:616][  0]LogPakFile: PakFile PathHashIndexSize=101
[2023.12.04-14.09.19:616][  0]LogPakFile: PakFile FullDirectoryIndexSize=144
[2023.12.04-14.09.19:616][  0]LogShaderLibrary: Display: ShaderCodeLibraryPakFileMountedCallback: PakFile 'D:/UE_4.27/FeaturePacks/TP_VehicleBP.upack' (chunk index -1, root 'root:/') mounted
[2023.12.04-14.09.19:616][  0]LogShaderLibrary: Display: ShaderCodeLibraryPakFileMountedCallback: pending pak file info (ChunkID:-1 Root:root:/ File:D:/UE_4.27/FeaturePacks/TP_VehicleBP.upack)
[2023.12.04-14.09.19:616][  0]LogPakFile: OnPakFileMounted2Time == 0.000060
[2023.12.04-14.09.19:618][  0]LogPakFile: PakFile PrimaryIndexSize=192
[2023.12.04-14.09.19:618][  0]LogPakFile: PakFile PathHashIndexSize=101
[2023.12.04-14.09.19:618][  0]LogPakFile: PakFile FullDirectoryIndexSize=158
[2023.12.04-14.09.19:618][  0]LogShaderLibrary: Display: ShaderCodeLibraryPakFileMountedCallback: PakFile 'D:/UE_4.27/FeaturePacks/TP_VirtualRealityBP.upack' (chunk index -1, root 'root:/') mounted
[2023.12.04-14.09.19:618][  0]LogShaderLibrary: Display: ShaderCodeLibraryPakFileMountedCallback: pending pak file info (ChunkID:-1 Root:root:/ File:D:/UE_4.27/FeaturePacks/TP_VirtualRealityBP.upack)
[2023.12.04-14.09.19:618][  0]LogPakFile: OnPakFileMounted2Time == 0.000059
[2023.12.04-14.09.19:740][  0]LogNativeClassHierarchy: Verbose: Native class hierarchy updated for 'AddContentDialog' in 0.0003 seconds. Added 0 classes and 0 folders.
[2023.12.04-14.09.19:825][  0]LogSlate: Took 0.000323 seconds to synchronously load lazily loaded font '../../../Engine/Content/Slate/Fonts/Roboto-Regular.ttf' (155K)
[2023.12.04-14.09.19:826][  0]LogSlate: Took 0.000280 seconds to synchronously load lazily loaded font '../../../Engine/Content/Editor/Slate/Fonts/FontAwesome.ttf' (139K)
[2023.12.04-14.09.19:829][  0]LogSlate: Took 0.000236 seconds to synchronously load lazily loaded font '../../../Engine/Content/Slate/Fonts/Roboto-Bold.ttf' (160K)
[2023.12.04-14.09.19:946][  0]LogRenderer: Reallocating scene render targets to support 1176x540 Format 10 NumSamples 1 (Frame:1).
[2023.12.04-14.09.20:630][  0]LogSlate: Took 0.000347 seconds to synchronously load lazily loaded font '../../../Engine/Content/Slate/Fonts/Roboto-Light.ttf' (167K)
[2023.12.04-14.09.20:734][  0]LogNativeClassHierarchy: Verbose: Native class hierarchy updated for 'HierarchicalLODOutliner' in 0.0003 seconds. Added 0 classes and 0 folders.
[2023.12.04-14.09.20:734][  0]LogLoad: (Engine Initialization) Total time: 14.15 seconds
[2023.12.04-14.09.20:734][  0]LogLoad: (Engine Initialization) Total Blueprint compile time: 0.00 seconds
[2023.12.04-14.09.20:811][  0]LogContentStreaming: Texture pool size now 1000 MB
[2023.12.04-14.09.20:948][  2]LogAssetRegistry: Asset discovery search completed in 8.1109 seconds
[2023.12.04-14.09.20:957][  2]LogCollectionManager: Fixed up redirectors for 0 collections in 0.000005 seconds (updated 0 objects)
[2023.12.04-14.09.25:943][ 17]LogFileCache: Retrieving MD5 hashes for directory 'D:/0/new0/unreal/pjtgit/Forest(Project)/Forest(Project)/Content/' took 5.18s
[2023.12.04-14.11.08:456][357]LogUObjectHash: Compacting FUObjectHashTables data took   1.01ms
[2023.12.04-14.11.25:801][357]LogMainFrame: Project requires temp target (Water plugin is enabled)
[2023.12.04-14.11.25:802][357]LogLauncherProfile: Unable to use promoted target - ../../../../0/new0/unreal/pjtgit/Forest(Project)/Forest(Project)/Binaries/Win64/UE4Game.target does not exist.
[2023.12.04-14.11.26:027][363]UATHelper: Packaging (Windows (64-bit)): Running AutomationTool...
[2023.12.04-14.11.26:582][396]UATHelper: Packaging (Windows (64-bit)): Parsing command line: -ScriptsForProject=D:/0/new0/unreal/pjtgit/Forest(Project)/Forest(Project)/OpenWorldMap.uproject BuildCookRun -nocompileeditor -installed -nop4 -project=D:/0/new0/unreal/pjtgit/Forest(Project)/Forest(Project)/OpenWorldMap.uproject -cook -stage -archive -archivedirectory=D:/0/new0/unreal/pjtout -package -ue4exe=D:\UE_4.27\Engine\Binaries\Win64\UE4Editor-Cmd.exe -compressed -ddc=InstalledDerivedDataBackendGraph -pak -prereqs -nodebuginfo -targetplatform=Win64 -build -clientconfig=Development -utf8output
[2023.12.04-14.11.26:672][401]UATHelper: Packaging (Windows (64-bit)): WARNING: Error while enumerating Visual Studio toolchains
[2023.12.04-14.11.26:672][401]UATHelper: Packaging (Windows (64-bit)): WARNING: Assuming no compilation capability.
[2023.12.04-14.11.26:672][401]PackagingResults: Warning: Error while enumerating Visual Studio toolchains
[2023.12.04-14.11.26:672][401]PackagingResults: Warning: Assuming no compilation capability.
[2023.12.04-14.11.31:735][705]UATHelper: Packaging (Windows (64-bit)): Setting up ProjectParams for D:\0\new0\unreal\pjtgit\Forest(Project)\Forest(Project)\OpenWorldMap.uproject
[2023.12.04-14.11.32:097][726]UATHelper: Packaging (Windows (64-bit)): OpenWorldMap.uproject requires a temporary target.cs to be generated (Water plugin is enabled)
[2023.12.04-14.11.32:199][730]UATHelper: Packaging (Windows (64-bit)): ERROR: D:\0\new0\unreal\pjtgit\Forest(Project)\Forest(Project)\OpenWorldMap.uproject does not look like uproject file but no targets have been found!
[2023.12.04-14.11.32:199][730]UATHelper: Packaging (Windows (64-bit)):        (see C:\Users\user\AppData\Roaming\Unreal Engine\AutomationTool\Logs\D+UE_4.27\Log.txt for full exception trace)
[2023.12.04-14.11.32:199][730]PackagingResults: Error: D:\0\new0\unreal\pjtgit\Forest(Project)\Forest(Project)\OpenWorldMap.uproject does not look like uproject file but no targets have been found!
[2023.12.04-14.11.32:260][734]UATHelper: Packaging (Windows (64-bit)): AutomationTool exiting with ExitCode=1 (Error_Unknown)
[2023.12.04-14.11.32:320][736]UATHelper: Packaging (Windows (64-bit)): BUILD FAILED
[2023.12.04-14.11.32:320][736]PackagingResults: Error: Unknown Error
[2023.12.04-14.11.34:968][885]LogSlate: Took 0.000326 seconds to synchronously load lazily loaded font '../../../Engine/Content/Slate/Fonts/DroidSansMono.ttf' (77K)
[2023.12.04-14.11.35:055][885]LogSlate: Took 0.017875 seconds to synchronously load lazily loaded font '../../../Engine/Content/Slate/Fonts/DroidSansFallback.ttf' (3848K)
[2023.12.04-14.11.55:757][120]LogSlate: Window 'Output Log' being destroyed
[2023.12.04-14.11.55:766][120]LogSlate: Window 'Output Log' being destroyed
[2023.12.04-14.11.56:528][165]LogSlate: Took 0.000301 seconds to synchronously load lazily loaded font '../../../Engine/Content/Slate/Fonts/Roboto-Light.ttf' (167K)
[2023.12.04-14.11.56:566][165]Cmd: OBJ SAVEPACKAGE PACKAGE="/Game/Main_Menu_Level" FILE="../../../../0/new0/unreal/pjtgit/Forest(Project)/Forest(Project)/Content/Main_Menu_Level.umap" SILENT=true AUTOSAVING=false KEEPDIRTY=false
[2023.12.04-14.11.56:574][165]LogUObjectHash: Compacting FUObjectHashTables data took   0.88ms
[2023.12.04-14.11.56:582][165]LogSavePackage: Moving '../../../../0/new0/unreal/pjtgit/Forest(Project)/Forest(Project)/Saved/Main_Menu_LevelA6F1D632443009193292789182C228F5.tmp' to '../../../../0/new0/unreal/pjtgit/Forest(Project)/Forest(Project)/Content/Main_Menu_Level.umap'
[2023.12.04-14.11.56:616][165]AssetCheck: New page: Asset Save: Main_Menu_Level
[2023.12.04-14.11.56:616][165]LogContentValidation: Display: Validating World /Game/Main_Menu_Level.Main_Menu_Level
[2023.12.04-14.12.22:474][645]LogUObjectHash: Compacting FUObjectHashTables data took   0.88ms
[2023.12.04-14.12.24:760][645]LogMainFrame: Project requires temp target (Water plugin is enabled)
[2023.12.04-14.12.24:760][645]LogLauncherProfile: Unable to use promoted target - ../../../../0/new0/unreal/pjtgit/Forest(Project)/Forest(Project)/Binaries/Win64/UE4Game-Win64-Shipping.target does not exist.
[2023.12.04-14.12.24:935][652]UATHelper: Packaging (Windows (64-bit)): Running AutomationTool...
[2023.12.04-14.12.25:083][661]UATHelper: Packaging (Windows (64-bit)): Parsing command line: -ScriptsForProject=D:/0/new0/unreal/pjtgit/Forest(Project)/Forest(Project)/OpenWorldMap.uproject BuildCookRun -nocompileeditor -installed -nop4 -project=D:/0/new0/unreal/pjtgit/Forest(Project)/Forest(Project)/OpenWorldMap.uproject -cook -stage -archive -archivedirectory=D:/0/new0/unreal/pjtout -package -ue4exe=D:\UE_4.27\Engine\Binaries\Win64\UE4Editor-Cmd.exe -compressed -ddc=InstalledDerivedDataBackendGraph -pak -prereqs -nodebuginfo -targetplatform=Win64 -build -clientconfig=Shipping -utf8output
[2023.12.04-14.12.25:142][664]UATHelper: Packaging (Windows (64-bit)): WARNING: Error while enumerating Visual Studio toolchains
[2023.12.04-14.12.25:142][664]UATHelper: Packaging (Windows (64-bit)): WARNING: Assuming no compilation capability.
[2023.12.04-14.12.25:142][664]PackagingResults: Warning: Error while enumerating Visual Studio toolchains
[2023.12.04-14.12.25:142][664]PackagingResults: Warning: Assuming no compilation capability.
[2023.12.04-14.12.26:256][724]UATHelper: Packaging (Windows (64-bit)): Setting up ProjectParams for D:\0\new0\unreal\pjtgit\Forest(Project)\Forest(Project)\OpenWorldMap.uproject
[2023.12.04-14.12.26:633][738]UATHelper: Packaging (Windows (64-bit)): OpenWorldMap.uproject requires a temporary target.cs to be generated (Water plugin is enabled)
[2023.12.04-14.12.26:633][738]UATHelper: Packaging (Windows (64-bit)): ERROR: D:\0\new0\unreal\pjtgit\Forest(Project)\Forest(Project)\OpenWorldMap.uproject does not look like uproject file but no targets have been found!
[2023.12.04-14.12.26:633][738]UATHelper: Packaging (Windows (64-bit)):        (see C:\Users\user\AppData\Roaming\Unreal Engine\AutomationTool\Logs\D+UE_4.27\Log.txt for full exception trace)
[2023.12.04-14.12.26:633][738]PackagingResults: Error: D:\0\new0\unreal\pjtgit\Forest(Project)\Forest(Project)\OpenWorldMap.uproject does not look like uproject file but no targets have been found!
[2023.12.04-14.12.26:775][739]UATHelper: Packaging (Windows (64-bit)): AutomationTool exiting with ExitCode=1 (Error_Unknown)
[2023.12.04-14.12.26:775][739]UATHelper: Packaging (Windows (64-bit)): BUILD FAILED
[2023.12.04-14.12.26:775][739]PackagingResults: Error: Unknown Error
[2023.12.04-14.13.04:713][597]LogSlate: Window 'Output Log' being destroyed
[2023.12.04-14.13.04:721][597]LogSlate: Window 'Output Log' being destroyed
[2023.12.04-14.13.14:323][151]LogSlate: Window 'Source Control Login' being destroyed
[2023.12.04-14.13.23:548][694]LogUObjectHash: Compacting FUObjectHashTables data took   0.85ms
[2023.12.04-14.13.35:517][328]LogSlate: Only BGRA pngs, bmps or icos are supported in by External Image Picker
[2023.12.04-14.13.51:654][228]LogSlate: Window 'Project Settings' being destroyed
[2023.12.04-14.13.51:661][228]LogSlate: Window 'Project Settings' being destroyed
[2023.12.04-14.13.57:108][528]LogUObjectHash: Compacting FUObjectHashTables data took   0.92ms
[2023.12.04-14.18.58:520][354]LogSlate: Window 'Output Log' being destroyed
[2023.12.04-14.18.58:532][354]LogSlate: Window 'Output Log' being destroyed
[2023.12.04-14.18.59:456][409]LogSlate: Window 'Plugins' being destroyed
[2023.12.04-14.18.59:464][409]LogSlate: Window 'Plugins' being destroyed
[2023.12.04-14.18.59:464][409]LogDirectoryWatcher: A directory notification for '../../../Engine/Plugins/' was aborted.
