Log file open, 11/24/23 02:37:13
LogWindows: Failed to load 'aqProf.dll' (GetLastError=126)
LogWindows: File 'aqProf.dll' does not exist
LogWindows: Failed to load 'VtuneApi.dll' (GetLastError=126)
LogWindows: File 'VtuneApi.dll' does not exist
LogWindows: Failed to load 'VtuneApi32e.dll' (GetLastError=126)
LogWindows: File 'VtuneApi32e.dll' does not exist
LogConsoleResponse: Display: Failed to find resolution value strings in scalability ini. Falling back to default.
LogConsoleResponse: Display: Failed to find resolution value strings in scalability ini. Falling back to default.
LogInit: Display: Running engine for game: OpenWorldMap
LogPlatformFile: Not using cached read wrapper
LogTaskGraph: Started task graph with 5 named threads and 83 total threads with 3 sets of task threads.
LogStats: Stats thread started at 0.156892
LogICUInternationalization: ICU TimeZone Detection - Raw Offset: +8:00, Platform Override: ''
LogInit: Display: Loading text-based GConfig....
LogPluginManager: Mounting plugin MeshPainting
LogPluginManager: Mounting plugin XGEController
LogPluginManager: Mounting plugin Paper2D
LogPluginManager: Mounting plugin LiveLink
LogPluginManager: Mounting plugin AISupport
LogPluginManager: Mounting plugin EnvironmentQueryEditor
LogPluginManager: Mounting plugin CameraShakePreviewer
LogPluginManager: Mounting plugin DatasmithContent
LogPluginManager: Mounting plugin AnimationSharing
LogPluginManager: Mounting plugin LightPropagationVolume
LogPluginManager: Mounting plugin GameplayCameras
LogPluginManager: Mounting plugin CodeLiteSourceCodeAccess
LogPluginManager: Mounting plugin VariantManagerContent
LogPluginManager: Mounting plugin KDevelopSourceCodeAccess
LogPluginManager: Mounting plugin GitSourceControl
LogPluginManager: Mounting plugin NullSourceCodeAccess
LogPluginManager: Mounting plugin PerforceSourceControl
LogPluginManager: Mounting plugin PluginUtils
LogPluginManager: Mounting plugin RiderSourceCodeAccess
LogPluginManager: Mounting plugin PropertyAccessNode
LogPluginManager: Mounting plugin PixWinPlugin
LogPluginManager: Mounting plugin PlasticSourceControl
LogPluginManager: Mounting plugin GeometryMode
LogPluginManager: Mounting plugin CryptoKeys
LogPluginManager: Mounting plugin UObjectPlugin
LogPluginManager: Mounting plugin AssetManagerEditor
LogPluginManager: Mounting plugin BlueprintMaterialTextureNodes
LogPluginManager: Mounting plugin MaterialAnalyzer
LogPluginManager: Mounting plugin PluginBrowser
LogPluginManager: Mounting plugin CLionSourceCodeAccess
LogPluginManager: Mounting plugin GameplayTagsEditor
LogPluginManager: Mounting plugin TextureFormatOodle
LogPluginManager: Mounting plugin SpeedTreeImporter
LogPluginManager: Mounting plugin DataValidation
LogPluginManager: Mounting plugin SubversionSourceControl
LogPluginManager: Mounting plugin XCodeSourceCodeAccess
LogPluginManager: Mounting plugin VisualStudioSourceCodeAccess
LogPluginManager: Mounting plugin CurveEditorTools
LogPluginManager: Mounting plugin MacGraphicsSwitching
LogPluginManager: Mounting plugin VisualStudioCodeSourceCodeAccess
LogPluginManager: Mounting plugin Niagara
LogPluginManager: Mounting plugin FacialAnimation
LogPluginManager: Mounting plugin OodleData
LogPluginManager: Mounting plugin MobileLauncherProfileWizard
LogPluginManager: Mounting plugin OodleNetwork
LogPluginManager: Mounting plugin LuminPlatformFeatures
LogPluginManager: Mounting plugin MagicLeap
LogPluginManager: Mounting plugin MagicLeapLightEstimation
LogPluginManager: Mounting plugin MagicLeapMedia
LogPluginManager: Mounting plugin MLSDK
LogPluginManager: Mounting plugin AvfMedia
LogPluginManager: Mounting plugin MagicLeapPassableWorld
LogPluginManager: Mounting plugin AndroidMedia
LogPluginManager: Mounting plugin ImgMedia
LogPluginManager: Mounting plugin MediaCompositing
LogPluginManager: Mounting plugin WebMMedia
LogPluginManager: Mounting plugin ActorSequence
LogPluginManager: Mounting plugin WmfMedia
LogPluginManager: Mounting plugin AlembicImporter
LogPluginManager: Mounting plugin MatineeToLevelSequence
LogPluginManager: Mounting plugin MediaPlayerEditor
LogPluginManager: Mounting plugin BackChannel
LogPluginManager: Mounting plugin AutomationUtils
LogPluginManager: Mounting plugin ChaosEditor
LogPluginManager: Mounting plugin ChaosSolverPlugin
LogPluginManager: Mounting plugin ChaosNiagara
LogPluginManager: Mounting plugin CharacterAI
LogPluginManager: Mounting plugin ChaosCloth
LogPluginManager: Mounting plugin TemplateSequence
LogPluginManager: Mounting plugin LevelSequenceEditor
LogPluginManager: Mounting plugin GeometryProcessing
LogPluginManager: Mounting plugin GeometryCache
LogPluginManager: Mounting plugin ChaosClothEditor
LogPluginManager: Mounting plugin OpenImageDenoise
LogPluginManager: Mounting plugin PlanarCut
LogPluginManager: Mounting plugin GeometryCollectionPlugin
LogPluginManager: Mounting plugin Landmass
LogPluginManager: Mounting plugin MotoSynth
LogPluginManager: Mounting plugin PlatformCrypto
LogPluginManager: Mounting plugin PythonScriptPlugin
LogPluginManager: Mounting plugin ProxyLODPlugin
LogPluginManager: Mounting plugin SkeletalReduction
LogPluginManager: Mounting plugin Water
LogPluginManager: Mounting plugin OnlineSubsystemNull
LogPluginManager: Mounting plugin OnlineSubsystem
LogPluginManager: Mounting plugin OnlineSubsystemUtils
LogPluginManager: Mounting plugin TcpMessaging
LogPluginManager: Mounting plugin AndroidDeviceProfileSelector
LogPluginManager: Mounting plugin UdpMessaging
LogPluginManager: Mounting plugin AndroidMoviePlayer
LogPluginManager: Mounting plugin AndroidPermission
LogPluginManager: Mounting plugin ArchVisCharacter
LogPluginManager: Mounting plugin ActorLayerUtilities
LogPluginManager: Mounting plugin AssetTags
LogPluginManager: Mounting plugin AppleMoviePlayer
LogPluginManager: Mounting plugin AppleImageUtils
LogPluginManager: Mounting plugin AudioCapture
LogPluginManager: Mounting plugin ChunkDownloader
LogPluginManager: Mounting plugin CableComponent
LogPluginManager: Mounting plugin ExampleDeviceProfileSelector
LogPluginManager: Mounting plugin AudioSynesthesia
LogPluginManager: Mounting plugin CustomMeshComponent
LogPluginManager: Mounting plugin EditableMesh
LogPluginManager: Mounting plugin GooglePAD
LogPluginManager: Mounting plugin Takes
LogPluginManager: Mounting plugin IOSDeviceProfileSelector
LogPluginManager: Mounting plugin LinuxDeviceProfileSelector
LogPluginManager: Mounting plugin LocationServicesBPLibrary
LogPluginManager: Mounting plugin MobilePatchingUtils
LogPluginManager: Mounting plugin GoogleCloudMessaging
LogPluginManager: Mounting plugin ScreenshotTools
LogPluginManager: Mounting plugin OpenXREyeTracker
LogPluginManager: Mounting plugin OpenXR
LogPluginManager: Mounting plugin PostSplashScreen
LogPluginManager: Mounting plugin PhysXVehicles
LogPluginManager: Mounting plugin ProceduralMeshComponent
LogPluginManager: Mounting plugin OpenXRHandTracking
LogPluginManager: Mounting plugin PropertyAccessEditor
LogPluginManager: Mounting plugin SoundFields
LogPluginManager: Mounting plugin SignificanceManager
LogPluginManager: Mounting plugin Synthesis
LogPluginManager: Mounting plugin RuntimePhysXCooking
LogPluginManager: Mounting plugin LauncherChunkInstaller
LogPluginManager: Mounting plugin WindowsMoviePlayer
LogPluginManager: Mounting plugin WebMMoviePlayer
LogPluginManager: Mounting plugin ContentBrowserFileDataSource
LogPluginManager: Mounting plugin ContentBrowserAssetDataSource
LogPluginManager: Mounting plugin ContentBrowserClassDataSource
LogPluginManager: Mounting plugin OnlineSubsystemGooglePlay
LogPluginManager: Mounting plugin OnlineSubsystemIOS
LogPluginManager: Mounting plugin SteamVR
LogPluginManager: Mounting plugin OculusVR
PixWinPlugin: PIX capture plugin failed to initialize! Check that the process is launched from PIX.
LogInit: Using libcurl 7.55.1-DEV
LogInit:  - built for x86_64-pc-win32
LogInit:  - supports SSL with OpenSSL/1.1.1
LogInit:  - supports HTTP deflate (compression) using libz 1.2.8
LogInit:  - other features:
LogInit:      CURL_VERSION_SSL
LogInit:      CURL_VERSION_LIBZ
LogInit:      CURL_VERSION_IPV6
LogInit:      CURL_VERSION_ASYNCHDNS
LogInit:      CURL_VERSION_LARGEFILE
LogInit:      CURL_VERSION_IDN
LogInit:  CurlRequestOptions (configurable via config and command line):
LogInit:  - bVerifyPeer = true  - Libcurl will verify peer certificate
LogInit:  - bUseHttpProxy = false  - Libcurl will NOT use HTTP proxy
LogInit:  - bDontReuseConnections = false  - Libcurl will reuse connections
LogInit:  - MaxHostConnections = 16  - Libcurl will limit the number of connections to a host
LogInit:  - LocalHostAddr = Default
LogInit:  - BufferSize = 65536
LogOnline: OSS: Creating online subsystem instance for: NULL
LogInit: WinSock: version 1.1 (2.2), MaxSocks=32767, MaxUdp=65467
LogOnline: OSS: TryLoadSubsystemAndSetDefault: Loaded subsystem for module [NULL]
LogOculusPluginWrapper: OculusPlugin initialized successfully
LogHMD: Failed initializing OVRPlugin 1.59.0
LogInit: Build: ++UE4+Release-4.27-CL-18319896
LogInit: Engine Version: 4.27.2-18319896+++UE4+Release-4.27
LogInit: Compatible Engine Version: 4.27.0-17155196+++UE4+Release-4.27
LogInit: Net CL: 17155196
LogInit: OS: Windows 10 (Release 2009) (), CPU: 13th Gen Intel(R) Core(TM) i9-13900K, GPU: NVIDIA GeForce RTX 4070 Ti
LogInit: Compiled (64-bit): Nov 30 2021 07:12:08
LogInit: Compiled with Visual C++: 19.24.28315.00
LogInit: Build Configuration: Development
LogInit: Branch Name: ++UE4+Release-4.27
LogInit: Command Line:  /Game/FirstPersonBP/Maps/FirstPersonExampleMap -game -PIEVIACONSOLE -Multiprocess GameUserSettingsINI=C:/Users/User/Documents/GitHub/S390GameProj/Forest(Project)/Saved/Config/Windows/PIEGameUserSettings0.ini -MultiprocessSaveConfig -forcepassthrough -messaging -SessionName="Play in Standalone Game" -windowed -ResX=1280 -ResY=720
LogInit: Base Directory: C:/Program Files/Epic Games/UE_4.27/Engine/Binaries/Win64/
LogInit: Allocator: TBB
LogInit: Installed Engine Build: 1
LogDevObjectVersion: Number of dev versions registered: 29
LogDevObjectVersion:   Dev-Blueprints (B0D832E4-1F89-4F0D-ACCF-7EB736FD4AA2): 10
LogDevObjectVersion:   Dev-Build (E1C64328-A22C-4D53-A36C-8E866417BD8C): 0
LogDevObjectVersion:   Dev-Core (375EC13C-06E4-48FB-B500-84F0262A717E): 4
LogDevObjectVersion:   Dev-Editor (E4B068ED-F494-42E9-A231-DA0B2E46BB41): 40
LogDevObjectVersion:   Dev-Framework (CFFC743F-43B0-4480-9391-14DF171D2073): 37
LogDevObjectVersion:   Dev-Mobile (B02B49B5-BB20-44E9-A304-32B752E40360): 3
LogDevObjectVersion:   Dev-Networking (A4E4105C-59A1-49B5-A7C5-40C4547EDFEE): 0
LogDevObjectVersion:   Dev-Online (39C831C9-5AE6-47DC-9A44-9C173E1C8E7C): 0
LogDevObjectVersion:   Dev-Physics (78F01B33-EBEA-4F98-B9B4-84EACCB95AA2): 14
LogDevObjectVersion:   Dev-Platform (6631380F-2D4D-43E0-8009-CF276956A95A): 0
LogDevObjectVersion:   Dev-Rendering (12F88B9F-8875-4AFC-A67C-D90C383ABD29): 45
LogDevObjectVersion:   Dev-Sequencer (7B5AE74C-D270-4C10-A958-57980B212A5A): 13
LogDevObjectVersion:   Dev-VR (D7296918-1DD6-4BDD-9DE2-64A83CC13884): 3
LogDevObjectVersion:   Dev-LoadTimes (C2A15278-BFE7-4AFE-6C17-90FF531DF755): 1
LogDevObjectVersion:   Private-Geometry (6EACA3D4-40EC-4CC1-B786-8BED09428FC5): 3
LogDevObjectVersion:   Dev-AnimPhys (29E575DD-E0A3-4627-9D10-D276232CDCEA): 17
LogDevObjectVersion:   Dev-Anim (AF43A65D-7FD3-4947-9873-3E8ED9C1BB05): 15
LogDevObjectVersion:   Dev-ReflectionCapture (6B266CEC-1EC7-4B8F-A30B-E4D90942FC07): 1
LogDevObjectVersion:   Dev-Automation (0DF73D61-A23F-47EA-B727-89E90C41499A): 1
LogDevObjectVersion:   FortniteMain (601D1886-AC64-4F84-AA16-D3DE0DEAC7D6): 47
LogDevObjectVersion:   FortniteRelease (E7086368-6B23-4C58-8439-1B7016265E91): 1
LogDevObjectVersion:   Dev-Enterprise (9DFFBCD6-494F-0158-E221-12823C92A888): 10
LogDevObjectVersion:   Dev-Niagara (F2AED0AC-9AFE-416F-8664-AA7FFA26D6FC): 1
LogDevObjectVersion:   Dev-Destruction (174F1F0B-B4C6-45A5-B13F-2EE8D0FB917D): 10
LogDevObjectVersion:   Dev-Physics-Ext (35F94A83-E258-406C-A318-09F59610247C): 41
LogDevObjectVersion:   Dev-PhysicsMaterial-Chaos (B68FC16E-8B1B-42E2-B453-215C058844FE): 1
LogDevObjectVersion:   Dev-CineCamera (B2E18506-4273-CFC2-A54E-F4BB758BBA07): 1
LogDevObjectVersion:   Dev-VirtualProduction (64F58936-FD1B-42BA-BA96-7289D5D0FA4E): 1
LogDevObjectVersion:   Dev-MediaFramework (6F0ED827-A609-4895-9C91-998D90180EA4): 2
LogInit: Presizing for max 25165824 objects, including 0 objects not considered by GC, pre-allocating 0 bytes for permanent pool.
LogConfig: Applying CVar settings from Section [/Script/Engine.StreamingSettings] File [C:/Users/User/Documents/GitHub/S390GameProj/Forest(Project)/Saved/Config/Windows/Engine.ini]
LogConfig: Setting CVar [[s.MinBulkDataSizeForAsyncLoading:131072]]
LogConfig: Setting CVar [[s.AsyncLoadingThreadEnabled:0]]
LogConfig: Setting CVar [[s.EventDrivenLoaderEnabled:1]]
LogConfig: Setting CVar [[s.WarnIfTimeLimitExceeded:0]]
LogConfig: Setting CVar [[s.TimeLimitExceededMultiplier:1.5]]
LogConfig: Setting CVar [[s.TimeLimitExceededMinTime:0.005]]
LogConfig: Setting CVar [[s.UseBackgroundLevelStreaming:1]]
LogConfig: Setting CVar [[s.PriorityAsyncLoadingExtraTime:15.0]]
LogConfig: Setting CVar [[s.LevelStreamingActorsUpdateTimeLimit:5.0]]
LogConfig: Setting CVar [[s.PriorityLevelStreamingActorsUpdateExtraTime:5.0]]
LogConfig: Setting CVar [[s.LevelStreamingComponentsRegistrationGranularity:10]]
LogConfig: Setting CVar [[s.UnregisterComponentsTimeLimit:1.0]]
LogConfig: Setting CVar [[s.LevelStreamingComponentsUnregistrationGranularity:5]]
LogConfig: Setting CVar [[s.FlushStreamingOnExit:1]]
LogInit: Object subsystem initialized
LogConfig: Setting CVar [[con.DebugEarlyDefault:1]]
LogConfig: Setting CVar [[r.setres:1280x720]]
LogConfig: Setting CVar [[fx.NiagaraAllowRuntimeScalabilityChanges:1]]
[2023.11.23-18.37.13:355][  0]LogConfig: Setting CVar [[con.DebugEarlyDefault:1]]
[2023.11.23-18.37.13:355][  0]LogConfig: Setting CVar [[r.setres:1280x720]]
[2023.11.23-18.37.13:355][  0]LogConfig: Setting CVar [[fx.NiagaraAllowRuntimeScalabilityChanges:1]]
[2023.11.23-18.37.13:355][  0]LogConfig: Applying CVar settings from Section [/Script/Engine.RendererSettings] File [C:/Users/User/Documents/GitHub/S390GameProj/Forest(Project)/Saved/Config/Windows/Engine.ini]
[2023.11.23-18.37.13:355][  0]LogConfig: Setting CVar [[r.GPUCrashDebugging:0]]
[2023.11.23-18.37.13:355][  0]LogConfig: Applying CVar settings from Section [/Script/Engine.RendererOverrideSettings] File [C:/Users/User/Documents/GitHub/S390GameProj/Forest(Project)/Saved/Config/Windows/Engine.ini]
[2023.11.23-18.37.13:355][  0]LogConfig: Applying CVar settings from Section [/Script/Engine.StreamingSettings] File [C:/Users/User/Documents/GitHub/S390GameProj/Forest(Project)/Saved/Config/Windows/Engine.ini]
[2023.11.23-18.37.13:355][  0]LogConfig: Setting CVar [[s.MinBulkDataSizeForAsyncLoading:131072]]
[2023.11.23-18.37.13:355][  0]LogConfig: Setting CVar [[s.AsyncLoadingThreadEnabled:0]]
[2023.11.23-18.37.13:355][  0]LogConfig: Setting CVar [[s.EventDrivenLoaderEnabled:1]]
[2023.11.23-18.37.13:355][  0]LogConfig: Setting CVar [[s.WarnIfTimeLimitExceeded:0]]
[2023.11.23-18.37.13:355][  0]LogConfig: Setting CVar [[s.TimeLimitExceededMultiplier:1.5]]
[2023.11.23-18.37.13:355][  0]LogConfig: Setting CVar [[s.TimeLimitExceededMinTime:0.005]]
[2023.11.23-18.37.13:355][  0]LogConfig: Setting CVar [[s.UseBackgroundLevelStreaming:1]]
[2023.11.23-18.37.13:355][  0]LogConfig: Setting CVar [[s.PriorityAsyncLoadingExtraTime:15.0]]
[2023.11.23-18.37.13:355][  0]LogConfig: Setting CVar [[s.LevelStreamingActorsUpdateTimeLimit:5.0]]
[2023.11.23-18.37.13:355][  0]LogConfig: Setting CVar [[s.PriorityLevelStreamingActorsUpdateExtraTime:5.0]]
[2023.11.23-18.37.13:355][  0]LogConfig: Setting CVar [[s.LevelStreamingComponentsRegistrationGranularity:10]]
[2023.11.23-18.37.13:355][  0]LogConfig: Setting CVar [[s.UnregisterComponentsTimeLimit:1.0]]
[2023.11.23-18.37.13:355][  0]LogConfig: Setting CVar [[s.LevelStreamingComponentsUnregistrationGranularity:5]]
[2023.11.23-18.37.13:355][  0]LogConfig: Setting CVar [[s.FlushStreamingOnExit:1]]
[2023.11.23-18.37.13:355][  0]LogConfig: Applying CVar settings from Section [/Script/Engine.GarbageCollectionSettings] File [C:/Users/User/Documents/GitHub/S390GameProj/Forest(Project)/Saved/Config/Windows/Engine.ini]
[2023.11.23-18.37.13:355][  0]LogConfig: Setting CVar [[gc.MaxObjectsNotConsideredByGC:1]]
[2023.11.23-18.37.13:355][  0]LogConfig: Setting CVar [[gc.SizeOfPermanentObjectPool:0]]
[2023.11.23-18.37.13:355][  0]LogConfig: Setting CVar [[gc.FlushStreamingOnGC:0]]
[2023.11.23-18.37.13:355][  0]LogConfig: Setting CVar [[gc.NumRetriesBeforeForcingGC:10]]
[2023.11.23-18.37.13:355][  0]LogConfig: Setting CVar [[gc.AllowParallelGC:1]]
[2023.11.23-18.37.13:355][  0]LogConfig: Setting CVar [[gc.TimeBetweenPurgingPendingKillObjects:61.1]]
[2023.11.23-18.37.13:355][  0]LogConfig: Setting CVar [[gc.MaxObjectsInEditor:25165824]]
[2023.11.23-18.37.13:355][  0]LogConfig: Setting CVar [[gc.IncrementalBeginDestroyEnabled:1]]
[2023.11.23-18.37.13:355][  0]LogConfig: Setting CVar [[gc.CreateGCClusters:1]]
[2023.11.23-18.37.13:355][  0]LogConfig: Setting CVar [[gc.MinGCClusterSize:5]]
[2023.11.23-18.37.13:355][  0]LogConfig: Setting CVar [[gc.ActorClusteringEnabled:0]]
[2023.11.23-18.37.13:355][  0]LogConfig: Setting CVar [[gc.BlueprintClusteringEnabled:0]]
[2023.11.23-18.37.13:355][  0]LogConfig: Setting CVar [[gc.UseDisregardForGCOnDedicatedServers:0]]
[2023.11.23-18.37.13:355][  0]LogConfig: Setting CVar [[gc.MultithreadedDestructionEnabled:1]]
[2023.11.23-18.37.13:355][  0]LogConfig: Applying CVar settings from Section [/Script/Engine.NetworkSettings] File [C:/Users/User/Documents/GitHub/S390GameProj/Forest(Project)/Saved/Config/Windows/Engine.ini]
[2023.11.23-18.37.13:355][  0]LogConfig: Applying CVar settings from Section [/Script/UnrealEd.CookerSettings] File [C:/Users/User/Documents/GitHub/S390GameProj/Forest(Project)/Saved/Config/Windows/Engine.ini]
[2023.11.23-18.37.13:385][  0]LogConfig: Applying CVar settings from Section [ViewDistanceQuality@3] File [C:/Users/User/Documents/GitHub/S390GameProj/Forest(Project)/Saved/Config/Windows/Scalability.ini]
[2023.11.23-18.37.13:385][  0]LogConfig: Setting CVar [[r.SkeletalMeshLODBias:0]]
[2023.11.23-18.37.13:385][  0]LogConfig: Setting CVar [[r.ViewDistanceScale:1.0]]
[2023.11.23-18.37.13:385][  0]LogConfig: Applying CVar settings from Section [AntiAliasingQuality@3] File [C:/Users/User/Documents/GitHub/S390GameProj/Forest(Project)/Saved/Config/Windows/Scalability.ini]
[2023.11.23-18.37.13:385][  0]LogConfig: Setting CVar [[r.PostProcessAAQuality:4]]
[2023.11.23-18.37.13:385][  0]LogConfig: Applying CVar settings from Section [ShadowQuality@3] File [C:/Users/User/Documents/GitHub/S390GameProj/Forest(Project)/Saved/Config/Windows/Scalability.ini]
[2023.11.23-18.37.13:385][  0]LogConfig: Setting CVar [[r.LightFunctionQuality:1]]
[2023.11.23-18.37.13:385][  0]LogConfig: Setting CVar [[r.ShadowQuality:5]]
[2023.11.23-18.37.13:385][  0]LogConfig: Setting CVar [[r.Shadow.CSM.MaxCascades:10]]
[2023.11.23-18.37.13:385][  0]LogConfig: Setting CVar [[r.Shadow.MaxResolution:2048]]
[2023.11.23-18.37.13:385][  0]LogConfig: Setting CVar [[r.Shadow.MaxCSMResolution:2048]]
[2023.11.23-18.37.13:385][  0]LogConfig: Setting CVar [[r.Shadow.RadiusThreshold:0.01]]
[2023.11.23-18.37.13:385][  0]LogConfig: Setting CVar [[r.Shadow.DistanceScale:1.0]]
[2023.11.23-18.37.13:385][  0]LogConfig: Setting CVar [[r.Shadow.CSM.TransitionScale:1.0]]
[2023.11.23-18.37.13:385][  0]LogConfig: Setting CVar [[r.Shadow.PreShadowResolutionFactor:1.0]]
[2023.11.23-18.37.13:385][  0]LogConfig: Setting CVar [[r.DistanceFieldShadowing:1]]
[2023.11.23-18.37.13:385][  0]LogConfig: Setting CVar [[r.DistanceFieldAO:1]]
[2023.11.23-18.37.13:385][  0]LogConfig: Setting CVar [[r.AOQuality:2]]
[2023.11.23-18.37.13:385][  0]LogConfig: Setting CVar [[r.VolumetricFog:1]]
[2023.11.23-18.37.13:385][  0]LogConfig: Setting CVar [[r.VolumetricFog.GridPixelSize:8]]
[2023.11.23-18.37.13:385][  0]LogConfig: Setting CVar [[r.VolumetricFog.GridSizeZ:128]]
[2023.11.23-18.37.13:385][  0]LogConfig: Setting CVar [[r.VolumetricFog.HistoryMissSupersampleCount:4]]
[2023.11.23-18.37.13:385][  0]LogConfig: Setting CVar [[r.LightMaxDrawDistanceScale:1]]
[2023.11.23-18.37.13:385][  0]LogConfig: Setting CVar [[r.CapsuleShadows:1]]
[2023.11.23-18.37.13:386][  0]LogConfig: Applying CVar settings from Section [PostProcessQuality@3] File [C:/Users/User/Documents/GitHub/S390GameProj/Forest(Project)/Saved/Config/Windows/Scalability.ini]
[2023.11.23-18.37.13:386][  0]LogConfig: Setting CVar [[r.MotionBlurQuality:4]]
[2023.11.23-18.37.13:386][  0]LogConfig: Setting CVar [[r.AmbientOcclusionMipLevelFactor:0.4]]
[2023.11.23-18.37.13:386][  0]LogConfig: Setting CVar [[r.AmbientOcclusionMaxQuality:100]]
[2023.11.23-18.37.13:386][  0]LogConfig: Setting CVar [[r.AmbientOcclusionLevels:-1]]
[2023.11.23-18.37.13:386][  0]LogConfig: Setting CVar [[r.AmbientOcclusionRadiusScale:1.0]]
[2023.11.23-18.37.13:386][  0]LogConfig: Setting CVar [[r.DepthOfFieldQuality:2]]
[2023.11.23-18.37.13:386][  0]LogConfig: Setting CVar [[r.RenderTargetPoolMin:400]]
[2023.11.23-18.37.13:386][  0]LogConfig: Setting CVar [[r.LensFlareQuality:2]]
[2023.11.23-18.37.13:386][  0]LogConfig: Setting CVar [[r.SceneColorFringeQuality:1]]
[2023.11.23-18.37.13:386][  0]LogConfig: Setting CVar [[r.EyeAdaptationQuality:2]]
[2023.11.23-18.37.13:386][  0]LogConfig: Setting CVar [[r.BloomQuality:5]]
[2023.11.23-18.37.13:386][  0]LogConfig: Setting CVar [[r.FastBlurThreshold:100]]
[2023.11.23-18.37.13:386][  0]LogConfig: Setting CVar [[r.Upscale.Quality:3]]
[2023.11.23-18.37.13:386][  0]LogConfig: Setting CVar [[r.Tonemapper.GrainQuantization:1]]
[2023.11.23-18.37.13:386][  0]LogConfig: Setting CVar [[r.LightShaftQuality:1]]
[2023.11.23-18.37.13:386][  0]LogConfig: Setting CVar [[r.Filter.SizeScale:1]]
[2023.11.23-18.37.13:386][  0]LogConfig: Setting CVar [[r.Tonemapper.Quality:5]]
[2023.11.23-18.37.13:386][  0]LogConfig: Setting CVar [[r.DOF.Gather.AccumulatorQuality:1        ; higher gathering accumulator quality]]
[2023.11.23-18.37.13:386][  0]LogConfig: Setting CVar [[r.DOF.Gather.PostfilterMethod:1          ; Median3x3 postfilering method]]
[2023.11.23-18.37.13:386][  0]LogConfig: Setting CVar [[r.DOF.Gather.EnableBokehSettings:0       ; no bokeh simulation when gathering]]
[2023.11.23-18.37.13:386][  0]LogConfig: Setting CVar [[r.DOF.Gather.RingCount:4                 ; medium number of samples when gathering]]
[2023.11.23-18.37.13:386][  0]LogConfig: Setting CVar [[r.DOF.Scatter.ForegroundCompositing:1    ; additive foreground scattering]]
[2023.11.23-18.37.13:386][  0]LogConfig: Setting CVar [[r.DOF.Scatter.BackgroundCompositing:2    ; additive background scattering]]
[2023.11.23-18.37.13:386][  0]LogConfig: Setting CVar [[r.DOF.Scatter.EnableBokehSettings:1      ; bokeh simulation when scattering]]
[2023.11.23-18.37.13:386][  0]LogConfig: Setting CVar [[r.DOF.Scatter.MaxSpriteRatio:0.1         ; only a maximum of 10% of scattered bokeh]]
[2023.11.23-18.37.13:386][  0]LogConfig: Setting CVar [[r.DOF.Recombine.Quality:1                ; cheap slight out of focus]]
[2023.11.23-18.37.13:386][  0]LogConfig: Setting CVar [[r.DOF.Recombine.EnableBokehSettings:0    ; no bokeh simulation on slight out of focus]]
[2023.11.23-18.37.13:386][  0]LogConfig: Setting CVar [[r.DOF.TemporalAAQuality:1                ; more stable temporal accumulation]]
[2023.11.23-18.37.13:386][  0]LogConfig: Setting CVar [[r.DOF.Kernel.MaxForegroundRadius:0.025]]
[2023.11.23-18.37.13:386][  0]LogConfig: Setting CVar [[r.DOF.Kernel.MaxBackgroundRadius:0.025]]
[2023.11.23-18.37.13:386][  0]LogConfig: Applying CVar settings from Section [TextureQuality@3] File [C:/Users/User/Documents/GitHub/S390GameProj/Forest(Project)/Saved/Config/Windows/Scalability.ini]
[2023.11.23-18.37.13:386][  0]LogConfig: Setting CVar [[r.Streaming.MipBias:0]]
[2023.11.23-18.37.13:386][  0]LogConfig: Setting CVar [[r.Streaming.AmortizeCPUToGPUCopy:0]]
[2023.11.23-18.37.13:386][  0]LogConfig: Setting CVar [[r.Streaming.MaxNumTexturesToStreamPerFrame:0]]
[2023.11.23-18.37.13:386][  0]LogConfig: Setting CVar [[r.Streaming.Boost:1]]
[2023.11.23-18.37.13:386][  0]LogConfig: Setting CVar [[r.MaxAnisotropy:8]]
[2023.11.23-18.37.13:386][  0]LogConfig: Setting CVar [[r.VT.MaxAnisotropy:8]]
[2023.11.23-18.37.13:386][  0]LogConfig: Setting CVar [[r.Streaming.LimitPoolSizeToVRAM:0]]
[2023.11.23-18.37.13:386][  0]LogConfig: Setting CVar [[r.Streaming.PoolSize:1000]]
[2023.11.23-18.37.13:386][  0]LogConfig: Setting CVar [[r.Streaming.MaxEffectiveScreenSize:0]]
[2023.11.23-18.37.13:386][  0]LogConfig: Applying CVar settings from Section [EffectsQuality@3] File [C:/Users/User/Documents/GitHub/S390GameProj/Forest(Project)/Saved/Config/Windows/Scalability.ini]
[2023.11.23-18.37.13:386][  0]LogConfig: Setting CVar [[r.TranslucencyLightingVolumeDim:64]]
[2023.11.23-18.37.13:386][  0]LogConfig: Setting CVar [[r.RefractionQuality:2]]
[2023.11.23-18.37.13:386][  0]LogConfig: Setting CVar [[r.SSR.Quality:3]]
[2023.11.23-18.37.13:386][  0]LogConfig: Setting CVar [[r.SSR.HalfResSceneColor:0]]
[2023.11.23-18.37.13:386][  0]LogConfig: Setting CVar [[r.SceneColorFormat:4]]
[2023.11.23-18.37.13:386][  0]LogConfig: Setting CVar [[r.DetailMode:2]]
[2023.11.23-18.37.13:386][  0]LogConfig: Setting CVar [[r.TranslucencyVolumeBlur:1]]
[2023.11.23-18.37.13:386][  0]LogConfig: Setting CVar [[r.MaterialQualityLevel:1 ; High quality]]
[2023.11.23-18.37.13:386][  0]LogConfig: Setting CVar [[r.AnisotropicMaterials:1]]
[2023.11.23-18.37.13:386][  0]LogConfig: Setting CVar [[r.SSS.Scale:1]]
[2023.11.23-18.37.13:386][  0]LogConfig: Setting CVar [[r.SSS.SampleSet:2]]
[2023.11.23-18.37.13:386][  0]LogConfig: Setting CVar [[r.SSS.Quality:1]]
[2023.11.23-18.37.13:386][  0]LogConfig: Setting CVar [[r.SSS.HalfRes:0]]
[2023.11.23-18.37.13:386][  0]LogConfig: Setting CVar [[r.SSGI.Quality:3]]
[2023.11.23-18.37.13:386][  0]LogConfig: Setting CVar [[r.EmitterSpawnRateScale:1.0]]
[2023.11.23-18.37.13:386][  0]LogConfig: Setting CVar [[r.ParticleLightQuality:2]]
[2023.11.23-18.37.13:386][  0]LogConfig: Setting CVar [[r.SkyAtmosphere.AerialPerspectiveLUT.FastApplyOnOpaque:1 ; Always have FastSkyLUT 1 in this case to avoid wrong sky]]
[2023.11.23-18.37.13:386][  0]LogConfig: Setting CVar [[r.SkyAtmosphere.AerialPerspectiveLUT.SampleCountMaxPerSlice:4]]
[2023.11.23-18.37.13:386][  0]LogConfig: Setting CVar [[r.SkyAtmosphere.AerialPerspectiveLUT.DepthResolution:16.0]]
[2023.11.23-18.37.13:386][  0]LogConfig: Setting CVar [[r.SkyAtmosphere.FastSkyLUT:1]]
[2023.11.23-18.37.13:386][  0]LogConfig: Setting CVar [[r.SkyAtmosphere.FastSkyLUT.SampleCountMin:4.0]]
[2023.11.23-18.37.13:386][  0]LogConfig: Setting CVar [[r.SkyAtmosphere.FastSkyLUT.SampleCountMax:128.0]]
[2023.11.23-18.37.13:386][  0]LogConfig: Setting CVar [[r.SkyAtmosphere.SampleCountMin:4.0]]
[2023.11.23-18.37.13:386][  0]LogConfig: Setting CVar [[r.SkyAtmosphere.SampleCountMax:128.0]]
[2023.11.23-18.37.13:386][  0]LogConfig: Setting CVar [[r.SkyAtmosphere.TransmittanceLUT.UseSmallFormat:0]]
[2023.11.23-18.37.13:386][  0]LogConfig: Setting CVar [[r.SkyAtmosphere.TransmittanceLUT.SampleCount:10.0]]
[2023.11.23-18.37.13:386][  0]LogConfig: Setting CVar [[r.SkyAtmosphere.MultiScatteringLUT.SampleCount:15.0]]
[2023.11.23-18.37.13:386][  0]LogConfig: Setting CVar [[r.SkyLight.RealTimeReflectionCapture:1]]
[2023.11.23-18.37.13:386][  0]LogConfig: Setting CVar [[fx.Niagara.QualityLevel:3]]
[2023.11.23-18.37.13:386][  0]LogConfig: Applying CVar settings from Section [FoliageQuality@3] File [C:/Users/User/Documents/GitHub/S390GameProj/Forest(Project)/Saved/Config/Windows/Scalability.ini]
[2023.11.23-18.37.13:386][  0]LogConfig: Setting CVar [[foliage.DensityScale:1.0]]
[2023.11.23-18.37.13:386][  0]LogConfig: Setting CVar [[grass.DensityScale:1.0]]
[2023.11.23-18.37.13:386][  0]LogConfig: Applying CVar settings from Section [ShadingQuality@3] File [C:/Users/User/Documents/GitHub/S390GameProj/Forest(Project)/Saved/Config/Windows/Scalability.ini]
[2023.11.23-18.37.13:386][  0]LogConfig: Setting CVar [[r.HairStrands.SkyLighting.IntegrationType:2]]
[2023.11.23-18.37.13:386][  0]LogConfig: Setting CVar [[r.HairStrands.SkyAO.SampleCount:4]]
[2023.11.23-18.37.13:386][  0]LogConfig: Setting CVar [[r.HairStrands.Visibility.MSAA.SamplePerPixel:4]]
[2023.11.23-18.37.13:386][  0]LogInit: Selected Device Profile: [Windows]
[2023.11.23-18.37.13:386][  0]LogInit: Applying CVar settings loaded from the selected device profile: [Windows]
[2023.11.23-18.37.13:386][  0]LogHAL: Display: Platform has ~ 32 GB [34120597504 / 34359738368 / 32], which maps to Largest [LargestMinGB=32, LargerMinGB=12, DefaultMinGB=8, SmallerMinGB=6, SmallestMinGB=0)
[2023.11.23-18.37.13:386][  0]LogInit: Going up to parent DeviceProfile []
[2023.11.23-18.37.13:386][  0]LogConfig: Applying CVar settings from Section [ViewDistanceQuality@3] File [C:/Users/User/Documents/GitHub/S390GameProj/Forest(Project)/Saved/Config/Windows/Scalability.ini]
[2023.11.23-18.37.13:386][  0]LogConfig: Setting CVar [[r.SkeletalMeshLODBias:0]]
[2023.11.23-18.37.13:386][  0]LogConfig: Setting CVar [[r.ViewDistanceScale:1.0]]
[2023.11.23-18.37.13:386][  0]LogConfig: Applying CVar settings from Section [AntiAliasingQuality@3] File [C:/Users/User/Documents/GitHub/S390GameProj/Forest(Project)/Saved/Config/Windows/Scalability.ini]
[2023.11.23-18.37.13:386][  0]LogConfig: Setting CVar [[r.PostProcessAAQuality:4]]
[2023.11.23-18.37.13:386][  0]LogConfig: Applying CVar settings from Section [ShadowQuality@3] File [C:/Users/User/Documents/GitHub/S390GameProj/Forest(Project)/Saved/Config/Windows/Scalability.ini]
[2023.11.23-18.37.13:386][  0]LogConfig: Setting CVar [[r.LightFunctionQuality:1]]
[2023.11.23-18.37.13:386][  0]LogConfig: Setting CVar [[r.ShadowQuality:5]]
[2023.11.23-18.37.13:386][  0]LogConfig: Setting CVar [[r.Shadow.CSM.MaxCascades:10]]
[2023.11.23-18.37.13:386][  0]LogConfig: Setting CVar [[r.Shadow.MaxResolution:2048]]
[2023.11.23-18.37.13:386][  0]LogConfig: Setting CVar [[r.Shadow.MaxCSMResolution:2048]]
[2023.11.23-18.37.13:386][  0]LogConfig: Setting CVar [[r.Shadow.RadiusThreshold:0.01]]
[2023.11.23-18.37.13:386][  0]LogConfig: Setting CVar [[r.Shadow.DistanceScale:1.0]]
[2023.11.23-18.37.13:386][  0]LogConfig: Setting CVar [[r.Shadow.CSM.TransitionScale:1.0]]
[2023.11.23-18.37.13:386][  0]LogConfig: Setting CVar [[r.Shadow.PreShadowResolutionFactor:1.0]]
[2023.11.23-18.37.13:386][  0]LogConfig: Setting CVar [[r.DistanceFieldShadowing:1]]
[2023.11.23-18.37.13:386][  0]LogConfig: Setting CVar [[r.DistanceFieldAO:1]]
[2023.11.23-18.37.13:386][  0]LogConfig: Setting CVar [[r.AOQuality:2]]
[2023.11.23-18.37.13:386][  0]LogConfig: Setting CVar [[r.VolumetricFog:1]]
[2023.11.23-18.37.13:386][  0]LogConfig: Setting CVar [[r.VolumetricFog.GridPixelSize:8]]
[2023.11.23-18.37.13:386][  0]LogConfig: Setting CVar [[r.VolumetricFog.GridSizeZ:128]]
[2023.11.23-18.37.13:386][  0]LogConfig: Setting CVar [[r.VolumetricFog.HistoryMissSupersampleCount:4]]
[2023.11.23-18.37.13:386][  0]LogConfig: Setting CVar [[r.LightMaxDrawDistanceScale:1]]
[2023.11.23-18.37.13:386][  0]LogConfig: Setting CVar [[r.CapsuleShadows:1]]
[2023.11.23-18.37.13:386][  0]LogConfig: Applying CVar settings from Section [PostProcessQuality@3] File [C:/Users/User/Documents/GitHub/S390GameProj/Forest(Project)/Saved/Config/Windows/Scalability.ini]
[2023.11.23-18.37.13:386][  0]LogConfig: Setting CVar [[r.MotionBlurQuality:4]]
[2023.11.23-18.37.13:386][  0]LogConfig: Setting CVar [[r.AmbientOcclusionMipLevelFactor:0.4]]
[2023.11.23-18.37.13:386][  0]LogConfig: Setting CVar [[r.AmbientOcclusionMaxQuality:100]]
[2023.11.23-18.37.13:386][  0]LogConfig: Setting CVar [[r.AmbientOcclusionLevels:-1]]
[2023.11.23-18.37.13:386][  0]LogConfig: Setting CVar [[r.AmbientOcclusionRadiusScale:1.0]]
[2023.11.23-18.37.13:386][  0]LogConfig: Setting CVar [[r.DepthOfFieldQuality:2]]
[2023.11.23-18.37.13:386][  0]LogConfig: Setting CVar [[r.RenderTargetPoolMin:400]]
[2023.11.23-18.37.13:386][  0]LogConfig: Setting CVar [[r.LensFlareQuality:2]]
[2023.11.23-18.37.13:386][  0]LogConfig: Setting CVar [[r.SceneColorFringeQuality:1]]
[2023.11.23-18.37.13:386][  0]LogConfig: Setting CVar [[r.EyeAdaptationQuality:2]]
[2023.11.23-18.37.13:386][  0]LogConfig: Setting CVar [[r.BloomQuality:5]]
[2023.11.23-18.37.13:386][  0]LogConfig: Setting CVar [[r.FastBlurThreshold:100]]
[2023.11.23-18.37.13:386][  0]LogConfig: Setting CVar [[r.Upscale.Quality:3]]
[2023.11.23-18.37.13:386][  0]LogConfig: Setting CVar [[r.Tonemapper.GrainQuantization:1]]
[2023.11.23-18.37.13:386][  0]LogConfig: Setting CVar [[r.LightShaftQuality:1]]
[2023.11.23-18.37.13:386][  0]LogConfig: Setting CVar [[r.Filter.SizeScale:1]]
[2023.11.23-18.37.13:386][  0]LogConfig: Setting CVar [[r.Tonemapper.Quality:5]]
[2023.11.23-18.37.13:386][  0]LogConfig: Setting CVar [[r.DOF.Gather.AccumulatorQuality:1        ; higher gathering accumulator quality]]
[2023.11.23-18.37.13:386][  0]LogConfig: Setting CVar [[r.DOF.Gather.PostfilterMethod:1          ; Median3x3 postfilering method]]
[2023.11.23-18.37.13:386][  0]LogConfig: Setting CVar [[r.DOF.Gather.EnableBokehSettings:0       ; no bokeh simulation when gathering]]
[2023.11.23-18.37.13:386][  0]LogConfig: Setting CVar [[r.DOF.Gather.RingCount:4                 ; medium number of samples when gathering]]
[2023.11.23-18.37.13:386][  0]LogConfig: Setting CVar [[r.DOF.Scatter.ForegroundCompositing:1    ; additive foreground scattering]]
[2023.11.23-18.37.13:386][  0]LogConfig: Setting CVar [[r.DOF.Scatter.BackgroundCompositing:2    ; additive background scattering]]
[2023.11.23-18.37.13:386][  0]LogConfig: Setting CVar [[r.DOF.Scatter.EnableBokehSettings:1      ; bokeh simulation when scattering]]
[2023.11.23-18.37.13:386][  0]LogConfig: Setting CVar [[r.DOF.Scatter.MaxSpriteRatio:0.1         ; only a maximum of 10% of scattered bokeh]]
[2023.11.23-18.37.13:386][  0]LogConfig: Setting CVar [[r.DOF.Recombine.Quality:1                ; cheap slight out of focus]]
[2023.11.23-18.37.13:386][  0]LogConfig: Setting CVar [[r.DOF.Recombine.EnableBokehSettings:0    ; no bokeh simulation on slight out of focus]]
[2023.11.23-18.37.13:386][  0]LogConfig: Setting CVar [[r.DOF.TemporalAAQuality:1                ; more stable temporal accumulation]]
[2023.11.23-18.37.13:386][  0]LogConfig: Setting CVar [[r.DOF.Kernel.MaxForegroundRadius:0.025]]
[2023.11.23-18.37.13:386][  0]LogConfig: Setting CVar [[r.DOF.Kernel.MaxBackgroundRadius:0.025]]
[2023.11.23-18.37.13:386][  0]LogConfig: Applying CVar settings from Section [TextureQuality@3] File [C:/Users/User/Documents/GitHub/S390GameProj/Forest(Project)/Saved/Config/Windows/Scalability.ini]
[2023.11.23-18.37.13:386][  0]LogConfig: Setting CVar [[r.Streaming.MipBias:0]]
[2023.11.23-18.37.13:386][  0]LogConfig: Setting CVar [[r.Streaming.AmortizeCPUToGPUCopy:0]]
[2023.11.23-18.37.13:386][  0]LogConfig: Setting CVar [[r.Streaming.MaxNumTexturesToStreamPerFrame:0]]
[2023.11.23-18.37.13:386][  0]LogConfig: Setting CVar [[r.Streaming.Boost:1]]
[2023.11.23-18.37.13:386][  0]LogConfig: Setting CVar [[r.MaxAnisotropy:8]]
[2023.11.23-18.37.13:386][  0]LogConfig: Setting CVar [[r.VT.MaxAnisotropy:8]]
[2023.11.23-18.37.13:386][  0]LogConfig: Setting CVar [[r.Streaming.LimitPoolSizeToVRAM:0]]
[2023.11.23-18.37.13:386][  0]LogConfig: Setting CVar [[r.Streaming.PoolSize:1000]]
[2023.11.23-18.37.13:386][  0]LogConfig: Setting CVar [[r.Streaming.MaxEffectiveScreenSize:0]]
[2023.11.23-18.37.13:386][  0]LogConfig: Applying CVar settings from Section [EffectsQuality@3] File [C:/Users/User/Documents/GitHub/S390GameProj/Forest(Project)/Saved/Config/Windows/Scalability.ini]
[2023.11.23-18.37.13:386][  0]LogConfig: Setting CVar [[r.TranslucencyLightingVolumeDim:64]]
[2023.11.23-18.37.13:386][  0]LogConfig: Setting CVar [[r.RefractionQuality:2]]
[2023.11.23-18.37.13:386][  0]LogConfig: Setting CVar [[r.SSR.Quality:3]]
[2023.11.23-18.37.13:386][  0]LogConfig: Setting CVar [[r.SSR.HalfResSceneColor:0]]
[2023.11.23-18.37.13:386][  0]LogConfig: Setting CVar [[r.SceneColorFormat:4]]
[2023.11.23-18.37.13:386][  0]LogConfig: Setting CVar [[r.DetailMode:2]]
[2023.11.23-18.37.13:386][  0]LogConfig: Setting CVar [[r.TranslucencyVolumeBlur:1]]
[2023.11.23-18.37.13:386][  0]LogConfig: Setting CVar [[r.MaterialQualityLevel:1 ; High quality]]
[2023.11.23-18.37.13:386][  0]LogConfig: Setting CVar [[r.AnisotropicMaterials:1]]
[2023.11.23-18.37.13:387][  0]LogConfig: Setting CVar [[r.SSS.Scale:1]]
[2023.11.23-18.37.13:387][  0]LogConfig: Setting CVar [[r.SSS.SampleSet:2]]
[2023.11.23-18.37.13:387][  0]LogConfig: Setting CVar [[r.SSS.Quality:1]]
[2023.11.23-18.37.13:387][  0]LogConfig: Setting CVar [[r.SSS.HalfRes:0]]
[2023.11.23-18.37.13:387][  0]LogConfig: Setting CVar [[r.SSGI.Quality:3]]
[2023.11.23-18.37.13:387][  0]LogConfig: Setting CVar [[r.EmitterSpawnRateScale:1.0]]
[2023.11.23-18.37.13:387][  0]LogConfig: Setting CVar [[r.ParticleLightQuality:2]]
[2023.11.23-18.37.13:387][  0]LogConfig: Setting CVar [[r.SkyAtmosphere.AerialPerspectiveLUT.FastApplyOnOpaque:1 ; Always have FastSkyLUT 1 in this case to avoid wrong sky]]
[2023.11.23-18.37.13:387][  0]LogConfig: Setting CVar [[r.SkyAtmosphere.AerialPerspectiveLUT.SampleCountMaxPerSlice:4]]
[2023.11.23-18.37.13:387][  0]LogConfig: Setting CVar [[r.SkyAtmosphere.AerialPerspectiveLUT.DepthResolution:16.0]]
[2023.11.23-18.37.13:387][  0]LogConfig: Setting CVar [[r.SkyAtmosphere.FastSkyLUT:1]]
[2023.11.23-18.37.13:387][  0]LogConfig: Setting CVar [[r.SkyAtmosphere.FastSkyLUT.SampleCountMin:4.0]]
[2023.11.23-18.37.13:387][  0]LogConfig: Setting CVar [[r.SkyAtmosphere.FastSkyLUT.SampleCountMax:128.0]]
[2023.11.23-18.37.13:387][  0]LogConfig: Setting CVar [[r.SkyAtmosphere.SampleCountMin:4.0]]
[2023.11.23-18.37.13:387][  0]LogConfig: Setting CVar [[r.SkyAtmosphere.SampleCountMax:128.0]]
[2023.11.23-18.37.13:387][  0]LogConfig: Setting CVar [[r.SkyAtmosphere.TransmittanceLUT.UseSmallFormat:0]]
[2023.11.23-18.37.13:387][  0]LogConfig: Setting CVar [[r.SkyAtmosphere.TransmittanceLUT.SampleCount:10.0]]
[2023.11.23-18.37.13:387][  0]LogConfig: Setting CVar [[r.SkyAtmosphere.MultiScatteringLUT.SampleCount:15.0]]
[2023.11.23-18.37.13:387][  0]LogConfig: Setting CVar [[r.SkyLight.RealTimeReflectionCapture:1]]
[2023.11.23-18.37.13:387][  0]LogConfig: Setting CVar [[fx.Niagara.QualityLevel:3]]
[2023.11.23-18.37.13:387][  0]LogConfig: Applying CVar settings from Section [FoliageQuality@3] File [C:/Users/User/Documents/GitHub/S390GameProj/Forest(Project)/Saved/Config/Windows/Scalability.ini]
[2023.11.23-18.37.13:387][  0]LogConfig: Setting CVar [[foliage.DensityScale:1.0]]
[2023.11.23-18.37.13:387][  0]LogConfig: Setting CVar [[grass.DensityScale:1.0]]
[2023.11.23-18.37.13:387][  0]LogConfig: Applying CVar settings from Section [ShadingQuality@3] File [C:/Users/User/Documents/GitHub/S390GameProj/Forest(Project)/Saved/Config/Windows/Scalability.ini]
[2023.11.23-18.37.13:387][  0]LogConfig: Setting CVar [[r.HairStrands.SkyLighting.IntegrationType:2]]
[2023.11.23-18.37.13:387][  0]LogConfig: Setting CVar [[r.HairStrands.SkyAO.SampleCount:4]]
[2023.11.23-18.37.13:387][  0]LogConfig: Setting CVar [[r.HairStrands.Visibility.MSAA.SamplePerPixel:4]]
[2023.11.23-18.37.13:387][  0]LogConfig: Applying CVar settings from Section [Startup] File [../../../Engine/Config/ConsoleVariables.ini]
[2023.11.23-18.37.13:387][  0]LogConfig: Setting CVar [[net.UseAdaptiveNetUpdateFrequency:0]]
[2023.11.23-18.37.13:387][  0]LogConfig: Setting CVar [[p.chaos.AllowCreatePhysxBodies:1]]
[2023.11.23-18.37.13:387][  0]LogConfig: Setting CVar [[fx.SkipVectorVMBackendOptimizations:1]]
[2023.11.23-18.37.13:387][  0]LogConfig: Applying CVar settings from Section [ConsoleVariables] File [C:/Users/User/Documents/GitHub/S390GameProj/Forest(Project)/Saved/Config/Windows/Engine.ini]
[2023.11.23-18.37.13:387][  0]LogConfig: Applying CVar settings from Section [ConsoleVariables] File [C:/Users/User/Documents/GitHub/S390GameProj/Forest(Project)/Saved/Config/Windows/Editor.ini]
[2023.11.23-18.37.13:387][  0]LogInit: Computer: DESKTOP-O540L15
[2023.11.23-18.37.13:387][  0]LogInit: User: User
[2023.11.23-18.37.13:387][  0]LogInit: CPU Page size=4096, Cores=24
[2023.11.23-18.37.13:387][  0]LogInit: High frequency timer resolution =10.000000 MHz
[2023.11.23-18.37.13:387][  0]LogMemory: Memory total: Physical=31.8GB (32GB approx)
[2023.11.23-18.37.13:387][  0]LogMemory: Platform Memory Stats for Windows
[2023.11.23-18.37.13:387][  0]LogMemory: Process Physical Memory: 158.19 MB used, 158.19 MB peak
[2023.11.23-18.37.13:387][  0]LogMemory: Process Virtual Memory: 144.63 MB used, 144.63 MB peak
[2023.11.23-18.37.13:387][  0]LogMemory: Physical Memory: 14202.80 MB used,  18337.14 MB free, 32539.94 MB total
[2023.11.23-18.37.13:387][  0]LogMemory: Virtual Memory: 134203112.00 MB used,  14618.24 MB free, 134217728.00 MB total
[2023.11.23-18.37.13:391][  0]LogWindows: WindowsPlatformFeatures enabled
[2023.11.23-18.37.13:417][  0]LogInit: Physics initialised using underlying interface: PhysX
[2023.11.23-18.37.13:417][  0]LogInit: Using OS detected language (en-US).
[2023.11.23-18.37.13:417][  0]LogInit: Using OS detected locale (en-US).
[2023.11.23-18.37.13:419][  0]LogTextLocalizationManager: No specific localization for 'en-US' exists, so the 'en' localization will be used.
[2023.11.23-18.37.13:530][  0]LogWindowsTextInputMethodSystem: Display: IME system deactivated.
[2023.11.23-18.37.13:580][  0]LogSlate: New Slate User Created.  User Index 0, Is Virtual User: 0
[2023.11.23-18.37.13:580][  0]LogSlate: Slate User Registered.  User Index 0, Is Virtual User: 0
[2023.11.23-18.37.13:612][  0]LogD3D11RHI: Loaded GFSDK_Aftermath_Lib.x64.dll
[2023.11.23-18.37.13:614][  0]LogHMD: Failed to initialize OpenVR with code 110
[2023.11.23-18.37.13:614][  0]LogD3D11RHI: D3D11 min allowed feature level: 11_0
[2023.11.23-18.37.13:614][  0]LogD3D11RHI: D3D11 max allowed feature level: 11_0
[2023.11.23-18.37.13:614][  0]LogD3D11RHI: D3D11 adapters:
[2023.11.23-18.37.13:681][  0]LogD3D11RHI:    0. 'NVIDIA GeForce RTX 4070 Ti' (Feature Level 11_0)
[2023.11.23-18.37.13:681][  0]LogD3D11RHI:       12010/0/16269 MB DedicatedVideo/DedicatedSystem/SharedSystem, Outputs:1, VendorId:0x10de
[2023.11.23-18.37.13:682][  0]LogD3D11RHI:    1. 'Microsoft Basic Render Driver' (Feature Level 11_0)
[2023.11.23-18.37.13:683][  0]LogD3D11RHI:       0/0/16269 MB DedicatedVideo/DedicatedSystem/SharedSystem, Outputs:0, VendorId:0x1414
[2023.11.23-18.37.13:683][  0]LogD3D11RHI: Chosen D3D11 Adapter:
[2023.11.23-18.37.13:683][  0]LogD3D11RHI:     Description : NVIDIA GeForce RTX 4070 Ti
[2023.11.23-18.37.13:683][  0]LogD3D11RHI:     VendorId    : 10de
[2023.11.23-18.37.13:683][  0]LogD3D11RHI:     DeviceId    : 2782
[2023.11.23-18.37.13:683][  0]LogD3D11RHI:     SubSysId    : 51391462
[2023.11.23-18.37.13:683][  0]LogD3D11RHI:     Revision    : 00a1
[2023.11.23-18.37.13:683][  0]LogD3D11RHI:     DedicatedVideoMemory : 12593397760 bytes
[2023.11.23-18.37.13:683][  0]LogD3D11RHI:     DedicatedSystemMemory : 0 bytes
[2023.11.23-18.37.13:683][  0]LogD3D11RHI:     SharedSystemMemory : 17060298752 bytes
[2023.11.23-18.37.13:683][  0]LogD3D11RHI:     AdapterLuid : 0 55066
[2023.11.23-18.37.13:693][  0]LogD3D11RHI: Creating new Direct3DDevice
[2023.11.23-18.37.13:693][  0]LogD3D11RHI:     GPU DeviceId: 0x2782 (for the marketing name, search the web for "GPU Device Id")
[2023.11.23-18.37.13:693][  0]LogWindows: EnumDisplayDevices:
[2023.11.23-18.37.13:693][  0]LogWindows:    0. 'NVIDIA GeForce RTX 4070 Ti' (P:1 D:1)
[2023.11.23-18.37.13:693][  0]LogWindows:    1. 'NVIDIA GeForce RTX 4070 Ti' (P:0 D:0)
[2023.11.23-18.37.13:693][  0]LogWindows:    2. 'NVIDIA GeForce RTX 4070 Ti' (P:0 D:0)
[2023.11.23-18.37.13:694][  0]LogWindows:    3. 'NVIDIA GeForce RTX 4070 Ti' (P:0 D:0)
[2023.11.23-18.37.13:694][  0]LogWindows: DebugString: FoundDriverCount:4 
[2023.11.23-18.37.13:694][  0]LogD3D11RHI:     Adapter Name: NVIDIA GeForce RTX 4070 Ti
[2023.11.23-18.37.13:694][  0]LogD3D11RHI:   Driver Version: 537.58 (internal:31.0.15.3758, unified:537.58)
[2023.11.23-18.37.13:694][  0]LogD3D11RHI:      Driver Date: 10-4-2023
[2023.11.23-18.37.13:694][  0]LogRHI: Texture pool is 8407 MB (70% of 12010 MB)
[2023.11.23-18.37.13:694][  0]LogD3D11RHI: Creating D3DDevice using adapter:
[2023.11.23-18.37.13:694][  0]LogD3D11RHI:     Description : NVIDIA GeForce RTX 4070 Ti
[2023.11.23-18.37.13:694][  0]LogD3D11RHI:     VendorId    : 10de
[2023.11.23-18.37.13:694][  0]LogD3D11RHI:     DeviceId    : 2782
[2023.11.23-18.37.13:694][  0]LogD3D11RHI:     SubSysId    : 51391462
[2023.11.23-18.37.13:694][  0]LogD3D11RHI:     Revision    : 00a1
[2023.11.23-18.37.13:694][  0]LogD3D11RHI:     DedicatedVideoMemory : 12593397760 bytes
[2023.11.23-18.37.13:694][  0]LogD3D11RHI:     DedicatedSystemMemory : 0 bytes
[2023.11.23-18.37.13:694][  0]LogD3D11RHI:     SharedSystemMemory : 17060298752 bytes
[2023.11.23-18.37.13:694][  0]LogD3D11RHI:     AdapterLuid : 0 55066
[2023.11.23-18.37.13:741][  0]LogD3D11RHI: RHI has support for 64 bit atomics
[2023.11.23-18.37.13:741][  0]LogD3D11RHI: Async texture creation enabled
[2023.11.23-18.37.13:741][  0]LogD3D11RHI: Array index from any shader is supported
[2023.11.23-18.37.13:762][  0]LogD3D11RHI: GPU Timing Frequency: 1000.000000 (Debug: 2 2)
[2023.11.23-18.37.13:776][  0]LogRHI: GeForceNow SDK initialized: 1
[2023.11.23-18.37.13:962][  0]LogTargetPlatformManager: Display: Loaded TargetPlatform 'WindowsNoEditor'
[2023.11.23-18.37.13:964][  0]LogTargetPlatformManager: Display: Loaded TargetPlatform 'Windows'
[2023.11.23-18.37.13:967][  0]LogTargetPlatformManager: Display: Loaded TargetPlatform 'WindowsClient'
[2023.11.23-18.37.13:970][  0]LogTargetPlatformManager: Display: Loaded TargetPlatform 'WindowsServer'
[2023.11.23-18.37.13:970][  0]LogTargetPlatformManager: Display: Building Assets For Windows
[2023.11.23-18.37.13:974][  0]LogAudioDebug: Display: Lib vorbis DLL was dynamically loaded.
[2023.11.23-18.37.13:994][  0]LogTextureFormatOodle: Display: Oodle Texture 2.9.0 init RDO Off
[2023.11.23-18.37.14:013][  0]LogRendererCore: Ray tracing is disabled. Reason: r.RayTracing=0.
[2023.11.23-18.37.14:013][  0]LogShaderCompilers: Guid format shader working directory is -30 characters bigger than the processId version (../../../../../../Users/User/Documents/GitHub/S390GameProj/Forest(Project)/Intermediate/Shaders/WorkingDirectory/16504/).
[2023.11.23-18.37.14:013][  0]LogShaderCompilers: Cleaned the shader compiler working directory 'C:/Users/User/AppData/Local/Temp/UnrealShaderWorkingDir/488B236D45E585B39FD66A8ADCB47A6C/'.
[2023.11.23-18.37.14:013][  0]LogXGEController: Cannot use XGE Controller as Incredibuild is not installed on this machine.
[2023.11.23-18.37.14:013][  0]LogShaderCompilers: Cannot use XGE Shader Compiler as Incredibuild is not installed on this machine.
[2023.11.23-18.37.14:013][  0]LogShaderCompilers: Display: Using Local Shader Compiler.
[2023.11.23-18.37.14:437][  0]LogDerivedDataCache: Display: Max Cache Size: 512 MB
[2023.11.23-18.37.14:475][  0]LogDerivedDataCache: Loaded boot cache 0.04s 105MB C:/Users/User/AppData/Local/UnrealEngine/4.27/DerivedDataCache/Boot.ddc.
[2023.11.23-18.37.14:475][  0]LogDerivedDataCache: Display: Loaded Boot cache: C:/Users/User/AppData/Local/UnrealEngine/4.27/DerivedDataCache/Boot.ddc
[2023.11.23-18.37.14:475][  0]LogDerivedDataCache: FDerivedDataBackendGraph:  Pak pak cache file ../../../../../../Users/User/Documents/GitHub/S390GameProj/Forest(Project)/DerivedDataCache/DDC.ddp not found, will not use a pak cache.
[2023.11.23-18.37.14:475][  0]LogDerivedDataCache: Unable to find inner node Pak for hierarchical cache Hierarchy.
[2023.11.23-18.37.14:475][  0]LogDerivedDataCache: FDerivedDataBackendGraph:  CompressedPak pak cache file ../../../../../../Users/User/Documents/GitHub/S390GameProj/Forest(Project)/DerivedDataCache/Compressed.ddp not found, will not use a pak cache.
[2023.11.23-18.37.14:475][  0]LogDerivedDataCache: Unable to find inner node CompressedPak for hierarchical cache Hierarchy.
[2023.11.23-18.37.14:486][  0]LogDerivedDataCache: Display: Pak cache opened for reading ../../../Engine/DerivedDataCache/Compressed.ddp.
[2023.11.23-18.37.14:486][  0]LogDerivedDataCache: FDerivedDataBackendGraph:  EnterprisePak pak cache file ../../../Enterprise/DerivedDataCache/Compressed.ddp not found, will not use a pak cache.
[2023.11.23-18.37.14:486][  0]LogDerivedDataCache: Unable to find inner node EnterprisePak for hierarchical cache Hierarchy.
[2023.11.23-18.37.14:499][  0]LogDerivedDataCache: Speed tests for C:/Users/User/AppData/Local/UnrealEngine/Common/DerivedDataCache took 0.01 seconds
[2023.11.23-18.37.14:499][  0]LogDerivedDataCache: Display: Performance to C:/Users/User/AppData/Local/UnrealEngine/Common/DerivedDataCache: Latency=0.02ms. RandomReadSpeed=2372.26MBs, RandomWriteSpeed=76.17MBs. Assigned SpeedClass 'Local'
[2023.11.23-18.37.14:500][  0]LogDerivedDataCache: Using Local data cache path C:/Users/User/AppData/Local/UnrealEngine/Common/DerivedDataCache: Writable
[2023.11.23-18.37.14:500][  0]LogDerivedDataCache: Shared data cache path not found in *engine.ini, will not use an Shared cache.
[2023.11.23-18.37.14:500][  0]LogDerivedDataCache: Unable to find inner node Shared for hierarchical cache Hierarchy.
[2023.11.23-18.37.14:518][  0]LogSlate: Using FreeType 2.10.0
[2023.11.23-18.37.14:518][  0]LogSlate: SlateFontServices - WITH_FREETYPE: 1, WITH_HARFBUZZ: 1
[2023.11.23-18.37.14:561][  0]LogInit: Using OS detected language (en-US).
[2023.11.23-18.37.14:561][  0]LogInit: Using OS detected locale (en-US).
[2023.11.23-18.37.14:561][  0]LogTextLocalizationManager: No localization for 'en-US' exists, so 'en' will be used for the language.
[2023.11.23-18.37.14:561][  0]LogTextLocalizationManager: No localization for 'en-US' exists, so 'en' will be used for the locale.
[2023.11.23-18.37.14:561][  0]LogSlate: FontCache flush requested. Reason: Culture for localization was changed
[2023.11.23-18.37.14:561][  0]LogSlate: FontCache flush requested. Reason: Culture for localization was changed
[2023.11.23-18.37.14:563][  0]LogTextLocalizationManager: Compacting localization data took   0.00ms
[2023.11.23-18.37.14:563][  0]LogAssetRegistry: FAssetRegistry took 0.0009 seconds to start up
[2023.11.23-18.37.14:649][  0]LogPackageLocalizationCache: Processed 29 localized package path(s) for 1 prioritized culture(s) in 0.000563 seconds
[2023.11.23-18.37.14:681][  0]LogInit: Selected Device Profile: [Windows]
[2023.11.23-18.37.14:681][  0]LogInit: Active device profile: [000001ECA69D6C00][000001EC9A290180 49] Windows
[2023.11.23-18.37.14:681][  0]LogInit: Profiles: [000001ECA69D6C00][000001EC9A290180 49] Windows, [000001ECA698D600][000001EC9A5CE300 49] WindowsNoEditor, [000001ECA69D5600][000001EC9A5D2480 49] WindowsServer, [000001ECA698E400][000001EC9A5D6600 49] WindowsClient, [000001ECA69D6300][000001EC9A5DA780 49] IOS, [000001ECA698EF00][000001EC9A5DE900 49] iPadAir, [000001ECA69D7200][000001EC9A5E2A80 49] iPadAir2, [000001ECA6943300][000001EC9EEB4D40 49] IPadPro, [000001ECA6943400][000001EC9EEB0D80 49] iPadAir3, [000001ECA69D5000][000001EC9EEB8F00 49] iPadAir4, [000001ECA6941B00][000001EC9EEBD080 49] iPadMini2, [000001ECA69D7F00][000001EC9EEC1200 49] iPadMini3, [000001ECA6941600][000001EC9EEC5380 49] iPadMini4, [000001ECA69D4700][000001EC9EEC9500 49] iPadMini5, [000001ECA6982800][000001EC9EED17C0 49] iPhone6, [000001ECA6982900][000001EC9EECD800 49] iPodTouch6, [000001ECA6940C00][000001EC9EED5A40 49] iPhone7, [000001ECA6940B00][000001EC9A295A80 49] iPodTouch7, [000001ECA6981A00][000001EC9EED9BC0 49] iPhone5S, [000001ECA6942B00][000001EC9EEDC180 49] iPhone6Plus, [000001ECA6982B00][000001EC9EEE4300 49] iPhone6S, [000001ECA6943000][000001EC9EEE8480 49] iPhone6SPlus, [000001ECA6982500][000001EC9EEEC600 49] iPhone7Plus, [000001ECA6941100][000001EC9EEF0780 49] iPhoneSE, [000001ECA6980100][000001EC9EEF4900 49] iPhone8, [000001ECA6942100][000001EC9EEF8A80 49] iPhone8Plus, [000001ECA6981200][000001EC8511CC00 49] iPhoneX, [000001ECA6940400][000001EC85120D80 49] iPhoneXS, [000001ECA6982000][000001EC85124F00 49] iPhoneXSMax, [000001ECA6943F00][000001EC85129080 49] iPhoneXR, [000001ECA6983000][000001EC8512D200 49] iPhone11, [000001ECA6941200][000001EC85131380 49] iPhone11Pro, [000001ECA6980700][000001EC85135500 49] iPhone11ProMax, [000001ECA6940200][000001EC85139680 49] iPhoneSE2, [000001ECA6983F00][000001EC8513D800 49] iPhone12Mini, [000001ECA6940600][000001EC85141980 49] iPhone12, [000001ECA6980500][000001EC9EEE1AC0 49] iPhone12Pro, [000001ECA6941300][000001EC85145C00 49] iPhone12ProMax, [000001ECA6983700][000001EC851481C0 49] iPadPro105, [000001ECA6943A00][000001EC9F1F2300 49] iPadPro129, [000001ECA6980900][000001EC9F1FA480 49] iPadPro97, [000001ECA6941400][000001EC9F1FE600 49] iPadPro2_129, [000001ECA6981E00][000001EC9F202780 49] iPad5, [000001ECA6943D00][000001EC9F206900 49] iPad6, [000001ECA6980C00][000001EC9F20AA80 49] iPad7, [000001ECA6941500][000001EC9F20EC00 49] iPad8, [000001ECA6981600][000001EC9F212D80 49] iPadPro11, [000001ECA6940A00][000001EC9F216F00 49] iPadPro2_11, [000001ECA6981500][000001EC9F21B080 49] iPadPro3_129, [000001ECA6A28700][000001EC9F21F200 49] iPadPro4_129, [000001ECA698F800][000001EC9F223380 49] AppleTV, [000001ECA6A28900][000001EC9F227500 49] AppleTV4K, [000001ECA698EB00][000001EC9F22B680 49] TVOS, [000001ECA6A28D00][000001EC9F22F800 49] Mac, [000001ECA698F400][000001EC9F233980 49] MacClient, [000001ECA6A29800][000001EC9F237B00 49] MacNoEditor, [000001ECA698C300][000001EC9F23A100 49] MacServer, [000001ECA6A29600][000001EC9F1F6240 49] Linux, [000001ECA698D800][000001EC9F23E380 49] LinuxAArch64, [000001ECA6A29400][000001EC9F2424C0 49] LinuxNoEditor, [000001ECA698E200][000001EC9F24A640 49] LinuxAArch64NoEditor, [000001ECA6A28B00][000001EC9F24E7C0 49] LinuxClient, [000001ECA698CD00][000001EC9F252940 49] LinuxAArch64Client, [000001ECA6A28F00][000001EC9F256AC0 49] LinuxServer, [000001ECA698CB00][000001EC9F25AC40 49] LinuxAArch64Server, [000001ECA6981D00][000001EC9F25EDC0 49] Android, [000001ECA6940D00][000001EC9F262F40 49] Android_Low, [000001ECA6980800][000001EC9F2670C0 49] Android_Mid, [000001ECA6942E00][000001EC9F26B240 49] Android_High, [000001ECA6980400][000001EC9EC1F3C0 49] Android_Default, [000001ECA6941E00][000001EC9EC23540 49] Android_Adreno4xx, [000001ECA6981F00][000001EC9EC276C0 49] Android_Adreno5xx_Low, [000001ECA6943100][000001EC9EC2B840 49] Android_Adreno5xx, [000001ECA6981700][000001EC9EC2F9C0 49] Android_Adreno6xx, [000001ECA6942800][000001EC9EC33B40 49] Android_Adreno6xx_Vulkan, [000001ECA6981B00][000001EC9EC36140 49] Android_Mali_T6xx, [000001ECA6940800][000001EC9EC3A2C0 49] Android_Mali_T7xx, [000001ECA6983B00][000001EC9F246400 49] Android_Mali_T8xx, [000001ECA6943700][000001EC9EC3E540 49] Android_Mali_G71, [000001ECA6982200][000001EC9EC42680 49] Android_Mali_G72, [000001ECA6940F00][000001EC9EC467C0 49] Android_Mali_G72_Vulkan, [000001ECA6980A00][000001EC9EC4E940 49] Android_Mali_G76, [000001ECA6940700][000001EC9EC52AC0 49] Android_Mali_G76_Vulkan, [000001ECA6983D00][000001EC9EC56C40 49] Android_Mali_G77, [000001ECA6941700][000001EC9EC5ADC0 49] Android_Mali_G77_Vulkan, [000001ECA6982400][000001EC9EC5EF40 49] Android_Mali_G78, [000001ECA6943C00][000001EC9EC630C0 49] Android_Mali_G78_Vulkan, [000001ECA6A28200][000001EC9EC67240 49] Android_Mali_G710, [000001ECA6942D00][000001EC9EC6B3C0 49] Android_Mali_G710_Vulkan, [000001ECA6A29A00][000001EC9EC6F540 49] Android_Vulkan_SM5, [000001ECA6942A00][000001EC9EC736C0 49] Android_PowerVR_G6xxx, [000001ECA6A29D00][000001EC9EC77840 49] Android_PowerVR_GT7xxx, [000001ECA6942500][000001EC9EC7B9C0 49] Android_PowerVR_GE8xxx, [000001ECA6A29200][000001EC9EC7FB40 49] Android_PowerVR_GM9xxx, [000001ECA6942600][000001EC9EC82140 49] Android_PowerVR_GM9xxx_Vulkan, [000001ECA6982D00][000001EC9EC862C0 49] Android_TegraK1, [000001ECA6943800][000001EC9EC8A440 49] Android_Unknown_Vulkan, [000001ECA6981C00][000001EC9EC4A580 49] Lumin, [000001ECA6941F00][000001EC9EC8E6C0 49] Lumin_Desktop, [000001ECA6983200][000001EC9EC92800 49] HoloLens, 
[2023.11.23-18.37.14:748][  0]LogMeshReduction: Using QuadricMeshReduction for automatic static mesh reduction
[2023.11.23-18.37.14:748][  0]LogMeshReduction: Using SimplygonMeshReduction for automatic skeletal mesh reduction
[2023.11.23-18.37.14:748][  0]LogMeshReduction: Using ProxyLODMeshReduction for automatic mesh merging
[2023.11.23-18.37.14:748][  0]LogMeshReduction: No distributed automatic mesh merging module available
[2023.11.23-18.37.14:748][  0]LogMeshMerging: No distributed automatic mesh merging module available
[2023.11.23-18.37.14:783][  0]LogNetVersion: OpenWorldMap 1.0.0, NetCL: 17155196, EngineNetVer: 17, GameNetVer: 0 (Checksum: 1785250455)
[2023.11.23-18.37.14:901][  0]LogTexture: Default maximum texture size for cubemaps generated from long-lat sources has been changed from 512 to unlimited. In order to preserve old behaiour for '/Engine/MapTemplates/Sky/DaylightAmbientCubemap.DaylightAmbientCubemap', its maximum texture size has been explicitly set to 512.
[2023.11.23-18.37.14:932][  0]LogHMD: PokeAHoleMaterial loaded successfully
[2023.11.23-18.37.15:000][  0]LogMoviePlayer: Initializing movie player
[2023.11.23-18.37.15:075][  0]LogNiagaraDebuggerClient: Niagara Debugger Client Initialized | Session: 9AF7A7EB428E21B4568AEB9D56221466 | Instance: E808A425404877595A8BED8385456F45 (DESKTOP-O540L15-16504).
[2023.11.23-18.37.15:086][  0]LogCollectionManager: Loaded 0 collections in 0.000929 seconds
[2023.11.23-18.37.15:088][  0]LogFileCache: Scanning file cache for directory 'C:/Users/User/Documents/GitHub/S390GameProj/Forest(Project)/Saved/Collections/' took 0.00s
[2023.11.23-18.37.15:088][  0]LogFileCache: Scanning file cache for directory 'C:/Users/User/Documents/GitHub/S390GameProj/Forest(Project)/Content/Developers/User/Collections/' took 0.00s
[2023.11.23-18.37.15:088][  0]LogFileCache: Scanning file cache for directory 'C:/Users/User/Documents/GitHub/S390GameProj/Forest(Project)/Content/Collections/' took 0.00s
[2023.11.23-18.37.15:088][  0]LogCollectionManager: Fixed up redirectors for 0 collections in 0.000001 seconds (updated 0 objects)
[2023.11.23-18.37.15:149][  0]LogPython: Using Python 3.7.7
[2023.11.23-18.37.15:366][  0]LogTcpMessaging: Initializing TcpMessaging bridge
[2023.11.23-18.37.15:368][  0]LogUdpMessaging: Initializing bridge on interface 0.0.0.0:0 to multicast group 230.0.0.1:6666.
[2023.11.23-18.37.15:418][  0]SourceControl: Source control is disabled
[2023.11.23-18.37.15:418][  0]SourceControl: Source control is disabled
[2023.11.23-18.37.15:423][  0]SourceControl: Source control is disabled
[2023.11.23-18.37.15:427][  0]LogUProjectInfo: Found projects:
[2023.11.23-18.37.15:428][  0]LogVSAccessor: Display: Unable to create Visual Studio setup instance: 80040154
[2023.11.23-18.37.15:429][  0]LogVSAccessor: Display: Unable to create Visual Studio setup instance: 80040154
[2023.11.23-18.37.15:430][  0]LogVSAccessor: Display: Unable to create Visual Studio setup instance: 80040154
[2023.11.23-18.37.15:478][  0]LogOpenImageDenoise: OIDN starting up
[2023.11.23-18.37.15:492][  0]LogAndroidPermission: UAndroidPermissionCallbackProxy::GetInstance
[2023.11.23-18.37.15:507][  0]LogAudioCaptureCore: Display: No Audio Capture implementations found. Audio input will be silent.
[2023.11.23-18.37.15:507][  0]LogAudioCaptureCore: Display: No Audio Capture implementations found. Audio input will be silent.
[2023.11.23-18.37.15:545][  0]LogOcInput: OculusInput pre-init called
[2023.11.23-18.37.15:550][  0]LogUObjectArray: 22330 objects as part of root set at end of initial load.
[2023.11.23-18.37.15:550][  0]LogUObjectAllocator: 6077872 out of 0 bytes used by permanent object pool.
[2023.11.23-18.37.15:550][  0]LogUObjectArray: CloseDisregardForGC: 0/0 objects in disregard for GC pool
[2023.11.23-18.37.15:580][  0]LogEngine: Initializing Engine...
[2023.11.23-18.37.15:581][  0]LogHMD: Failed to enumerate extensions. Please check that you have a valid OpenXR runtime installed.
[2023.11.23-18.37.15:581][  0]LogHMD: Failed to initialize OpenVR with code 110
[2023.11.23-18.37.15:581][  0]LogMagicLeap: Warning: VR disabled because ZI is not enabled.  To enable, in the editor, Edit -> Project Settings -> Plugins -> Magic Leap Plugin -> Enable Zero Iteration
[2023.11.23-18.37.15:582][  0]LogStats: UGameplayTagsManager::InitializeManager -  0.000 s
[2023.11.23-18.37.15:634][  0]LogInit: Initializing FReadOnlyCVARCache
[2023.11.23-18.37.15:634][  0]LogAudio: Display: Initializing Audio Device Manager...
[2023.11.23-18.37.15:637][  0]LogAudio: Display: Loading Default Audio Settings Objects...
[2023.11.23-18.37.15:637][  0]LogAudio: Display: No default SoundConcurrencyObject specified (or failed to load).
[2023.11.23-18.37.15:637][  0]LogAudio: Display: Audio Device Manager Initialized
[2023.11.23-18.37.15:637][  0]LogAudio: Display: Creating Audio Device:                 Id: 1, Scope: Shared, Realtime: True
[2023.11.23-18.37.15:637][  0]LogAudioMixer: Display: Audio Mixer Platform Settings:
[2023.11.23-18.37.15:637][  0]LogAudioMixer: Display: 	Sample Rate:						  48000
[2023.11.23-18.37.15:637][  0]LogAudioMixer: Display: 	Callback Buffer Frame Size Requested: 1024
[2023.11.23-18.37.15:637][  0]LogAudioMixer: Display: 	Callback Buffer Frame Size To Use:	  1024
[2023.11.23-18.37.15:637][  0]LogAudioMixer: Display: 	Number of buffers to queue:			  2
[2023.11.23-18.37.15:637][  0]LogAudioMixer: Display: 	Max Channels (voices):				  32
[2023.11.23-18.37.15:637][  0]LogAudioMixer: Display: 	Number of Async Source Workers:		  0
[2023.11.23-18.37.15:637][  0]LogAudio: Display: AudioDevice MaxSources: 32
[2023.11.23-18.37.15:637][  0]LogAudio: Display: Audio Spatialization Plugin: None (built-in).
[2023.11.23-18.37.15:637][  0]LogAudio: Display: Audio Reverb Plugin: None (built-in).
[2023.11.23-18.37.15:637][  0]LogAudio: Display: Audio Occlusion Plugin: None (built-in).
[2023.11.23-18.37.15:637][  0]LogAudioMixer: Display: Initializing audio mixer.
[2023.11.23-18.37.15:644][  0]LogAudioMixer: Display: 0: FrontLeft
[2023.11.23-18.37.15:644][  0]LogAudioMixer: Display: 1: FrontRight
[2023.11.23-18.37.15:653][  0]LogAudioMixer: Display: Using Audio Device 喇叭 (Realtek USB Audio)
[2023.11.23-18.37.15:655][  0]LogAudioMixer: Display: Initializing Sound Submixes...
[2023.11.23-18.37.15:656][  0]LogAudioMixer: Display: Creating Master Submix 'MasterSubmixDefault'
[2023.11.23-18.37.15:656][  0]LogAudioMixer: Display: Creating Master Submix 'MasterReverbSubmixDefault'
[2023.11.23-18.37.15:657][  0]LogAudioMixer: Display: Creating Master Submix 'MasterEQSubmixDefault'
[2023.11.23-18.37.15:657][  0]LogAudioMixer: FMixerPlatformXAudio2::StartAudioStream() called
[2023.11.23-18.37.15:657][  0]LogAudioMixer: Display: Output buffers initialized: Frames=1024, Channels=2, Samples=2048
[2023.11.23-18.37.15:657][  0]LogAudioMixer: Display: Starting AudioMixerPlatformInterface::RunInternal()
[2023.11.23-18.37.15:657][  0]LogAudioMixer: Display: FMixerPlatformXAudio2::SubmitBuffer() called for the first time
[2023.11.23-18.37.15:657][  0]LogInit: FAudioDevice initialized.
[2023.11.23-18.37.15:658][  0]LogNetVersion: Set ProjectVersion to 1.0.0.0. Version Checksum will be recalculated on next use.
[2023.11.23-18.37.15:659][  0]LogInit: Texture streaming: Enabled
[2023.11.23-18.37.15:695][  0]LogAudio: Display: Audio Device (ID: 1) registered with world 'Untitled'.
[2023.11.23-18.37.15:696][  0]LogSlate: Updating window title bar state: overlay mode, drag disabled, window buttons hidden, title bar hidden
[2023.11.23-18.37.15:696][  0]LogInit: Display: Game Engine Initialized.
[2023.11.23-18.37.15:696][  0]LogNiagaraEditor: GEditor isn't valid! Particle reset commands will not work for Niagara components!
[2023.11.23-18.37.15:758][  0]LogInit: Display: Starting Game.
[2023.11.23-18.37.15:758][  0]LogNet: Browse: /Game/FirstPersonBP/Maps/FirstPersonExampleMap?Name=Player
[2023.11.23-18.37.15:758][  0]LogLoad: LoadMap: /Game/FirstPersonBP/Maps/FirstPersonExampleMap?Name=Player
[2023.11.23-18.37.15:758][  0]LogWorld: BeginTearingDown for /Temp/Untitled_0
[2023.11.23-18.37.15:759][  0]LogWorld: UWorld::CleanupWorld for Untitled, bSessionEnded=true, bCleanupResources=true
[2023.11.23-18.37.15:759][  0]LogSlate: InvalidateAllWidgets triggered.  All widgets were invalidated
[2023.11.23-18.37.15:763][  0]LogAudio: Display: Audio Device unregistered from world 'None'.
[2023.11.23-18.37.15:764][  0]LogUObjectHash: Compacting FUObjectHashTables data took   0.41ms
[2023.11.23-18.37.15:899][  0]LogUObjectGlobals: Warning: [AssetLog] C:\Users\User\Documents\GitHub\S390GameProj\Forest(Project)\Content\DreamscapeSeries\SharedResources\Mannequin\Character\Mesh\SK_Mannequin.uasset: Failed to load '/Game/DreamscapeSeries/SharedResources/Mannequin/Character/Materials/M_UE4Man_Body': Can't find file.
[2023.11.23-18.37.15:899][  0]LogUObjectGlobals: Warning: [AssetLog] C:\Users\User\Documents\GitHub\S390GameProj\Forest(Project)\Content\DreamscapeSeries\SharedResources\Mannequin\Character\Mesh\SK_Mannequin.uasset: Failed to load '/Game/DreamscapeSeries/SharedResources/Mannequin/Character/Materials/M_UE4Man_ChestLogo': Can't find file.
[2023.11.23-18.37.16:018][  0]LogAudio: Display: Audio Device (ID: 1) registered with world 'FirstPersonExampleMap'.
[2023.11.23-18.37.16:024][  0]LogAIModule: Creating AISystem for world FirstPersonExampleMap
[2023.11.23-18.37.16:024][  0]LogLoad: Game class is 'FirstPersonGameMode_C'
[2023.11.23-18.37.16:028][  0]LogWorld: Bringing World /Game/FirstPersonBP/Maps/FirstPersonExampleMap.FirstPersonExampleMap up for play (max tick rate 0) at 2023.11.24-02.37.16
[2023.11.23-18.37.16:028][  0]LogWorld: Bringing up level for play took: 0.003854
[2023.11.23-18.37.16:031][  0]LogLoad: Took 0.272613 seconds to LoadMap(/Game/FirstPersonBP/Maps/FirstPersonExampleMap)
[2023.11.23-18.37.16:165][  0]LogSlate: Took 0.000124 seconds to synchronously load lazily loaded font '../../../Engine/Content/Slate/Fonts/Roboto-Regular.ttf' (155K)
[2023.11.23-18.37.16:229][  0]LogRenderer: Reallocating scene render targets to support 1280x720 Format 10 NumSamples 1 (Frame:1).
[2023.11.23-18.37.16:229][  0]LogInit: Display: Engine is initialized. Leaving FEngineLoop::Init()
[2023.11.23-18.37.16:229][  0]LogLoad: (Engine Initialization) Total time: 3.51 seconds
[2023.11.23-18.37.16:229][  0]LogLoad: (Engine Initialization) Total Blueprint compile time: 0.00 seconds
[2023.11.23-18.37.16:230][  0]LogContentStreaming: Texture pool size now 1000 MB
[2023.11.23-18.37.16:231][  0]LogSlate: InvalidateAllWidgets triggered.  All widgets were invalidated
[2023.11.23-18.37.16:233][  0]LogRenderer: Reallocating scene render targets to support 128x128 Format 10 NumSamples 1 (Frame:1).
[2023.11.23-18.37.16:245][  0]LogRenderer: Reallocating scene render targets to support 1280x720 Format 10 NumSamples 1 (Frame:2).
[2023.11.23-18.37.16:267][  1]LogSlate: Took 0.000101 seconds to synchronously load lazily loaded font '../../../Engine/Content/Slate/Fonts/Roboto-Regular.ttf' (155K)
